3.346601
3.369461
3.370333
3.373122
3.372712
3.372628
3.372551
3.372466
3.372379
3.372315
3.372224
3.372141
3.372073
3.371984
3.371890
3.371820
3.371700
3.371627
3.371537
3.371458
3.371358
3.371265
3.371172
3.371077
3.371012
3.370957
3.370856
3.370772
3.370663
3.370571
3.370461
3.370382
3.370337
3.370276
3.370216
3.370120
3.370015
3.369867
3.369755
3.369678
3.369576
3.369466
3.369355
3.369246
3.369116
3.369007
3.368903
3.368832
3.368714
3.368572
3.368466
3.368379
3.368241
3.368142
3.368077
3.367928
3.367821
3.367746
3.367640
3.367529
3.367410
3.367289
3.367144
3.367049
3.366913
3.366808
3.366696
3.366576
3.366486
3.366368
3.366248
3.372532
