3.346601
3.369461
3.370333
3.373122
3.372712
3.372628
3.372551
3.372466
3.372379
3.372315
3.372224
3.372141
3.372073
3.371984
3.371890
3.371820
3.371700
3.371627
3.371537
3.371458
3.371358
3.371265
3.371172
3.371077
3.371012
3.370957
3.370856
3.370772
3.370663
3.370571
3.370461
3.370382
3.370337
3.370276
3.370216
3.370120
3.370015
3.369867
3.369755
3.369678
3.369576
3.369466
3.369355
3.369246
3.369116
3.369007
3.368903
3.368832
3.368714
3.368572
3.368466
3.368379
3.368241
3.368142
3.368077
3.367928
3.367821
3.367746
3.367640
3.367529
3.367410
3.367289
3.367144
3.367049
3.366913
3.366808
3.366696
3.366576
3.366486
3.366368
3.366248
3.372532
3.373108
3.372397
3.370207
3.369832
3.369788
3.369729
3.369669
3.369586
3.369502
3.369406
3.369318
3.369231
3.369150
3.369066
3.368962
3.368935
3.368870
3.368785
3.368717
3.368640
3.368560
3.533188
3.532206
3.531223
3.530206
3.529171
3.528119
3.527030
3.525911
3.524753
3.370200
3.368464
3.366859
3.365244
3.363696
3.361941
3.360269
3.358635
3.357022
3.355338
3.353626
3.351928
3.350263
3.348536
3.346769
3.345005
3.343116
3.341315
3.339582
3.337749
3.335996
3.334132
3.332364
3.330499
3.328649
3.326865
3.324911
3.323017
3.321131
3.319100
3.317169
3.315402
3.313302
3.311296
3.309316
3.307407
3.305372
3.303304
3.301261
3.299123
3.297012
3.294939
3.292886
3.290749
3.288544
3.286444
3.284387
3.282181
3.280094
3.277921
3.275856
3.273599
3.271431
3.269312
3.267280
3.265087
3.262891
3.260378
3.258067
3.255822
3.253486
3.251261
3.249018
3.246720
3.244440
3.241988
3.239477
3.237167
3.234608
3.232260
3.229773
3.227336
3.224825
3.222390
3.220054
3.217796
3.215021
3.212936
3.210240
3.207555
3.205097
3.202766
3.199863
3.197460
3.195168
3.192562
3.189673
3.187403
3.184504
3.182149
3.179884
3.176880
3.174478
3.172134
3.169271
3.166721
3.163490
3.160836
3.158021
3.155562
3.321984
3.319946
3.318115
3.316253
3.314402
3.312547
3.310698
3.308864
3.306982
3.305103
3.303194
3.301275
3.299363
3.297413
3.295463
3.293521
3.291476
3.289460
3.287478
3.285480
3.283455
3.281363
3.279298
3.277216
3.275128
3.272992
3.270926
3.268877
3.266752
3.264635
3.262500
3.260351
3.258208
3.256011
3.253856
3.251731
3.249529
3.247339
3.245204
3.242973
3.240771
3.238464
3.236275
3.234048
3.231830
3.229558
3.227293
3.224981
3.222704
3.220405
3.218238
3.215799
3.213582
3.211253
3.209087
3.206830
3.204440
3.202182
3.199813
3.197552
3.195228
3.192901
3.190493
3.188175
3.185694
3.183251
3.180933
3.178495
3.176185
3.173816
3.171422
3.168954
3.166521
3.164137
3.161707
3.159408
3.157185
3.154641
3.152250
3.149953
3.147603
3.145178
3.142678
3.140400
3.138045
3.135633
3.133344
3.130963
3.128570
3.125979
3.123641
3.121047
3.118704
3.116160
3.113600
3.111206
3.108862
3.106408
3.104007
3.101347
