3.279514
3.270106
3.267489
3.264895
3.262297
3.259683
3.256807
3.254270
3.251831
3.249433
3.247038
3.244942
3.242411
3.239964
3.237612
3.235271
3.232709
3.230149
3.227632
3.225485
3.224481
3.220987
3.218681
3.217673
3.215254
3.213762
3.208178
3.208693
3.202684
3.200316
3.198058
3.195320
3.192990
3.190992
3.188857
3.186180
3.183722
3.179451
3.178292
3.176266
3.173752
3.171275
3.166878
3.163353
3.160674
3.157889
3.155587
3.151538
3.153344
3.145675
3.144426
3.142246
3.138301
3.136406
3.133742
3.137217
3.134711
3.132667
3.129845
3.127884
3.125367
3.123068
3.120661
3.119491
3.117477
3.115116
3.112405
3.107874
3.091889
3.088253
3.085103
3.082401
3.079907
3.077014
3.075073
3.070505
3.067799
3.064875
3.062284
3.061684
3.059261
3.055031
3.051678
3.048045
3.047239
3.044804
3.040293
3.038364
3.035643
3.032821
3.030082
3.027370
3.025248
3.021762
3.018954
3.015314
3.011803
3.009344
3.006652
3.003911
3.264723
3.256360
3.253747
3.250990
3.248450
3.245804
3.243284
3.241184
3.238499
3.235662
3.233346
3.230833
3.228287
3.225842
3.223145
3.220900
3.218711
3.216093
3.213678
3.211022
3.208676
3.206117
3.203481
3.201258
3.198693
3.197784
3.195366
3.190882
3.188263
3.187819
3.184965
3.182420
3.179673
3.177290
3.174709
3.171988
3.169473
3.167485
3.164997
3.161970
3.159240
3.156725
3.153948
3.151195
3.148536
3.145942
3.142876
3.139636
3.137079
3.134294
3.132016
3.130023
3.127308
3.123695
3.118607
3.115876
3.112884
3.110051
3.107413
3.104646
3.101375
3.096856
3.094055
3.091555
3.088752
3.086300
3.083494
3.080477
3.077883
3.074878
3.071829
3.069159
3.066126
3.063290
3.060456
3.057781
3.055012
3.052251
3.047718
3.045315
3.042678
3.039919
3.037271
3.033868
3.031976
3.030300
3.027852
3.024783
3.022832
3.020085
3.017618
3.015009
3.012457
3.011116
3.008618
3.005528
3.004618
3.000764
2.997598
2.995440
2.993358
2.990473
2.988864
2.986926
2.985708
2.981959
2.980303
2.976526
2.974887
2.972303
2.971788
2.969218
2.968877
2.967912
2.963231
2.961189
2.955326
2.953342
2.948099
2.944644
2.945657
2.939800
2.932660
2.932399
2.930552
2.928980
2.926084
2.916563
2.918869
2.917093
2.912543
2.904717
2.902325
2.898529
2.896096
2.893639
2.892298
2.890015
2.884673
2.884514
2.881312
2.874822
2.872520
2.869147
2.864573
2.863726
2.859369
2.859338
2.857231
2.851387
2.846650
2.845086
2.843428
2.837252
2.834280
2.831954
2.827614
2.825400
2.822455
2.819184
2.816869
2.814154
2.811881
2.809023
2.808442
2.805269
2.801158
2.793066
2.790706
2.788515
2.785819
2.782804
2.782044
2.777379
2.775520
2.772888
2.769237
2.766461
2.761865
2.759872
2.757583
2.756005
2.752064
2.750279
2.745184
2.745704
2.747836
2.746018
2.739665
2.732135
2.731760
2.732818
2.725638
2.726334
2.724530
2.722119
2.719819
2.713653
2.709985
2.708920
2.705635
2.704332
2.700836
2.701746
2.696366
2.695115
2.687961
2.686131
2.682376
2.679492
2.679412
2.680200
2.679070
2.672376
2.668982
2.666508
2.662904
2.661305
2.659177
2.661379
2.659265
2.659049
2.654911
2.653809
2.651571
2.649236
2.647132
2.645519
2.643976
2.642021
2.638501
2.636208
2.634930
2.632993
2.631471
2.628376
2.627908
2.626247
2.624559
2.622895
2.620859
2.616603
2.613918
2.611601
2.610228
2.607972
2.602292
2.603027
2.600277
2.598213
2.594684
2.594142
2.591364
2.589781
2.589598
2.587351
2.582900
2.580669
2.578079
2.576074
2.574685
2.573237
2.571900
2.570772
2.570903
2.568704
2.565961
2.563948
2.562308
2.561378
2.560160
2.557901
2.554787
2.552837
2.551742
2.550649
2.550028
2.548278
2.546168
2.545317
2.543519
2.542547
2.541451
2.539461
2.538673
2.538287
2.536259
2.532453
2.530110
2.523229
2.520033
2.519297
2.518282
2.515825
2.515079
2.514298
2.514106
2.514236
2.513857
2.513667
2.513512
2.513341
2.513242
2.513181
2.513154
2.513156
2.513186
2.513240
2.513316
2.513412
2.513524
2.513651
2.513791
2.513815
2.514000
2.516051
2.516487
2.515742
2.515934
2.516099
2.516240
2.516379
2.516518
2.516657
2.516795
2.516933
2.517072
2.517210
2.517347
2.517485
2.517623
2.517760
2.517897
2.518034
2.518171
2.518308
2.518444
2.518580
2.518717
2.518853
2.518989
2.519124
2.519260
2.519395
2.519531
2.519666
2.519801
2.519935
2.520070
2.520204
2.520339
2.520473
2.520607
2.520741
2.520874
2.521008
2.521141
2.521274
2.521407
2.521540
2.521673
2.521806
2.521938
2.522070
2.522202
2.522334
2.522466
2.522598
2.522729
2.522861
2.522992
2.523123
2.523254
2.523384
2.523515
2.523645
2.523775
2.523906
2.524036
2.524165
2.524295
2.524424
2.524554
2.524683
2.524812
2.524941
2.525070
2.525198
2.525327
2.525455
2.525583
2.525711
2.525839
2.525966
2.526094
2.526221
2.526348
2.526475
2.526602
2.526729
2.526856
2.526982
2.527108
2.527235
2.527361
2.527487
2.527612
2.527738
2.527863
2.527988
2.528114
2.528239
2.528363
2.528488
2.528613
2.528737
2.528861
2.528985
2.529109
2.529233
2.529357
2.529480
2.529604
2.529727
2.529850
2.529973
2.530096
2.530218
2.530341
2.530463
2.530585
2.530707
2.530829
2.530951
2.531073
2.531194
2.531315
2.531437
2.531558
2.531679
2.531799
2.531920
2.532040
2.532161
2.532281
2.532401
2.532521
2.532641
2.532760
2.532880
2.532999
2.533118
2.533237
2.533356
2.533475
2.533594
2.533712
2.533831
2.533949
2.534067
2.534185
2.534303
2.534420
2.534538
2.534655
2.534772
2.534889
2.535006
2.535123
2.535240
2.535356
2.535473
2.535589
2.535705
2.535821
2.535937
2.536053
2.536168
2.536284
2.536399
2.536514
2.536629
2.536744
2.536859
2.536974
2.537088
2.537202
2.537317
2.537431
2.537545
2.537658
2.537772
2.537886
3.285737
3.274536
3.272036
3.269381
3.266716
3.264321
3.261618
3.259094
3.256625
3.253660
3.251414
3.249388
3.246391
3.243553
3.241498
3.239047
3.236413
3.233361
3.230730
3.228347
3.226904
3.223987
3.221526
3.218895
3.216126
3.213669
3.210704
3.207930
3.205347
3.289963
3.284185
3.285330
3.286216
3.287507
3.288288
3.289628
3.290867
3.292005
3.293387
3.294533
3.295724
3.296957
3.298021
3.298838
3.299946
3.301157
3.301635
3.302858
3.303765
3.304723
3.305372
3.306315
3.305731
3.306606
3.307416
3.308189
3.308703
3.309327
3.309848
3.310747
3.311356
3.311784
3.312380
3.312869
3.313601
3.314150
3.314456
3.314908
3.315217
3.314290
3.314575
3.314978
3.315341
3.315533
3.316073
3.316410
3.276421
3.270585
3.270144
3.269716
3.269356
3.268786
3.268470
3.267776
3.267348
3.266897
3.266317
3.265918
3.265566
3.265227
3.264817
3.264441
3.264018
3.263689
3.263198
3.262731
3.262328
3.261902
3.261453
3.261209
3.260804
3.260291
3.259867
3.259460
3.259043
3.258468
3.258081
3.257666
3.257091
3.256661
3.256224
3.255771
3.255377
3.254947
3.254627
3.254174
3.253689
3.253208
3.252797
3.252412
3.251992
3.251454
3.251311
3.250864
3.250569
3.250072
3.249658
3.249375
3.248851
3.248307
3.247991
3.247601
3.247126
3.246673
3.246252
3.245944
3.245655
3.245175
3.244707
3.272368
3.265052
3.262383
3.259812
3.257314
3.254520
3.252034
3.248898
3.246079
3.244102
3.241887
3.239562
3.237169
3.234902
3.232638
3.229953
3.226622
3.223592
3.221181
3.219657
3.217835
3.217363
3.214874
3.210843
3.208371
3.205498
3.204059
3.203166
3.200613
3.198110
3.191868
3.189659
3.187073
3.184740
3.181851
3.179029
3.176720
3.174210
3.171758
3.169394
3.166791
3.164437
3.162009
3.159487
3.157279
3.156080
3.153609
3.149316
3.147218
3.144399
3.142296
3.139754
3.135866
3.133675
3.131132
3.130443
3.129433
3.126244
3.123555
3.120561
3.117405
3.114369
3.113899
3.107636
3.109991
3.104170
3.102233
3.100050
3.095525
3.094171
3.088147
3.085727
3.082521
3.079310
3.074822
3.069448
3.066976
3.064123
3.060352
3.057562
3.054971
3.052352
3.049595
3.046657
3.043999
3.039801
3.037025
3.034773
3.032120
3.029716
3.027001
3.024716
3.021664
3.018970
3.016170
3.013438
3.008939
3.007533
3.002254
3.001019
2.998177
2.993098
2.991697
2.989299
2.987242
2.984051
2.979927
2.978507
2.975727
2.970671
2.968532
2.965845
2.966128
2.960708
2.957671
2.955160
2.952217
2.949457
2.946934
2.944843
2.944102
2.940392
2.937981
2.936575
2.932511
2.931541
2.928300
2.925662
2.922376
2.917912
2.915127
2.912205
2.909841
2.906709
2.905430
2.903254
2.899825
2.897850
2.893074
2.889671
2.887786
2.885067
2.878820
2.876894
2.872725
2.872741
2.868548
2.867901
2.862433
2.859243
2.856726
2.853859
2.853310
2.849667
2.847560
2.843919
2.839804
2.835456
2.834264
2.833092
2.830201
2.822418
2.823019
2.816682
2.813090
2.810311
2.807225
2.808538
2.810449
2.803537
2.800789
2.797569
2.790594
2.789161
2.788489
2.785069
2.783621
2.779782
2.774828
2.769860
2.766364
2.763459
2.761824
2.759760
2.752818
2.760085
2.742202
2.729116
2.726168
2.724928
2.722635
2.725102
2.715470
2.712272
2.713202
2.708421
2.705585
2.704512
2.702433
2.700742
2.698489
2.696571
2.694990
2.693094
2.690831
2.687939
2.680752
2.673643
2.677919
2.676752
2.673138
2.671412
2.669730
2.667963
2.666180
2.663674
2.660998
2.656746
2.654747
2.651704
2.649700
2.647974
2.645614
2.643593
2.641078
2.639509
2.636189
2.635679
2.632569
2.632438
2.628756
2.627550
2.625918
2.624177
2.620586
2.619993
2.618229
2.616611
2.612636
2.610363
2.608284
2.607475
2.605774
2.603745
2.600887
2.598728
2.594286
2.593056
2.591284
2.588558
2.588258
2.586930
2.584317
2.583695
2.582491
2.581244
2.579980
2.578696
2.577894
2.574521
2.571156
2.569217
2.568971
2.566622
2.565149
2.564429
2.563097
2.562832
2.559946
2.558608
2.557452
2.557658
2.557466
2.553379
2.548247
2.541772
2.537200
2.535325
2.533204
2.530423
2.530953
2.529084
2.527992
2.526983
2.525964
2.525785
2.525475
2.523988
2.522773
2.522600
2.522698
2.519026
2.517576
2.517002
2.515784
2.516492
2.515900
2.515622
2.515485
2.515612
2.515531
2.515440
2.515406
2.515187
2.514379
2.516344
2.514470
2.513368
2.514012
2.514823
2.514997
2.515159
2.515082
2.515887
2.515737
2.517782
2.517771
2.517749
2.517873
2.518012
2.518153
2.518294
2.518434
2.518575
2.518715
2.518855
2.518995
2.519135
2.519275
2.519414
2.519554
2.519693
2.519832
2.519971
2.520109
2.520248
2.520386
2.520524
2.520662
2.520800
2.520938
2.521076
2.521213
2.521350
2.521487
2.521624
2.521761
2.521897
2.522034
2.522170
2.522306
2.522442
2.522578
2.522713
2.522849
2.522984
2.523119
2.523254
2.523389
2.523523
2.523658
2.523792
2.523926
2.524060
2.524194
2.524327
2.524461
2.524594
2.524727
2.524860
2.524993
2.525126
2.525258
2.525855
2.526017
2.526150
2.526281
2.526413
2.526543
2.526674
2.526468
2.526609
2.526742
2.526873
2.527003
2.527132
2.527262
2.527391
2.527521
2.527650
2.527779
2.527908
2.528036
2.528165
2.528293
2.528421
2.528549
2.528677
2.528805
2.528933
3.272155
3.268950
3.262835
3.262423
3.261932
3.261404
3.261038
3.260698
3.260341
3.259668
3.259220
3.258856
3.258476
3.258232
3.257837
3.257423
3.257033
3.256733
3.256352
3.255978
3.255544
3.255048
3.254567
3.253905
3.253292
3.252842
3.252508
3.252138
3.251983
3.251223
3.250850
3.250479
3.250098
3.249700
3.249187
3.248753
3.248391
3.248130
3.247518
3.247279
3.246653
3.246297
3.245826
3.245369
3.245007
3.244419
3.244003
3.243597
3.243020
3.242615
3.242182
3.241738
3.241269
3.240778
3.240313
3.239885
3.239379
3.238897
3.238460
3.238083
3.237604
3.237191
3.236807
3.236347
3.235945
3.235497
3.235168
3.234557
3.234141
3.233724
3.233236
3.232768
3.232231
3.231748
3.231324
3.230906
3.230373
3.230017
3.229538
3.229071
3.228662
3.228212
3.227799
3.227194
3.226819
3.226384
3.225944
3.225508
3.224986
3.224513
3.224069
3.223582
3.223258
3.222634
3.222247
3.221767
3.221236
3.220777
3.220319
3.219761
3.219375
3.219003
3.218500
3.218092
3.217611
3.217087
3.216638
3.216212
3.215677
3.215496
3.214792
3.214373
3.213941
3.213560
3.213115
3.212631
3.212202
3.211789
3.211175
3.210826
3.210412
3.209920
3.209346
3.208887
3.208393
3.208247
3.207759
3.207259
3.206714
3.206097
3.205831
3.205360
3.204725
3.204322
3.203936
3.203299
3.202858
3.202700
3.202122
3.201659
3.201104
3.200689
3.200177
3.199681
3.199150
3.198678
3.198410
3.197808
3.197394
3.196992
3.196125
3.195877
3.195405
3.195038
3.194711
3.194312
3.193627
3.193172
3.192514
3.192020
3.191596
3.191140
3.190672
3.190246
3.189837
3.189418
3.188748
3.188291
3.187695
3.187568
3.187049
3.186496
3.184311
3.183624
3.183110
3.182870
3.182445
3.182003
3.181496
3.181093
3.180686
3.180346
3.179984
3.179616
3.179151
3.178496
3.178175
3.177818
3.177493
3.177107
3.176106
3.176131
3.175654
3.175223
3.174380
3.173843
3.173368
3.172959
3.172337
3.171754
3.171326
3.170815
3.170414
3.169967
3.170272
3.169896
3.169503
3.169036
3.168564
3.168083
3.166860
3.166554
3.166112
3.165706
3.165326
3.164841
3.164271
3.163823
3.163503
3.163785
3.163681
3.163311
3.162918
3.161770
3.163101
3.162366
3.161909
3.161531
3.161112
3.160625
3.151751
3.151283
3.150619
3.149933
3.149680
3.149208
3.148626
3.147536
3.147674
3.147082
3.145511
3.145042
3.144564
3.144779
3.144240
3.143688
3.143167
3.142259
3.141690
3.141002
3.140803
3.140408
3.139998
3.139013
3.138401
3.138036
3.137513
3.136977
3.136505
3.135869
3.135380
3.134930
3.134375
3.133280
3.132648
3.131954
3.131460
3.130714
3.130146
3.129657
3.128821
3.128231
3.127788
3.127096
3.126402
3.125468
3.125161
3.124972
3.124534
3.123990
3.123341
3.122712
3.122168
3.121609
3.121161
3.120413
3.119922
3.118720
3.118167
3.117833
3.117266
3.116937
3.116429
3.115936
3.115513
3.114949
3.114190
3.113709
3.113107
3.112833
3.112294
3.111614
3.110978
3.110201
3.109669
3.109210
3.108771
3.108245
3.107633
3.107135
3.106641
3.106200
3.105371
3.104756
3.104556
3.104079
3.103504
3.103155
3.102730
3.101637
3.101329
3.101254
3.099399
3.099375
3.099417
3.098734
3.098233
3.097942
3.097535
3.096947
3.096453
3.095933
3.095415
3.094892
3.093480
3.093419
3.092913
3.092692
3.091551
3.090967
3.089319
3.089019
3.089396
3.088789
3.087640
3.087319
3.086453
3.086099
3.085589
3.085419
3.084955
3.084271
3.083797
3.083236
3.083512
3.082152
3.081667
3.081113
3.080956
3.080647
3.079762
3.078832
3.078640
3.079034
3.078582
3.077200
3.077223
3.076652
3.075868
3.075466
3.075169
3.074568
3.073556
3.073403
3.072777
3.072801
3.072156
3.071790
3.071318
3.070764
3.069596
3.068494
3.067626
3.067137
3.066893
3.065678
3.064763
3.064415
3.063501
3.063712
3.063672
3.062807
3.063690
3.061944
3.063549
3.061207
3.062787
3.059545
3.061674
3.058890
3.059350
3.258853
3.248436
3.246054
3.243339
3.240935
3.238333
3.235969
3.233756
3.231462
3.230006
3.227575
3.225129
3.223084
3.220658
3.218330
3.215863
3.213475
3.211706
3.209332
3.206931
3.203953
3.202018
3.199015
3.196643
3.194938
3.191572
3.189315
3.187016
3.184680
3.183506
3.182536
3.180315
3.178097
3.175665
3.174511
3.172786
3.170470
3.169471
3.167101
3.164394
3.162021
3.159456
3.157319
3.155033
3.151516
3.149284
3.146910
3.144221
3.142114
3.140337
3.138821
3.136302
3.134270
3.128331
3.126344
3.123889
3.120825
3.118273
3.115555
3.113772
3.111341
3.107797
3.104055
3.102156
3.100157
3.097763
3.095892
3.091893
3.091089
3.092365
3.089962
3.087927
3.085527
3.082211
3.079704
3.069559
3.067246
3.064690
3.061838
3.059247
3.057200
3.056115
3.052873
3.050314
3.047739
3.046124
3.042514
3.039242
3.030340
3.027507
3.026077
3.023352
3.017988
3.015396
3.012833
3.009230
3.004756
3.002116
2.999042
2.996057
2.993304
2.990378
2.987799
2.985327
2.981420
2.978961
2.975359
2.972044
2.970953
2.965840
2.963578
2.960473
2.957422
2.954609
2.952061
2.949320
2.944628
2.943062
2.939893
2.938260
2.934363
2.931377
2.927969
2.916737
2.906376
2.902663
2.900093
2.897968
2.893714
2.892662
2.888159
2.886003
2.883460
2.880908
2.878184
2.875543
2.871542
2.869148
2.862904
2.864120
2.857361
2.857606
2.855425
2.853131
2.852880
2.848503
2.844755
2.841721
2.839715
2.833512
2.833932
2.830666
2.829482
2.826490
2.823659
2.822849
2.820598
2.816621
2.810762
2.805502
2.803862
2.801322
2.796643
2.794779
2.793803
2.789124
2.785359
2.780782
2.778975
2.777558
2.775215
2.770299
2.767917
2.765169
2.763314
2.759355
2.758104
2.754966
2.750976
2.749744
2.747030
2.742510
2.737230
2.737122
2.733790
2.731329
2.728364
2.725462
2.723075
2.721052
2.715754
2.712551
2.707927
2.705769
2.703238
2.700691
2.696051
2.693416
2.690389
2.687777
2.685423
2.683220
2.680048
2.677432
2.675978
2.670613
2.668688
2.664427
2.662050
2.658589
2.660025
2.655996
2.654370
2.651668
2.648845
2.645287
2.642836
2.638401
2.638898
2.635237
2.631972
2.630604
2.626072
2.622368
2.620077
2.613558
2.607278
2.606529
2.606164
2.603920
2.601473
2.596958
2.596167
2.591549
2.589156
2.586169
2.580828
2.578130
2.574241
2.572748
2.569066
2.568502
2.564042
2.560204
2.558589
2.555524
2.550541
2.547544
2.544792
2.541607
2.537529
2.534985
2.532798
2.531146
2.527840
2.524094
2.522515
2.519805
2.517223
2.516587
2.513118
2.510931
2.505603
2.503074
2.500395
2.499760
2.498248
2.496899
2.494392
2.490572
2.488710
2.486350
2.483547
2.481928
2.479902
2.475293
2.472606
2.470795
2.468780
2.466722
2.465146
2.463059
2.461422
2.457831
2.456048
2.454299
2.452077
2.450149
2.448731
2.446617
2.445071
2.443594
2.442066
2.440362
2.438906
2.437236
2.435732
2.434260
2.432291
2.430550
2.428893
2.426348
2.423850
2.422299
2.420735
2.418948
2.415899
2.413114
2.410986
2.409736
2.408109
2.405334
2.400897
2.396484
2.393337
2.386632
2.381924
2.378609
2.376463
2.375284
2.373518
2.372006
2.370520
2.368164
2.366436
2.363063
2.361284
2.358718
2.356187
2.353646
2.351074
2.349333
2.347712
2.346044
2.343951
2.342474
2.340494
2.338754
2.337004
2.335633
2.333561
2.331429
2.328743
2.326726
2.324815
2.322933
2.321393
2.320050
2.317418
2.315783
2.314523
2.312920
2.311533
2.310271
2.309016
2.307950
2.306844
2.306045
2.305053
2.304187
2.303128
2.302570
2.300791
2.299708
2.299088
2.298699
2.298134
2.297609
2.297194
2.296928
2.296598
2.296141
2.295964
2.295942
2.295001
2.295021
2.292922
2.289966
2.289196
2.288856
2.288850
2.288889
2.288882
2.289564
2.289336
2.286959
2.285614
2.285562
2.285212
2.284718
2.284156
2.284073
2.284185
2.284135
2.284304
2.284434
2.284545
2.284650
2.284752
2.284853
