3.165343
3.153907
3.150620
3.147362
3.143853
3.140694
3.137478
3.134391
3.131238
3.128268
3.125243
3.122363
3.119834
3.117226
3.114410
3.111529
3.109384
3.106419
3.103858
3.101274
3.098839
3.096373
3.093743
3.091550
3.088949
3.086166
3.083775
3.081522
3.078953
3.076938
3.074618
3.072471
3.070466
3.068460
3.066417
3.064096
3.062027
3.059735
3.057928
3.056181
3.053260
3.051519
3.050244
3.048104
3.044990
3.043053
3.040810
3.035366
3.034313
3.032176
3.030948
3.028834
3.026723
3.024598
3.022428
3.020715
3.018768
3.016770
3.014822
3.013036
3.010922
3.008496
3.006308
3.004979
3.002581
3.001593
2.999307
2.997713
2.996238
2.992303
2.990557
2.988354
2.987031
2.984078
2.981963
2.979905
2.977497
2.975349
2.972625
2.970925
2.969020
2.966405
2.967349
2.966413
2.964846
2.958565
2.959667
2.957086
2.955564
2.953420
2.951684
2.949855
2.948601
2.946379
2.943545
2.940463
2.938363
2.936116
2.934472
2.932726
2.931068
2.928436
2.926792
2.924459
2.922134
2.920532
2.912955
2.910886
2.911939
2.910310
2.905142
2.910147
2.908298
2.906438
2.904921
2.903500
2.896033
2.894923
2.892633
2.887258
2.885656
2.884284
2.881493
2.879046
2.876341
2.874191
2.871475
2.877191
2.867862
2.868134
2.866738
2.869110
2.867621
2.869311
2.862787
2.859038
2.860161
2.858729
2.854766
2.853394
2.853690
2.848369
2.849542
2.848647
2.847429
2.845243
2.843971
2.840263
2.835442
2.831548
2.830400
2.825242
2.823264
2.825682
2.819026
2.818281
2.814925
2.811363
2.807203
2.807726
2.800301
2.804662
2.799584
2.795169
2.796266
2.793318
2.790541
2.789255
2.784447
2.781197
2.779969
2.778447
2.777663
2.773294
2.772397
2.767366
2.767947
2.763381
2.761721
2.758032
2.756206
2.755732
2.752480
2.752372
2.749002
2.747266
2.743292
2.741254
2.737622
3.165944
3.156054
3.152644
3.149708
3.146802
3.144078
3.141228
3.138308
3.135270
3.132227
3.129231
3.126539
3.123943
3.121148
3.118593
3.115928
3.176416
3.166303
3.167456
3.168720
3.169413
3.170364
3.170629
3.171658
3.172460
3.173264
3.174031
3.175092
3.175701
3.176255
3.176801
3.177520
3.178249
3.178298
3.179431
3.180074
3.180344
3.180769
3.181540
3.182067
3.182542
3.182911
3.183458
3.184189
3.184151
3.184466
3.185004
3.185467
3.185952
3.176535
3.166991
3.166059
3.165446
3.164831
3.164257
3.163637
3.162964
3.162415
3.161579
3.161026
3.160498
3.159825
3.159284
3.158716
3.157981
3.157512
3.156780
3.156010
3.155527
3.154715
3.154033
3.153625
3.152972
3.152277
3.151540
3.151084
3.150508
3.149964
3.149396
3.148919
3.148202
3.147582
3.146941
3.146413
3.145791
3.145170
3.144454
3.143846
3.143372
3.142828
3.142564
3.141963
3.141412
3.140874
3.140177
3.139616
3.138831
3.138432
3.137636
3.137249
3.168757
3.157511
3.154305
3.150856
3.147859
3.144693
3.141668
3.138513
3.136000
3.132859
3.130001
3.127198
3.124435
3.121837
3.119083
3.116418
3.113929
3.111161
3.108379
3.105889
3.103162
3.100707
3.098058
3.095407
3.092846
3.090680
3.087992
3.086324
3.083226
3.081660
3.078798
3.076386
3.074092
3.071779
3.069312
3.066512
3.064433
3.062582
3.060554
3.058053
3.055583
3.053270
3.051145
3.048645
3.046490
3.044257
3.041776
3.037858
3.035481
3.033674
3.031594
3.029479
3.027616
3.025719
3.023179
3.021068
3.018982
3.016969
3.014781
3.012749
3.010919
3.008077
3.006530
3.004148
2.999700
2.997792
2.996042
2.994498
2.992252
2.989216
2.986461
2.984780
2.982346
2.980033
2.978120
2.977494
2.975444
2.973357
2.970433
2.966602
2.964814
2.962989
2.961647
2.959788
2.957718
2.956654
2.954402
2.951414
2.949414
2.947530
2.945153
2.943106
2.941592
2.939600
2.937740
2.935415
2.933650
2.931082
2.928653
2.925573
2.922941
2.920431
2.918951
2.917322
2.915120
2.913441
2.911455
2.909724
2.907864
2.904873
2.903584
2.901677
2.899264
2.897624
2.895231
2.893141
2.890657
2.888084
2.886010
2.883702
2.884005
2.881755
2.879260
2.874554
2.872857
2.871620
2.869262
2.866178
2.865097
2.862607
2.860406
2.857367
2.855990
2.853223
2.852146
2.851304
2.849239
2.847206
2.844987
2.842267
2.840547
2.838017
2.835510
2.834391
2.833232
2.831210
2.830337
2.828256
2.826721
2.826087
2.824556
2.824304
2.822572
2.820626
2.816475
2.811676
2.806731
2.805842
2.804362
2.803180
2.802041
2.801462
2.797979
2.791081
2.793444
2.788914
2.784335
2.787460
2.783162
2.776932
2.774248
2.772764
2.770192
2.768544
2.765564
2.765470
2.763695
2.761207
2.758541
2.756366
2.753320
2.757108
2.746902
2.746053
2.743164
2.741719
2.739737
2.735699
2.734997
2.733256
2.728721
2.727806
2.722819
2.724152
2.719375
2.720237
2.716377
2.715193
2.713454
2.708521
2.708419
2.703340
2.698129
2.696921
2.691419
2.689284
2.683147
2.683579
2.681654
2.679150
2.675215
2.671402
2.669239
2.665628
2.664853
2.662604
2.661300
2.659695
2.657922
2.655961
2.653251
2.650383
2.652071
2.647524
2.646351
2.643562
2.637450
2.638214
2.634549
2.633166
2.630175
2.625342
2.630205
2.624358
2.619560
2.617794
2.615534
2.616107
2.614402
2.612677
2.609244
2.607348
2.605368
2.604686
2.603183
2.600870
2.594162
2.587494
2.586474
2.585082
2.582199
2.578528
2.573996
2.571512
2.568757
2.567514
2.565718
2.564017
2.561220
2.560078
2.558592
2.557180
2.556043
2.555155
2.552765
2.549365
2.547882
2.546340
2.544599
2.543605
2.541565
2.540197
2.538065
2.536623
2.535310
2.534156
2.533234
2.532522
2.531178
2.529248
2.526742
2.525921
2.525103
2.524349
2.523392
2.522750
2.522163
2.521660
2.520327
2.518801
2.517461
2.517852
2.517263
2.516981
2.516643
2.516981
2.515798
2.516259
2.516513
2.516078
2.516013
2.515899
2.513839
2.513684
2.513661
2.513619
2.513889
2.514021
2.514167
2.514328
2.514688
2.515045
2.515075
2.515280
2.515479
2.516611
2.516764
2.516915
2.517060
2.517205
2.517350
2.517495
2.517639
2.517783
2.517927
2.518071
2.518214
2.518358
2.518501
2.518644
2.518787
2.518930
2.519073
2.519215
2.519358
2.519500
2.519642
2.519784
2.519925
2.520067
2.520208
2.520349
2.520490
2.520631
2.520772
2.520912
2.521053
2.521193
2.521333
2.521473
2.521612
2.521752
2.521877
2.521745
2.521840
2.521978
2.522117
2.522255
2.522393
2.522531
2.522669
2.522807
2.522945
2.523082
2.523219
2.523356
2.523493
2.523630
2.523767
2.523903
2.524039
2.524175
2.524311
2.524447
2.524583
2.524718
2.524853
2.524989
2.525124
2.525258
2.525393
2.525528
2.525662
2.525796
2.526008
2.526113
2.526247
2.526380
2.526513
2.526646
2.526779
2.526912
2.527045
2.527177
2.527310
2.527442
2.527574
2.527706
2.527837
2.527969
3.158667
3.147745
3.144710
3.141652
3.138726
3.135658
3.132853
3.129981
3.127079
3.124400
3.121699
3.119005
3.116233
3.113523
3.110949
3.108162
3.105464
3.102869
3.100217
3.097657
3.095219
3.092701
3.090095
3.087701
3.085304
3.082737
3.080375
3.078055
3.075432
3.073156
3.070526
3.068522
3.066446
3.063953
3.061505
3.058887
3.056692
3.054326
3.051689
3.049418
3.047030
3.044754
3.042404
3.041468
3.035685
3.035212
3.033885
3.031401
3.029000
3.027027
3.024369
3.022173
3.017515
3.017810
3.015357
3.011766
3.007946
3.006298
3.002843
3.000682
2.998610
2.996163
2.994132
2.992161
2.989942
2.987105
2.985098
2.987019
2.984539
2.979540
2.977353
2.975342
2.973000
2.973961
2.969029
2.967182
2.965131
2.963220
2.961009
2.959386
2.957188
2.955085
2.953272
2.951519
2.949608
2.947680
2.945342
2.942695
2.940934
2.939049
2.937221
2.935219
2.933254
2.931072
2.929526
2.928432
2.927613
2.925631
2.923382
2.920660
2.918972
2.916699
2.914701
2.911716
2.909939
2.909835
2.905721
2.902162
2.900686
2.899893
2.898107
2.893635
2.891416
2.890078
2.887332
2.884640
2.883259
2.881169
2.878904
2.876970
2.874890
2.872528
2.870574
2.864767
2.866568
2.864411
2.858507
2.859747
2.858538
2.854769
2.852533
2.849093
2.848318
2.845802
2.841588
2.841002
2.840715
2.838208
2.835613
2.833808
2.831801
2.830046
2.829414
2.824802
2.823573
2.821230
2.818846
2.818434
2.814646
2.808138
2.811095
2.809164
2.804576
2.801049
2.798606
2.796665
2.792579
2.788793
2.785961
2.783909
2.781976
2.779944
2.780978
2.774569
2.772108
2.769894
2.756950
2.741253
2.737786
2.736675
2.735682
2.733104
2.730867
2.725546
2.722070
2.719099
2.718077
2.714832
2.711865
2.708279
2.705886
2.703170
2.700325
2.695968
2.695348
2.691643
2.690198
2.686271
2.684970
2.682453
2.679846
2.675774
2.673280
2.669796
2.668392
2.665620
2.663297
2.661111
2.657174
2.655243
2.651721
2.649345
2.647136
2.644468
2.644326
2.639689
2.634070
2.632563
2.630093
2.626130
2.623739
2.621748
2.618615
2.616229
2.612723
2.610082
2.605536
2.603835
2.601263
2.598894
2.597812
2.594816
2.592196
2.590437
2.587184
2.584102
2.580544
2.578868
2.576691
2.574604
2.572553
2.570391
2.568729
2.566894
2.565060
2.563099
2.558865
2.554699
2.552886
2.549083
2.547412
2.544772
2.543619
2.541106
2.539640
2.537524
2.534076
2.529975
2.529619
2.525896
2.523062
2.521578
2.519725
2.518042
2.515532
2.514848
2.512053
2.510768
2.508164
2.506018
2.503898
2.501574
2.499025
2.497195
2.495609
2.493381
2.490894
2.489326
2.487132
2.485780
2.483389
2.481696
2.479890
2.478265
2.476639
2.474016
2.471768
2.469688
2.468326
2.467070
2.465397
2.463962
2.461143
2.459499
2.457587
2.456084
2.454550
2.452961
2.451433
2.450305
2.447098
2.445404
2.443652
2.441994
2.439044
2.436019
2.433976
2.430787
2.428958
2.426036
2.424895
2.422765
2.420421
2.418032
2.416222
2.414412
2.412699
2.411070
2.408596
2.406739
2.404424
2.400761
2.398934
2.397010
2.394419
2.390248
2.387327
2.384413
2.380023
2.377825
2.376565
2.373634
2.371193
2.369470
2.366949
2.365084
2.363060
2.360735
2.358759
2.356748
2.354563
2.352622
2.350501
2.348527
2.346799
2.344910
2.342946
2.341076
2.339186
2.336329
2.334059
2.332023
2.329686
2.328002
2.326312
2.324268
2.323257
2.321546
2.320453
2.319386
2.317311
2.315899
2.312780
2.310795
2.309621
2.308622
2.307734
2.307329
2.305962
2.305401
2.301371
2.298883
2.296681
2.296047
2.295567
2.295064
2.294644
2.294126
2.293801
2.293375
2.293263
2.292978
2.292794
2.292654
2.292548
2.292471
2.292422
2.292234
2.292182
2.292187
2.292147
2.291871
2.291922
2.292188
2.292019
2.291976
2.291255
2.290811
2.290892
2.291017
2.291109
2.291214
2.291319
2.291424
2.291529
2.291634
2.291739
2.291843
2.291948
2.292052
