Using file '../data/speech_db/speakers.ctl' as class table control file... OK
Using file '../data/speech_db/networks/spknet_som16_alcaim1.ctl' as neural networks table...
Using file '../data/speech_db/networks/som16.net' as neural network configuration... OK
Using file '../data/speech_db/networks/som16.net' as neural network configuration... OK
Using file '../data/speech_db/networks/som16.net' as neural network configuration... OK
Using file '../data/speech_db/networks/som16.net' as neural network configuration... OK
Using file '../data/speech_db/networks/som16.net' as neural network configuration... OK
Using file '../data/speech_db/networks/som16.net' as neural network configuration... OK
Using file '../data/speech_db/networks/som16.net' as neural network configuration... OK
Using file '../data/speech_db/networks/som16.net' as neural network configuration... OK
Using file '../data/speech_db/networks/som16.net' as neural network configuration... OK
Using file '../data/speech_db/networks/som16.net' as neural network configuration... OK
Using file '../data/speech_db/networks/som16.net' as neural network configuration... OK
Using file '../data/speech_db/networks/som16.net' as neural network configuration... OK
Using file '../data/speech_db/networks/som16.net' as neural network configuration... OK
Using file '../data/speech_db/networks/som16.net' as neural network configuration... OK

Training SOM 16 CLASSES - Alexandre Teixeira Mafra
Using file '../data/speech_db/mfccs/p101-106-mfccs.l01.ctl' as training files table... OK
Training set has 1130 elements
Randomizing training set... OK
SOM training started at Sat Nov 30 11:09:04 2002
Using file 'mse/som16_alcaim1.mse' as MSE error log
Neural network training finished at Sat Nov 30 11:14:05 2002
Training stage lasted 301 seconds
Final training MSE error is 3.764527
Destroying training set... OK
Destroying file table... OK
Using file '../data/speech_db/networks/trained/som16/alcaim1/som16.l01.net' to save trained network configuration... OK

Training SOM 16 CLASSES - Lúcia T. Guimarães de Castro
Using file '../data/speech_db/mfccs/p101-106-mfccs.l02.ctl' as training files table... OK
Training set has 1510 elements
Randomizing training set... OK
SOM training started at Sat Nov 30 11:14:07 2002
Using file 'mse/som16_alcaim1.mse' as MSE error log
Neural network training finished at Sat Nov 30 11:20:47 2002
Training stage lasted 400 seconds
Final training MSE error is 3.693004
Destroying training set... OK
Destroying file table... OK
Using file '../data/speech_db/networks/trained/som16/alcaim1/som16.l02.net' to save trained network configuration... OK

Training SOM 16 CLASSES - Renata Ramos Rodrigues
Using file '../data/speech_db/mfccs/p101-106-mfccs.l03.ctl' as training files table... OK
Training set has 1205 elements
Randomizing training set... OK
SOM training started at Sat Nov 30 11:20:48 2002
Using file 'mse/som16_alcaim1.mse' as MSE error log
Neural network training finished at Sat Nov 30 11:26:09 2002
Training stage lasted 321 seconds
Final training MSE error is 3.685901
Destroying training set... OK
Destroying file table... OK
Using file '../data/speech_db/networks/trained/som16/alcaim1/som16.l03.net' to save trained network configuration... OK

Training SOM 16 CLASSES - Mauro Armond DiGiorgi
Using file '../data/speech_db/mfccs/p101-106-mfccs.l04.ctl' as training files table... OK
Training set has 1440 elements
Randomizing training set... OK
SOM training started at Sat Nov 30 11:26:11 2002
Using file 'mse/som16_alcaim1.mse' as MSE error log
Neural network training finished at Sat Nov 30 11:32:36 2002
Training stage lasted 385 seconds
Final training MSE error is 3.599382
Destroying training set... OK
Destroying file table... OK
Using file '../data/speech_db/networks/trained/som16/alcaim1/som16.l04.net' to save trained network configuration... OK

Training SOM 16 CLASSES - Eduardo Alberto Corrêa Fullen
Using file '../data/speech_db/mfccs/p101-106-mfccs.l05.ctl' as training files table... OK
Training set has 1340 elements
Randomizing training set... OK
SOM training started at Sat Nov 30 11:32:38 2002
Using file 'mse/som16_alcaim1.mse' as MSE error log
Neural network training finished at Sat Nov 30 11:38:39 2002
Training stage lasted 361 seconds
Final training MSE error is 3.656343
Destroying training set... OK
Destroying file table... OK
Using file '../data/speech_db/networks/trained/som16/alcaim1/som16.l05.net' to save trained network configuration... OK

Training SOM 16 CLASSES - Alessandra Moura Velho
Using file '../data/speech_db/mfccs/p101-106-mfccs.l06.ctl' as training files table... OK
Training set has 1705 elements
Randomizing training set... OK
SOM training started at Sat Nov 30 11:38:40 2002
Using file 'mse/som16_alcaim1.mse' as MSE error log
Neural network training finished at Sat Nov 30 11:46:17 2002
Training stage lasted 457 seconds
Final training MSE error is 3.681325
Destroying training set... OK
Destroying file table... OK
Using file '../data/speech_db/networks/trained/som16/alcaim1/som16.l06.net' to save trained network configuration... OK

Training SOM 16 CLASSES - Andréia Aparecida Costa Martins
Using file '../data/speech_db/mfccs/p101-106-mfccs.l07.ctl' as training files table... OK
Training set has 1760 elements
Randomizing training set... OK
SOM training started at Sat Nov 30 11:46:19 2002
Using file 'mse/som16_alcaim1.mse' as MSE error log
Neural network training finished at Sat Nov 30 11:54:12 2002
Training stage lasted 473 seconds
Final training MSE error is 3.630452
Destroying training set... OK
Destroying file table... OK
Using file '../data/speech_db/networks/trained/som16/alcaim1/som16.l07.net' to save trained network configuration... OK

Training SOM 16 CLASSES - Claudia Maria Soncini Bernasconi
Using file '../data/speech_db/mfccs/p101-106-mfccs.l08.ctl' as training files table... OK
Training set has 1270 elements
Randomizing training set... OK
SOM training started at Sat Nov 30 11:54:13 2002
Using file 'mse/som16_alcaim1.mse' as MSE error log
Neural network training finished at Sat Nov 30 11:59:54 2002
Training stage lasted 341 seconds
Final training MSE error is 3.663996
Destroying training set... OK
Destroying file table... OK
Using file '../data/speech_db/networks/trained/som16/alcaim1/som16.l08.net' to save trained network configuration... OK

Training SOM 16 CLASSES - Maurício Bellissimo Falleiros
Using file '../data/speech_db/mfccs/p101-106-mfccs.l09.ctl' as training files table... OK
Training set has 1140 elements
Randomizing training set... OK
SOM training started at Sat Nov 30 11:59:55 2002
Using file 'mse/som16_alcaim1.mse' as MSE error log
Neural network training finished at Sat Nov 30 12:05:05 2002
Training stage lasted 310 seconds
Final training MSE error is 3.744578
Destroying training set... OK
Destroying file table... OK
Using file '../data/speech_db/networks/trained/som16/alcaim1/som16.l09.net' to save trained network configuration... OK

Training SOM 16 CLASSES - Ana Paula Henriques
Using file '../data/speech_db/mfccs/p101-106-mfccs.l10.ctl' as training files table... OK
Training set has 1155 elements
Randomizing training set... OK
SOM training started at Sat Nov 30 12:05:07 2002
Using file 'mse/som16_alcaim1.mse' as MSE error log
Neural network training finished at Sat Nov 30 12:10:14 2002
Training stage lasted 307 seconds
Final training MSE error is 3.615659
Destroying training set... OK
Destroying file table... OK
Using file '../data/speech_db/networks/trained/som16/alcaim1/som16.l10.net' to save trained network configuration... OK

Training SOM 16 CLASSES - Roberto Cremon Godoy
Using file '../data/speech_db/mfccs/p101-106-mfccs.l11.ctl' as training files table... OK
Training set has 1360 elements
Randomizing training set... OK
SOM training started at Sat Nov 30 12:10:15 2002
Using file 'mse/som16_alcaim1.mse' as MSE error log
Neural network training finished at Sat Nov 30 12:16:22 2002
Training stage lasted 367 seconds
Final training MSE error is 3.755871
Destroying training set... OK
Destroying file table... OK
Using file '../data/speech_db/networks/trained/som16/alcaim1/som16.l11.net' to save trained network configuration... OK

Training SOM 16 CLASSES - Paulo Sergio da Silva Pfaff
Using file '../data/speech_db/mfccs/p101-106-mfccs.l12.ctl' as training files table... OK
Training set has 1465 elements
Randomizing training set... OK
SOM training started at Sat Nov 30 12:16:23 2002
Using file 'mse/som16_alcaim1.mse' as MSE error log
Neural network training finished at Sat Nov 30 12:22:55 2002
Training stage lasted 392 seconds
Final training MSE error is 3.725056
Destroying training set... OK
Destroying file table... OK
Using file '../data/speech_db/networks/trained/som16/alcaim1/som16.l12.net' to save trained network configuration... OK

Training SOM 16 CLASSES - Gabriela Sarti Ferreira
Using file '../data/speech_db/mfccs/p101-106-mfccs.l13.ctl' as training files table... OK
Training set has 1405 elements
Randomizing training set... OK
SOM training started at Sat Nov 30 12:22:56 2002
Using file 'mse/som16_alcaim1.mse' as MSE error log
Neural network training finished at Sat Nov 30 12:29:18 2002
Training stage lasted 382 seconds
Final training MSE error is 3.642903
Destroying training set... OK
Destroying file table... OK
Using file '../data/speech_db/networks/trained/som16/alcaim1/som16.l13.net' to save trained network configuration... OK

Training SOM 16 CLASSES - Fernanda Henriques
Using file '../data/speech_db/mfccs/p101-106-mfccs.l14.ctl' as training files table... OK
Training set has 1345 elements
Randomizing training set... OK
SOM training started at Sat Nov 30 12:29:19 2002
Using file 'mse/som16_alcaim1.mse' as MSE error log
Neural network training finished at Sat Nov 30 12:34:31 2002
Training stage lasted 312 seconds
Final training MSE error is 3.621857
Destroying training set... OK
Destroying file table... OK
Using file '../data/speech_db/networks/trained/som16/alcaim1/som16.l14.net' to save trained network configuration... OK
OK
Test set correct rate is 0.00%
