Using file '../data/speech_db/speakers.ctl' as class table control file... OK
Using file '../data/speech_db/networks/spknet_som16_alcaim2.ctl' as neural networks table...
Using file '../data/speech_db/networks/som16.net' as neural network configuration... OK
Using file '../data/speech_db/networks/som16.net' as neural network configuration... OK
Using file '../data/speech_db/networks/som16.net' as neural network configuration... OK
Using file '../data/speech_db/networks/som16.net' as neural network configuration... OK
Using file '../data/speech_db/networks/som16.net' as neural network configuration... OK
Using file '../data/speech_db/networks/som16.net' as neural network configuration... OK
Using file '../data/speech_db/networks/som16.net' as neural network configuration... OK
Using file '../data/speech_db/networks/som16.net' as neural network configuration... OK
Using file '../data/speech_db/networks/som16.net' as neural network configuration... OK
Using file '../data/speech_db/networks/som16.net' as neural network configuration... OK
Using file '../data/speech_db/networks/som16.net' as neural network configuration... OK
Using file '../data/speech_db/networks/som16.net' as neural network configuration... OK
Using file '../data/speech_db/networks/som16.net' as neural network configuration... OK
Using file '../data/speech_db/networks/som16.net' as neural network configuration... OK

Training SOM 16 CLASSES - Alexandre Teixeira Mafra
Using file '../data/speech_db/mfccs/p201-210-mfccs.l01.ctl' as training files table... OK
Training set has 1425 elements
Randomizing training set... OK
SOM training started at Sat Nov 30 12:34:32 2002
Using file 'mse/som16_alcaim2.mse' as MSE error log
Neural network training finished at Sat Nov 30 12:38:18 2002
Training stage lasted 226 seconds
Final training MSE error is 3.844609
Destroying training set... OK
Destroying file table... OK
Using file '../data/speech_db/networks/trained/som16/alcaim2/som16.l01.net' to save trained network configuration... OK

Training SOM 16 CLASSES - Lúcia T. Guimarães de Castro
Using file '../data/speech_db/mfccs/p201-210-mfccs.l02.ctl' as training files table... OK
Training set has 2065 elements
Randomizing training set... OK
SOM training started at Sat Nov 30 12:38:19 2002
Using file 'mse/som16_alcaim2.mse' as MSE error log
Neural network training finished at Sat Nov 30 12:42:46 2002
Training stage lasted 267 seconds
Final training MSE error is 3.790334
Destroying training set... OK
Destroying file table... OK
Using file '../data/speech_db/networks/trained/som16/alcaim2/som16.l02.net' to save trained network configuration... OK

Training SOM 16 CLASSES - Renata Ramos Rodrigues
Using file '../data/speech_db/mfccs/p201-210-mfccs.l03.ctl' as training files table... OK
Training set has 1660 elements
Randomizing training set... OK
SOM training started at Sat Nov 30 12:42:47 2002
Using file 'mse/som16_alcaim2.mse' as MSE error log
Neural network training finished at Sat Nov 30 12:46:43 2002
Training stage lasted 236 seconds
Final training MSE error is 3.780558
Destroying training set... OK
Destroying file table... OK
Using file '../data/speech_db/networks/trained/som16/alcaim2/som16.l03.net' to save trained network configuration... OK

Training SOM 16 CLASSES - Mauro Armond DiGiorgi
Using file '../data/speech_db/mfccs/p201-210-mfccs.l04.ctl' as training files table... OK
Training set has 1755 elements
Randomizing training set... OK
SOM training started at Sat Nov 30 12:46:45 2002
Using file 'mse/som16_alcaim2.mse' as MSE error log
Neural network training finished at Sat Nov 30 12:54:17 2002
Training stage lasted 452 seconds
Final training MSE error is 3.662307
Destroying training set... OK
Destroying file table... OK
Using file '../data/speech_db/networks/trained/som16/alcaim2/som16.l04.net' to save trained network configuration... OK

Training SOM 16 CLASSES - Eduardo Alberto Corrêa Fullen
Using file '../data/speech_db/mfccs/p201-210-mfccs.l05.ctl' as training files table... OK
Training set has 1615 elements
Randomizing training set... OK
SOM training started at Sat Nov 30 12:54:18 2002
Using file 'mse/som16_alcaim2.mse' as MSE error log
Neural network training finished at Sat Nov 30 13:01:15 2002
Training stage lasted 417 seconds
Final training MSE error is 3.705664
Destroying training set... OK
Destroying file table... OK
Using file '../data/speech_db/networks/trained/som16/alcaim2/som16.l05.net' to save trained network configuration... OK

Training SOM 16 CLASSES - Alessandra Moura Velho
Using file '../data/speech_db/mfccs/p201-210-mfccs.l06.ctl' as training files table... OK
Training set has 2240 elements
Randomizing training set... OK
SOM training started at Sat Nov 30 13:01:17 2002
Using file 'mse/som16_alcaim2.mse' as MSE error log
Neural network training finished at Sat Nov 30 13:10:54 2002
Training stage lasted 577 seconds
Final training MSE error is 3.740100
Destroying training set... OK
Destroying file table... OK
Using file '../data/speech_db/networks/trained/som16/alcaim2/som16.l06.net' to save trained network configuration... OK

Training SOM 16 CLASSES - Andréia Aparecida Costa Martins
Using file '../data/speech_db/mfccs/p201-210-mfccs.l07.ctl' as training files table... OK
Training set has 2055 elements
Randomizing training set... OK
SOM training started at Sat Nov 30 13:10:56 2002
Using file 'mse/som16_alcaim2.mse' as MSE error log
Neural network training finished at Sat Nov 30 13:19:46 2002
Training stage lasted 530 seconds
Final training MSE error is 3.732048
Destroying training set... OK
Destroying file table... OK
Using file '../data/speech_db/networks/trained/som16/alcaim2/som16.l07.net' to save trained network configuration... OK

Training SOM 16 CLASSES - Claudia Maria Soncini Bernasconi
Using file '../data/speech_db/mfccs/p201-210-mfccs.l08.ctl' as training files table... OK
Training set has 1490 elements
Randomizing training set... OK
SOM training started at Sat Nov 30 13:19:48 2002
Using file 'mse/som16_alcaim2.mse' as MSE error log
Neural network training finished at Sat Nov 30 13:26:10 2002
Training stage lasted 382 seconds
Final training MSE error is 3.738957
Destroying training set... OK
Destroying file table... OK
Using file '../data/speech_db/networks/trained/som16/alcaim2/som16.l08.net' to save trained network configuration... OK

Training SOM 16 CLASSES - Maurício Bellissimo Falleiros
Using file '../data/speech_db/mfccs/p201-210-mfccs.l09.ctl' as training files table... OK
Training set has 1250 elements
Randomizing training set... OK
SOM training started at Sat Nov 30 13:26:11 2002
Using file 'mse/som16_alcaim2.mse' as MSE error log
Neural network training finished at Sat Nov 30 13:31:52 2002
Training stage lasted 341 seconds
Final training MSE error is 3.861626
Destroying training set... OK
Destroying file table... OK
Using file '../data/speech_db/networks/trained/som16/alcaim2/som16.l09.net' to save trained network configuration... OK

Training SOM 16 CLASSES - Ana Paula Henriques
Using file '../data/speech_db/mfccs/p201-210-mfccs.l10.ctl' as training files table... OK
Training set has 1560 elements
Randomizing training set... OK
SOM training started at Sat Nov 30 13:31:54 2002
Using file 'mse/som16_alcaim2.mse' as MSE error log
Neural network training finished at Sat Nov 30 13:39:15 2002
Training stage lasted 441 seconds
Final training MSE error is 3.698457
Destroying training set... OK
Destroying file table... OK
Using file '../data/speech_db/networks/trained/som16/alcaim2/som16.l10.net' to save trained network configuration... OK

Training SOM 16 CLASSES - Roberto Cremon Godoy
Using file '../data/speech_db/mfccs/p201-210-mfccs.l11.ctl' as training files table... OK
Training set has 1710 elements
Randomizing training set... OK
SOM training started at Sat Nov 30 13:39:16 2002
Using file 'mse/som16_alcaim2.mse' as MSE error log
Neural network training finished at Sat Nov 30 13:46:49 2002
Training stage lasted 453 seconds
Final training MSE error is 3.829957
Destroying training set... OK
Destroying file table... OK
Using file '../data/speech_db/networks/trained/som16/alcaim2/som16.l11.net' to save trained network configuration... OK

Training SOM 16 CLASSES - Paulo Sergio da Silva Pfaff
Using file '../data/speech_db/mfccs/p201-210-mfccs.l12.ctl' as training files table... OK
Training set has 2000 elements
Randomizing training set... OK
SOM training started at Sat Nov 30 13:46:51 2002
Using file 'mse/som16_alcaim2.mse' as MSE error log
Neural network training finished at Sat Nov 30 13:55:42 2002
Training stage lasted 531 seconds
Final training MSE error is 3.761494
Destroying training set... OK
Destroying file table... OK
Using file '../data/speech_db/networks/trained/som16/alcaim2/som16.l12.net' to save trained network configuration... OK

Training SOM 16 CLASSES - Gabriela Sarti Ferreira
Using file '../data/speech_db/mfccs/p201-210-mfccs.l13.ctl' as training files table... OK
Training set has 1955 elements
Randomizing training set... OK
SOM training started at Sat Nov 30 13:55:44 2002
Using file 'mse/som16_alcaim2.mse' as MSE error log
Neural network training finished at Sat Nov 30 14:04:13 2002
Training stage lasted 509 seconds
Final training MSE error is 3.701807
Destroying training set... OK
Destroying file table... OK
Using file '../data/speech_db/networks/trained/som16/alcaim2/som16.l13.net' to save trained network configuration... OK

Training SOM 16 CLASSES - Fernanda Henriques
Using file '../data/speech_db/mfccs/p201-210-mfccs.l14.ctl' as training files table... OK
Training set has 1500 elements
Randomizing training set... OK
SOM training started at Sat Nov 30 14:04:14 2002
Using file 'mse/som16_alcaim2.mse' as MSE error log
Neural network training finished at Sat Nov 30 14:10:42 2002
Training stage lasted 388 seconds
Final training MSE error is 3.753004
Destroying training set... OK
Destroying file table... OK
Using file '../data/speech_db/networks/trained/som16/alcaim2/som16.l14.net' to save trained network configuration... OK
OK
Test set correct rate is 0.00%
