Using file '../data/speech_db/speakers.ctl' as class table control file... OK
Using file '../data/speech_db/networks/spknet_som25_alcaim1.ctl' as neural networks table...
Using file '../data/speech_db/networks/som25.net' as neural network configuration... OK
Using file '../data/speech_db/networks/som25.net' as neural network configuration... OK
Using file '../data/speech_db/networks/som25.net' as neural network configuration... OK
Using file '../data/speech_db/networks/som25.net' as neural network configuration... OK
Using file '../data/speech_db/networks/som25.net' as neural network configuration... OK
Using file '../data/speech_db/networks/som25.net' as neural network configuration... OK
Using file '../data/speech_db/networks/som25.net' as neural network configuration... OK
Using file '../data/speech_db/networks/som25.net' as neural network configuration... OK
Using file '../data/speech_db/networks/som25.net' as neural network configuration... OK
Using file '../data/speech_db/networks/som25.net' as neural network configuration... OK
Using file '../data/speech_db/networks/som25.net' as neural network configuration... OK
Using file '../data/speech_db/networks/som25.net' as neural network configuration... OK
Using file '../data/speech_db/networks/som25.net' as neural network configuration... OK
Using file '../data/speech_db/networks/som25.net' as neural network configuration... OK

Training SOM 25 CLASSES - Alexandre Teixeira Mafra
Using file '../data/speech_db/mfccs/p101-106-mfccs.l01.ctl' as training files table... OK
Training set has 1130 elements
Randomizing training set... OK
SOM training started at Sat Nov 30 10:11:47 2002
Using file 'mse/som25_alcaim1.mse' as MSE error log
Neural network training finished at Sat Nov 30 10:19:01 2002
Training stage lasted 434 seconds
Final training MSE error is 3.563960
Destroying training set... OK
Destroying file table... OK
Using file '../data/speech_db/networks/trained/som25/alcaim1/som25.l01.net' to save trained network configuration... OK

Training SOM 25 CLASSES - Lúcia T. Guimarães de Castro
Using file '../data/speech_db/mfccs/p101-106-mfccs.l02.ctl' as training files table... OK
Training set has 1510 elements
Randomizing training set... OK
SOM training started at Sat Nov 30 10:19:03 2002
Using file 'mse/som25_alcaim1.mse' as MSE error log
Neural network training finished at Sat Nov 30 10:28:43 2002
Training stage lasted 580 seconds
Final training MSE error is 3.493726
Destroying training set... OK
Destroying file table... OK
Using file '../data/speech_db/networks/trained/som25/alcaim1/som25.l02.net' to save trained network configuration... OK

Training SOM 25 CLASSES - Renata Ramos Rodrigues
Using file '../data/speech_db/mfccs/p101-106-mfccs.l03.ctl' as training files table... OK
Training set has 1205 elements
Randomizing training set... OK
SOM training started at Sat Nov 30 10:28:45 2002
Using file 'mse/som25_alcaim1.mse' as MSE error log
Neural network training finished at Sat Nov 30 10:37:13 2002
Training stage lasted 508 seconds
Final training MSE error is 3.457093
Destroying training set... OK
Destroying file table... OK
Using file '../data/speech_db/networks/trained/som25/alcaim1/som25.l03.net' to save trained network configuration... OK

Training SOM 25 CLASSES - Mauro Armond DiGiorgi
Using file '../data/speech_db/mfccs/p101-106-mfccs.l04.ctl' as training files table... OK
Training set has 1440 elements
Randomizing training set... OK
SOM training started at Sat Nov 30 10:37:15 2002
Using file 'mse/som25_alcaim1.mse' as MSE error log
Neural network training finished at Sat Nov 30 10:47:55 2002
Training stage lasted 640 seconds
Final training MSE error is 3.383938
Destroying training set... OK
Destroying file table... OK
Using file '../data/speech_db/networks/trained/som25/alcaim1/som25.l04.net' to save trained network configuration... OK

Training SOM 25 CLASSES - Eduardo Alberto Corrêa Fullen
Using file '../data/speech_db/mfccs/p101-106-mfccs.l05.ctl' as training files table... OK
Training set has 1340 elements
Randomizing training set... OK
SOM training started at Sat Nov 30 10:47:57 2002
Using file 'mse/som25_alcaim1.mse' as MSE error log
Neural network training finished at Sat Nov 30 10:57:37 2002
Training stage lasted 580 seconds
Final training MSE error is 3.443791
Destroying training set... OK
Destroying file table... OK
Using file '../data/speech_db/networks/trained/som25/alcaim1/som25.l05.net' to save trained network configuration... OK

Training SOM 25 CLASSES - Alessandra Moura Velho
Using file '../data/speech_db/mfccs/p101-106-mfccs.l06.ctl' as training files table... OK
Training set has 1705 elements
Randomizing training set... OK
SOM training started at Sat Nov 30 10:57:39 2002
Using file 'mse/som25_alcaim1.mse' as MSE error log
Neural network training finished at Sat Nov 30 11:08:41 2002
Training stage lasted 662 seconds
Final training MSE error is 3.456321
Destroying training set... OK
Destroying file table... OK
Using file '../data/speech_db/networks/trained/som25/alcaim1/som25.l06.net' to save trained network configuration... OK

Training SOM 25 CLASSES - Andréia Aparecida Costa Martins
Using file '../data/speech_db/mfccs/p101-106-mfccs.l07.ctl' as training files table... OK
Training set has 1760 elements
Randomizing training set... OK
SOM training started at Sat Nov 30 11:08:42 2002
Using file 'mse/som25_alcaim1.mse' as MSE error log
Neural network training finished at Sat Nov 30 11:19:44 2002
Training stage lasted 662 seconds
Final training MSE error is 3.418660
Destroying training set... OK
Destroying file table... OK
Using file '../data/speech_db/networks/trained/som25/alcaim1/som25.l07.net' to save trained network configuration... OK

Training SOM 25 CLASSES - Claudia Maria Soncini Bernasconi
Using file '../data/speech_db/mfccs/p101-106-mfccs.l08.ctl' as training files table... OK
Training set has 1270 elements
Randomizing training set... OK
SOM training started at Sat Nov 30 11:19:45 2002
Using file 'mse/som25_alcaim1.mse' as MSE error log
Neural network training finished at Sat Nov 30 11:27:54 2002
Training stage lasted 489 seconds
Final training MSE error is 3.461564
Destroying training set... OK
Destroying file table... OK
Using file '../data/speech_db/networks/trained/som25/alcaim1/som25.l08.net' to save trained network configuration... OK

Training SOM 25 CLASSES - Maurício Bellissimo Falleiros
Using file '../data/speech_db/mfccs/p101-106-mfccs.l09.ctl' as training files table... OK
Training set has 1140 elements
Randomizing training set... OK
SOM training started at Sat Nov 30 11:27:55 2002
Using file 'mse/som25_alcaim1.mse' as MSE error log
Neural network training finished at Sat Nov 30 11:35:14 2002
Training stage lasted 439 seconds
Final training MSE error is 3.522682
Destroying training set... OK
Destroying file table... OK
Using file '../data/speech_db/networks/trained/som25/alcaim1/som25.l09.net' to save trained network configuration... OK

Training SOM 25 CLASSES - Ana Paula Henriques
Using file '../data/speech_db/mfccs/p101-106-mfccs.l10.ctl' as training files table... OK
Training set has 1155 elements
Randomizing training set... OK
SOM training started at Sat Nov 30 11:35:15 2002
Using file 'mse/som25_alcaim1.mse' as MSE error log
Neural network training finished at Sat Nov 30 11:42:32 2002
Training stage lasted 437 seconds
Final training MSE error is 3.395143
Destroying training set... OK
Destroying file table... OK
Using file '../data/speech_db/networks/trained/som25/alcaim1/som25.l10.net' to save trained network configuration... OK

Training SOM 25 CLASSES - Roberto Cremon Godoy
Using file '../data/speech_db/mfccs/p101-106-mfccs.l11.ctl' as training files table... OK
Training set has 1360 elements
Randomizing training set... OK
SOM training started at Sat Nov 30 11:42:33 2002
Using file 'mse/som25_alcaim1.mse' as MSE error log
Neural network training finished at Sat Nov 30 11:51:22 2002
Training stage lasted 529 seconds
Final training MSE error is 3.539836
Destroying training set... OK
Destroying file table... OK
Using file '../data/speech_db/networks/trained/som25/alcaim1/som25.l11.net' to save trained network configuration... OK

Training SOM 25 CLASSES - Paulo Sergio da Silva Pfaff
Using file '../data/speech_db/mfccs/p101-106-mfccs.l12.ctl' as training files table... OK
Training set has 1465 elements
Randomizing training set... OK
SOM training started at Sat Nov 30 11:51:24 2002
Using file 'mse/som25_alcaim1.mse' as MSE error log
Neural network training finished at Sat Nov 30 12:00:44 2002
Training stage lasted 560 seconds
Final training MSE error is 3.506789
Destroying training set... OK
Destroying file table... OK
Using file '../data/speech_db/networks/trained/som25/alcaim1/som25.l12.net' to save trained network configuration... OK

Training SOM 25 CLASSES - Gabriela Sarti Ferreira
Using file '../data/speech_db/mfccs/p101-106-mfccs.l13.ctl' as training files table... OK
Training set has 1405 elements
Randomizing training set... OK
SOM training started at Sat Nov 30 12:00:45 2002
Using file 'mse/som25_alcaim1.mse' as MSE error log
Neural network training finished at Sat Nov 30 12:09:49 2002
Training stage lasted 544 seconds
Final training MSE error is 3.438549
Destroying training set... OK
Destroying file table... OK
Using file '../data/speech_db/networks/trained/som25/alcaim1/som25.l13.net' to save trained network configuration... OK

Training SOM 25 CLASSES - Fernanda Henriques
Using file '../data/speech_db/mfccs/p101-106-mfccs.l14.ctl' as training files table... OK
Training set has 1345 elements
Randomizing training set... OK
SOM training started at Sat Nov 30 12:09:50 2002
Using file 'mse/som25_alcaim1.mse' as MSE error log
Neural network training finished at Sat Nov 30 12:18:30 2002
Training stage lasted 520 seconds
Final training MSE error is 3.404902
Destroying training set... OK
Destroying file table... OK
Using file '../data/speech_db/networks/trained/som25/alcaim1/som25.l14.net' to save trained network configuration... OK
OK
Using table SPEECH_DB: MFCCS P301 TO P310 (ALCAIM3) as test table... Test set correct rate is 96.43%
