Using file '../data/speech_db/speakers.ctl' as class table control file... OK
Using file '../data/speech_db/networks/spknet_som64_alcaim2.ctl' as neural networks table...
Using file '../data/speech_db/networks/som64.net' as neural network configuration... OK
Using file '../data/speech_db/networks/som64.net' as neural network configuration... OK

Training SOM 64 CLASSES - Gabriela Sarti Ferreira
Using file '../data/speech_db/mfccs/p201-210-mfccs.l13.ctl' as training files table... OK
Training set has 1955 elements
Randomizing training set... OK
SOM training started at Sat Nov 30 20:59:41 2002
Using file 'mse/som64_alcaim2.mse' as MSE error log
Neural network training finished at Sat Nov 30 21:13:08 2002
Training stage lasted 807 seconds
Final training MSE error is 3.183356
Destroying training set... OK
Destroying file table... OK
Using file '../data/speech_db/networks/trained/som64/alcaim2/som64.l13.net' to save trained network configuration... OK

Training SOM 64 CLASSES - Fernanda Henriques
Using file '../data/speech_db/mfccs/p201-210-mfccs.l14.ctl' as training files table... OK
Training set has 1500 elements
Randomizing training set... OK
SOM training started at Sat Nov 30 21:13:09 2002
Using file 'mse/som64_alcaim2.mse' as MSE error log
Neural network training finished at Sat Nov 30 21:24:12 2002
Training stage lasted 663 seconds
Final training MSE error is 3.200653
Destroying training set... OK
Destroying file table... OK
Using file '../data/speech_db/networks/trained/som64/alcaim2/som64.l14.net' to save trained network configuration... OK
OK
Test set correct rate is 0.00%
