Using file '../data/speech_db/speakers.ctl' as class table control file... OK
Using file '../data/speech_db/networks/spknet_som64_alcaim1.ctl' as neural networks table...
Using file '../data/speech_db/networks/som64.net' as neural network configuration... OK
Using file '../data/speech_db/networks/som64.net' as neural network configuration... OK
Using file '../data/speech_db/networks/som64.net' as neural network configuration... OK
Using file '../data/speech_db/networks/som64.net' as neural network configuration... OK
Using file '../data/speech_db/networks/som64.net' as neural network configuration... OK
Using file '../data/speech_db/networks/som64.net' as neural network configuration... OK
Using file '../data/speech_db/networks/som64.net' as neural network configuration... OK
Using file '../data/speech_db/networks/som64.net' as neural network configuration... OK
Using file '../data/speech_db/networks/som64.net' as neural network configuration... OK
Using file '../data/speech_db/networks/som64.net' as neural network configuration... OK
Using file '../data/speech_db/networks/som64.net' as neural network configuration... OK
Using file '../data/speech_db/networks/som64.net' as neural network configuration... OK
Using file '../data/speech_db/networks/som64.net' as neural network configuration... OK
Using file '../data/speech_db/networks/som64.net' as neural network configuration... OK

Training SOM 64 CLASSES - Alexandre Teixeira Mafra
Using file '../data/speech_db/mfccs/p101-106-mfccs.l01.ctl' as training files table... OK
Training set has 1130 elements
Randomizing training set... OK
SOM training started at Sat Nov 30 15:36:05 2002
Using file 'mse/som64_alcaim1.mse' as MSE error log
Neural network training finished at Sat Nov 30 15:42:38 2002
Training stage lasted 393 seconds
Final training MSE error is 3.179216
Destroying training set... OK
Destroying file table... OK
Using file '../data/speech_db/networks/trained/som64/alcaim1/som64.l01.net' to save trained network configuration... OK

Training SOM 64 CLASSES - Lúcia T. Guimarães de Castro
Using file '../data/speech_db/mfccs/p101-106-mfccs.l02.ctl' as training files table... OK
Training set has 1510 elements
Randomizing training set... OK
SOM training started at Sat Nov 30 15:42:39 2002
Using file 'mse/som64_alcaim1.mse' as MSE error log
Neural network training finished at Sat Nov 30 15:51:27 2002
Training stage lasted 528 seconds
Final training MSE error is 3.106280
Destroying training set... OK
Destroying file table... OK
Using file '../data/speech_db/networks/trained/som64/alcaim1/som64.l02.net' to save trained network configuration... OK

Training SOM 64 CLASSES - Renata Ramos Rodrigues
Using file '../data/speech_db/mfccs/p101-106-mfccs.l03.ctl' as training files table... OK
Training set has 1205 elements
Randomizing training set... OK
SOM training started at Sat Nov 30 15:51:27 2002
Using file 'mse/som64_alcaim1.mse' as MSE error log
Neural network training finished at Sat Nov 30 15:58:28 2002
Training stage lasted 421 seconds
Final training MSE error is 3.096140
Destroying training set... OK
Destroying file table... OK
Using file '../data/speech_db/networks/trained/som64/alcaim1/som64.l03.net' to save trained network configuration... OK

Training SOM 64 CLASSES - Mauro Armond DiGiorgi
Using file '../data/speech_db/mfccs/p101-106-mfccs.l04.ctl' as training files table... OK
Training set has 1440 elements
Randomizing training set... OK
SOM training started at Sat Nov 30 15:58:29 2002
Using file 'mse/som64_alcaim1.mse' as MSE error log
Neural network training finished at Sat Nov 30 16:06:48 2002
Training stage lasted 499 seconds
Final training MSE error is 3.015444
Destroying training set... OK
Destroying file table... OK
Using file '../data/speech_db/networks/trained/som64/alcaim1/som64.l04.net' to save trained network configuration... OK

Training SOM 64 CLASSES - Eduardo Alberto Corrêa Fullen
Using file '../data/speech_db/mfccs/p101-106-mfccs.l05.ctl' as training files table... OK
Training set has 1340 elements
Randomizing training set... OK
SOM training started at Sat Nov 30 16:06:49 2002
Using file 'mse/som64_alcaim1.mse' as MSE error log
Neural network training finished at Sat Nov 30 16:14:33 2002
Training stage lasted 464 seconds
Final training MSE error is 3.093425
Destroying training set... OK
Destroying file table... OK
Using file '../data/speech_db/networks/trained/som64/alcaim1/som64.l05.net' to save trained network configuration... OK

Training SOM 64 CLASSES - Alessandra Moura Velho
Using file '../data/speech_db/mfccs/p101-106-mfccs.l06.ctl' as training files table... OK
Training set has 1705 elements
Randomizing training set... OK
SOM training started at Sat Nov 30 16:14:34 2002
Using file 'mse/som64_alcaim1.mse' as MSE error log
Neural network training finished at Sat Nov 30 16:24:32 2002
Training stage lasted 598 seconds
Final training MSE error is 3.104196
Destroying training set... OK
Destroying file table... OK
Using file '../data/speech_db/networks/trained/som64/alcaim1/som64.l06.net' to save trained network configuration... OK

Training SOM 64 CLASSES - Andréia Aparecida Costa Martins
Using file '../data/speech_db/mfccs/p101-106-mfccs.l07.ctl' as training files table... OK
Training set has 1760 elements
Randomizing training set... OK
SOM training started at Sat Nov 30 16:24:33 2002
Using file 'mse/som64_alcaim1.mse' as MSE error log
Neural network training finished at Sat Nov 30 16:34:48 2002
Training stage lasted 615 seconds
Final training MSE error is 3.075176
Destroying training set... OK
Destroying file table... OK
Using file '../data/speech_db/networks/trained/som64/alcaim1/som64.l07.net' to save trained network configuration... OK

Training SOM 64 CLASSES - Claudia Maria Soncini Bernasconi
Using file '../data/speech_db/mfccs/p101-106-mfccs.l08.ctl' as training files table... OK
Training set has 1270 elements
Randomizing training set... OK
SOM training started at Sat Nov 30 16:34:48 2002
Using file 'mse/som64_alcaim1.mse' as MSE error log
Neural network training finished at Sat Nov 30 16:42:14 2002
Training stage lasted 446 seconds
Final training MSE error is 3.039550
Destroying training set... OK
Destroying file table... OK
Using file '../data/speech_db/networks/trained/som64/alcaim1/som64.l08.net' to save trained network configuration... OK

Training SOM 64 CLASSES - Maurício Bellissimo Falleiros
Using file '../data/speech_db/mfccs/p101-106-mfccs.l09.ctl' as training files table... OK
Training set has 1140 elements
Randomizing training set... OK
SOM training started at Sat Nov 30 16:42:14 2002
Using file 'mse/som64_alcaim1.mse' as MSE error log
Neural network training finished at Sat Nov 30 16:48:54 2002
Training stage lasted 400 seconds
Final training MSE error is 3.136224
Destroying training set... OK
Destroying file table... OK
Using file '../data/speech_db/networks/trained/som64/alcaim1/som64.l09.net' to save trained network configuration... OK

Training SOM 64 CLASSES - Ana Paula Henriques
Using file '../data/speech_db/mfccs/p101-106-mfccs.l10.ctl' as training files table... OK
Training set has 1155 elements
Randomizing training set... OK
SOM training started at Sat Nov 30 16:48:55 2002
Using file 'mse/som64_alcaim1.mse' as MSE error log
Neural network training finished at Sat Nov 30 16:55:39 2002
Training stage lasted 404 seconds
Final training MSE error is 3.030597
Destroying training set... OK
Destroying file table... OK
Using file '../data/speech_db/networks/trained/som64/alcaim1/som64.l10.net' to save trained network configuration... OK

Training SOM 64 CLASSES - Roberto Cremon Godoy
Using file '../data/speech_db/mfccs/p101-106-mfccs.l11.ctl' as training files table... OK
Training set has 1360 elements
Randomizing training set... OK
SOM training started at Sat Nov 30 16:55:40 2002
Using file 'mse/som64_alcaim1.mse' as MSE error log
Neural network training finished at Sat Nov 30 17:03:43 2002
Training stage lasted 483 seconds
Final training MSE error is 3.161605
Destroying training set... OK
Destroying file table... OK
Using file '../data/speech_db/networks/trained/som64/alcaim1/som64.l11.net' to save trained network configuration... OK

Training SOM 64 CLASSES - Paulo Sergio da Silva Pfaff
Using file '../data/speech_db/mfccs/p101-106-mfccs.l12.ctl' as training files table... OK
Training set has 1465 elements
Randomizing training set... OK
SOM training started at Sat Nov 30 17:03:44 2002
Using file 'mse/som64_alcaim1.mse' as MSE error log
Neural network training finished at Sat Nov 30 17:12:18 2002
Training stage lasted 514 seconds
Final training MSE error is 3.152154
Destroying training set... OK
Destroying file table... OK
Using file '../data/speech_db/networks/trained/som64/alcaim1/som64.l12.net' to save trained network configuration... OK

Training SOM 64 CLASSES - Gabriela Sarti Ferreira
Using file '../data/speech_db/mfccs/p101-106-mfccs.l13.ctl' as training files table... OK
Training set has 1405 elements
Randomizing training set... OK
SOM training started at Sat Nov 30 17:12:18 2002
Using file 'mse/som64_alcaim1.mse' as MSE error log
Neural network training finished at Sat Nov 30 17:20:34 2002
Training stage lasted 496 seconds
Final training MSE error is 3.048203
Destroying training set... OK
Destroying file table... OK
Using file '../data/speech_db/networks/trained/som64/alcaim1/som64.l13.net' to save trained network configuration... OK

Training SOM 64 CLASSES - Fernanda Henriques
Using file '../data/speech_db/mfccs/p101-106-mfccs.l14.ctl' as training files table... OK
Training set has 1345 elements
Randomizing training set... OK
SOM training started at Sat Nov 30 17:20:35 2002
Using file 'mse/som64_alcaim1.mse' as MSE error log
Neural network training finished at Sat Nov 30 17:28:30 2002
Training stage lasted 475 seconds
Final training MSE error is 3.053926
Destroying training set... OK
Destroying file table... OK
Using file '../data/speech_db/networks/trained/som64/alcaim1/som64.l14.net' to save trained network configuration... OK
OK
Test set correct rate is 0.00%
