Using file '../data/speech_db/speakers.ctl' as class table control file... OK
Using file '../data/speech_db/networks/spknet_som64_spoltech.ctl' as neural networks table...
Using file '../data/speech_db/networks/som64.net' as neural network configuration... OK
Using file '../data/speech_db/networks/som64.net' as neural network configuration... OK
Using file '../data/speech_db/networks/som64.net' as neural network configuration... OK
Using file '../data/speech_db/networks/som64.net' as neural network configuration... OK
Using file '../data/speech_db/networks/som64.net' as neural network configuration... OK
Using file '../data/speech_db/networks/som64.net' as neural network configuration... OK
Using file '../data/speech_db/networks/som64.net' as neural network configuration... OK
Using file '../data/speech_db/networks/som64.net' as neural network configuration... OK
Using file '../data/speech_db/networks/som64.net' as neural network configuration... OK
Using file '../data/speech_db/networks/som64.net' as neural network configuration... OK
Using file '../data/speech_db/networks/som64.net' as neural network configuration... OK
Using file '../data/speech_db/networks/som64.net' as neural network configuration... OK
Using file '../data/speech_db/networks/som64.net' as neural network configuration... OK
Using file '../data/speech_db/networks/som64.net' as neural network configuration... OK

Training SOM 64 CLASSES - Alexandre Teixeira Mafra
Using file '../data/speech_db/mfccs/p001-006-mfccs.l01.ctl' as training files table... OK
Training set has 1130 elements
Randomizing training set... OK
SOM training started at Sat Nov 30 12:46:04 2002
Using file 'mse/som64_spoltech.mse' as MSE error log
Neural network training finished at Sat Nov 30 12:58:58 2002
Training stage lasted 774 seconds
Final training MSE error is 3.171608
Destroying training set... OK
Destroying file table... OK
Using file '../data/speech_db/networks/trained/som64/spoltech/som64.l01.net' to save trained network configuration... OK

Training SOM 64 CLASSES - Lúcia T. Guimarães de Castro
Using file '../data/speech_db/mfccs/p001-006-mfccs.l02.ctl' as training files table... OK
Training set has 1510 elements
Randomizing training set... OK
SOM training started at Sat Nov 30 12:59:00 2002
Using file 'mse/som64_spoltech.mse' as MSE error log
Neural network training finished at Sat Nov 30 13:16:52 2002
Training stage lasted 1072 seconds
Final training MSE error is 3.119031
Destroying training set... OK
Destroying file table... OK
Using file '../data/speech_db/networks/trained/som64/spoltech/som64.l02.net' to save trained network configuration... OK

Training SOM 64 CLASSES - Renata Ramos Rodrigues
Using file '../data/speech_db/mfccs/p001-006-mfccs.l03.ctl' as training files table... OK
Training set has 1205 elements
Randomizing training set... OK
SOM training started at Sat Nov 30 13:16:53 2002
Using file 'mse/som64_spoltech.mse' as MSE error log
Neural network training finished at Sat Nov 30 13:31:11 2002
Training stage lasted 858 seconds
Final training MSE error is 3.082382
Destroying training set... OK
Destroying file table... OK
Using file '../data/speech_db/networks/trained/som64/spoltech/som64.l03.net' to save trained network configuration... OK

Training SOM 64 CLASSES - Mauro Armond DiGiorgi
Using file '../data/speech_db/mfccs/p001-006-mfccs.l04.ctl' as training files table... OK
Training set has 1440 elements
Randomizing training set... OK
SOM training started at Sat Nov 30 13:31:12 2002
Using file 'mse/som64_spoltech.mse' as MSE error log
Neural network training finished at Sat Nov 30 13:48:41 2002
Training stage lasted 1049 seconds
Final training MSE error is 3.017640
Destroying training set... OK
Destroying file table... OK
Using file '../data/speech_db/networks/trained/som64/spoltech/som64.l04.net' to save trained network configuration... OK

Training SOM 64 CLASSES - Eduardo Alberto Corrêa Fullen
Using file '../data/speech_db/mfccs/p001-006-mfccs.l05.ctl' as training files table... OK
Training set has 1340 elements
Randomizing training set... OK
SOM training started at Sat Nov 30 13:48:43 2002
Using file 'mse/som64_spoltech.mse' as MSE error log
Neural network training finished at Sat Nov 30 14:04:22 2002
Training stage lasted 939 seconds
Final training MSE error is 3.074618
Destroying training set... OK
Destroying file table... OK
Using file '../data/speech_db/networks/trained/som64/spoltech/som64.l05.net' to save trained network configuration... OK

Training SOM 64 CLASSES - Alessandra Moura Velho
Using file '../data/speech_db/mfccs/p001-006-mfccs.l06.ctl' as training files table... OK
Training set has 1705 elements
Randomizing training set... OK
SOM training started at Sat Nov 30 14:04:24 2002
Using file 'mse/som64_spoltech.mse' as MSE error log
Neural network training finished at Sat Nov 30 14:17:23 2002
Training stage lasted 779 seconds
Final training MSE error is 3.114704
Destroying training set... OK
Destroying file table... OK
Using file '../data/speech_db/networks/trained/som64/spoltech/som64.l06.net' to save trained network configuration... OK

Training SOM 64 CLASSES - Andréia Aparecida Costa Martins
Using file '../data/speech_db/mfccs/p001-006-mfccs.l07.ctl' as training files table... OK
Training set has 1760 elements
Randomizing training set... OK
SOM training started at Sat Nov 30 14:17:24 2002
Using file 'mse/som64_spoltech.mse' as MSE error log
Neural network training finished at Sat Nov 30 14:27:32 2002
Training stage lasted 608 seconds
Final training MSE error is 3.055174
Destroying training set... OK
Destroying file table... OK
Using file '../data/speech_db/networks/trained/som64/spoltech/som64.l07.net' to save trained network configuration... OK

Training SOM 64 CLASSES - Claudia Maria Soncini Bernasconi
Using file '../data/speech_db/mfccs/p001-006-mfccs.l08.ctl' as training files table... OK
Training set has 1270 elements
Randomizing training set... OK
SOM training started at Sat Nov 30 14:27:33 2002
Using file 'mse/som64_spoltech.mse' as MSE error log
Neural network training finished at Sat Nov 30 14:40:25 2002
Training stage lasted 772 seconds
Final training MSE error is 3.039929
Destroying training set... OK
Destroying file table... OK
Using file '../data/speech_db/networks/trained/som64/spoltech/som64.l08.net' to save trained network configuration... OK

Training SOM 64 CLASSES - Maurício Bellissimo Falleiros
Using file '../data/speech_db/mfccs/p001-006-mfccs.l09.ctl' as training files table... OK
Training set has 1140 elements
Randomizing training set... OK
SOM training started at Sat Nov 30 14:40:26 2002
Using file 'mse/som64_spoltech.mse' as MSE error log
Neural network training finished at Sat Nov 30 14:53:29 2002
Training stage lasted 783 seconds
Final training MSE error is 3.130121
Destroying training set... OK
Destroying file table... OK
Using file '../data/speech_db/networks/trained/som64/spoltech/som64.l09.net' to save trained network configuration... OK

Training SOM 64 CLASSES - Ana Paula Henriques
Using file '../data/speech_db/mfccs/p001-006-mfccs.l10.ctl' as training files table... OK
Training set has 1155 elements
Randomizing training set... OK
SOM training started at Sat Nov 30 14:53:31 2002
Using file 'mse/som64_spoltech.mse' as MSE error log
Neural network training finished at Sat Nov 30 15:04:04 2002
Training stage lasted 633 seconds
Final training MSE error is 3.032093
Destroying training set... OK
Destroying file table... OK
Using file '../data/speech_db/networks/trained/som64/spoltech/som64.l10.net' to save trained network configuration... OK

Training SOM 64 CLASSES - Roberto Cremon Godoy
Using file '../data/speech_db/mfccs/p001-006-mfccs.l11.ctl' as training files table... OK
Training set has 1360 elements
Randomizing training set... OK
SOM training started at Sat Nov 30 15:04:05 2002
Using file 'mse/som64_spoltech.mse' as MSE error log
Neural network training finished at Sat Nov 30 15:11:46 2002
Training stage lasted 461 seconds
Final training MSE error is 3.173078
Destroying training set... OK
Destroying file table... OK
Using file '../data/speech_db/networks/trained/som64/spoltech/som64.l11.net' to save trained network configuration... OK

Training SOM 64 CLASSES - Paulo Sergio da Silva Pfaff
Using file '../data/speech_db/mfccs/p001-006-mfccs.l12.ctl' as training files table... OK
Training set has 1465 elements
Randomizing training set... OK
SOM training started at Sat Nov 30 15:11:47 2002
Using file 'mse/som64_spoltech.mse' as MSE error log
Neural network training finished at Sat Nov 30 15:20:09 2002
Training stage lasted 502 seconds
Final training MSE error is 3.152932
Destroying training set... OK
Destroying file table... OK
Using file '../data/speech_db/networks/trained/som64/spoltech/som64.l12.net' to save trained network configuration... OK

Training SOM 64 CLASSES - Gabriela Sarti Ferreira
Using file '../data/speech_db/mfccs/p001-006-mfccs.l13.ctl' as training files table... OK
Training set has 1405 elements
Randomizing training set... OK
SOM training started at Sat Nov 30 15:20:10 2002
Using file 'mse/som64_spoltech.mse' as MSE error log
Neural network training finished at Sat Nov 30 15:28:15 2002
Training stage lasted 485 seconds
Final training MSE error is 3.051232
Destroying training set... OK
Destroying file table... OK
Using file '../data/speech_db/networks/trained/som64/spoltech/som64.l13.net' to save trained network configuration... OK

Training SOM 64 CLASSES - Fernanda Henriques
Using file '../data/speech_db/mfccs/p001-006-mfccs.l14.ctl' as training files table... OK
Training set has 1345 elements
Randomizing training set... OK
SOM training started at Sat Nov 30 15:28:16 2002
Using file 'mse/som64_spoltech.mse' as MSE error log
Neural network training finished at Sat Nov 30 15:36:04 2002
Training stage lasted 468 seconds
Final training MSE error is 3.062680
Destroying training set... OK
Destroying file table... OK
Using file '../data/speech_db/networks/trained/som64/spoltech/som64.l14.net' to save trained network configuration... OK
OK
Test set correct rate is 0.00%
