Using file '../data/speech_db/speakers.ctl' as class table control file... OK
Using file '../data/speech_db/networks/spknet_som16_alcaim2.ctl' as networks table...
Using file '../data/speech_db/networks/som16.net' as neural network configuration... OK
Using file '../data/speech_db/networks/som16.net' as neural network configuration... OK
Using file '../data/speech_db/networks/som16.net' as neural network configuration... OK
Using file '../data/speech_db/networks/som16.net' as neural network configuration... OK
Using file '../data/speech_db/networks/som16.net' as neural network configuration... OK
Using file '../data/speech_db/networks/som16.net' as neural network configuration... OK
Using file '../data/speech_db/networks/som16.net' as neural network configuration... OK
Using file '../data/speech_db/networks/som16.net' as neural network configuration... OK
Using file '../data/speech_db/networks/som16.net' as neural network configuration... OK
Using file '../data/speech_db/networks/som16.net' as neural network configuration... OK
Using file '../data/speech_db/networks/som16.net' as neural network configuration... OK
Using file '../data/speech_db/networks/som16.net' as neural network configuration... OK
Using file '../data/speech_db/networks/som16.net' as neural network configuration... OK
Using file '../data/speech_db/networks/som16.net' as neural network configuration... OK
OK

Training SOM 16 CLASSES - Alexandre Teixeira Mafra
Using file '../data/speech_db/mfccs/p201-210-mfccs.l01.ctl' as training files table... OK
Training set has 1425 elements
Randomizing training set... OK
SOM training started at Tue Dec  3 00:34:21 2002
Using file 'mse/som16_alcaim2.mse' as MSE error log
Neural network training finished at Tue Dec  3 00:37:30 2002
Training stage lasted 189 seconds
Final training MSE error is 3.907387
Destroying training set... OK
Destroying file table... OK
Using file '../data/speech_db/networks/trained/som16/alcaim2/som16.l01.net' to save trained network configuration... OK

Training SOM 16 CLASSES - Lúcia T. Guimarães de Castro
Using file '../data/speech_db/mfccs/p201-210-mfccs.l02.ctl' as training files table... OK
Training set has 2065 elements
Randomizing training set... OK
SOM training started at Tue Dec  3 00:37:31 2002
Using file 'mse/som16_alcaim2.mse' as MSE error log
Neural network training finished at Tue Dec  3 00:42:39 2002
Training stage lasted 308 seconds
Final training MSE error is 3.854281
Destroying training set... OK
Destroying file table... OK
Using file '../data/speech_db/networks/trained/som16/alcaim2/som16.l02.net' to save trained network configuration... OK

Training SOM 16 CLASSES - Renata Ramos Rodrigues
Using file '../data/speech_db/mfccs/p201-210-mfccs.l03.ctl' as training files table... OK
Training set has 1660 elements
Randomizing training set... OK
SOM training started at Tue Dec  3 00:42:40 2002
Using file 'mse/som16_alcaim2.mse' as MSE error log
Neural network training finished at Tue Dec  3 00:46:54 2002
Training stage lasted 254 seconds
Final training MSE error is 3.862804
Destroying training set... OK
Destroying file table... OK
Using file '../data/speech_db/networks/trained/som16/alcaim2/som16.l03.net' to save trained network configuration... OK

Training SOM 16 CLASSES - Mauro Armond DiGiorgi
Using file '../data/speech_db/mfccs/p201-210-mfccs.l04.ctl' as training files table... OK
Training set has 1755 elements
Randomizing training set... OK
SOM training started at Tue Dec  3 00:46:55 2002
Using file 'mse/som16_alcaim2.mse' as MSE error log
Neural network training finished at Tue Dec  3 00:50:44 2002
Training stage lasted 229 seconds
Final training MSE error is 3.740991
Destroying training set... OK
Destroying file table... OK
Using file '../data/speech_db/networks/trained/som16/alcaim2/som16.l04.net' to save trained network configuration... OK

Training SOM 16 CLASSES - Eduardo Alberto Corrêa Fullen
Using file '../data/speech_db/mfccs/p201-210-mfccs.l05.ctl' as training files table... OK
Training set has 1615 elements
Randomizing training set... OK
SOM training started at Tue Dec  3 00:50:45 2002
Using file 'mse/som16_alcaim2.mse' as MSE error log
Neural network training finished at Tue Dec  3 00:54:57 2002
Training stage lasted 252 seconds
Final training MSE error is 3.761101
Destroying training set... OK
Destroying file table... OK
Using file '../data/speech_db/networks/trained/som16/alcaim2/som16.l05.net' to save trained network configuration... OK

Training SOM 16 CLASSES - Alessandra Moura Velho
Using file '../data/speech_db/mfccs/p201-210-mfccs.l06.ctl' as training files table... OK
Training set has 2240 elements
Randomizing training set... OK
SOM training started at Tue Dec  3 00:54:59 2002
Using file 'mse/som16_alcaim2.mse' as MSE error log
Neural network training finished at Tue Dec  3 01:02:15 2002
Training stage lasted 436 seconds
Final training MSE error is 3.834785
Destroying training set... OK
Destroying file table... OK
Using file '../data/speech_db/networks/trained/som16/alcaim2/som16.l06.net' to save trained network configuration... OK

Training SOM 16 CLASSES - Andréia Aparecida Costa Martins
Using file '../data/speech_db/mfccs/p201-210-mfccs.l07.ctl' as training files table... OK
Training set has 2055 elements
Randomizing training set... OK
SOM training started at Tue Dec  3 01:02:16 2002
Using file 'mse/som16_alcaim2.mse' as MSE error log
Neural network training finished at Tue Dec  3 01:07:05 2002
Training stage lasted 289 seconds
Final training MSE error is 3.783249
Destroying training set... OK
Destroying file table... OK
Using file '../data/speech_db/networks/trained/som16/alcaim2/som16.l07.net' to save trained network configuration... OK

Training SOM 16 CLASSES - Claudia Maria Soncini Bernasconi
Using file '../data/speech_db/mfccs/p201-210-mfccs.l08.ctl' as training files table... OK
Training set has 1490 elements
Randomizing training set... OK
SOM training started at Tue Dec  3 01:07:06 2002
Using file 'mse/som16_alcaim2.mse' as MSE error log
Neural network training finished at Tue Dec  3 01:10:49 2002
Training stage lasted 223 seconds
Final training MSE error is 3.799229
Destroying training set... OK
Destroying file table... OK
Using file '../data/speech_db/networks/trained/som16/alcaim2/som16.l08.net' to save trained network configuration... OK

Training SOM 16 CLASSES - Maurício Bellissimo Falleiros
Using file '../data/speech_db/mfccs/p201-210-mfccs.l09.ctl' as training files table... OK
Training set has 1250 elements
Randomizing training set... OK
SOM training started at Tue Dec  3 01:10:50 2002
Using file 'mse/som16_alcaim2.mse' as MSE error log
Neural network training finished at Tue Dec  3 01:13:55 2002
Training stage lasted 185 seconds
Final training MSE error is 3.922188
Destroying training set... OK
Destroying file table... OK
Using file '../data/speech_db/networks/trained/som16/alcaim2/som16.l09.net' to save trained network configuration... OK

Training SOM 16 CLASSES - Ana Paula Henriques
Using file '../data/speech_db/mfccs/p201-210-mfccs.l10.ctl' as training files table... OK
Training set has 1560 elements
Randomizing training set... OK
SOM training started at Tue Dec  3 01:13:56 2002
Using file 'mse/som16_alcaim2.mse' as MSE error log
Neural network training finished at Tue Dec  3 01:17:21 2002
Training stage lasted 205 seconds
Final training MSE error is 3.781904
Destroying training set... OK
Destroying file table... OK
Using file '../data/speech_db/networks/trained/som16/alcaim2/som16.l10.net' to save trained network configuration... OK

Training SOM 16 CLASSES - Roberto Cremon Godoy
Using file '../data/speech_db/mfccs/p201-210-mfccs.l11.ctl' as training files table... OK
Training set has 1710 elements
Randomizing training set... OK
SOM training started at Tue Dec  3 01:17:22 2002
Using file 'mse/som16_alcaim2.mse' as MSE error log
Neural network training finished at Tue Dec  3 01:21:21 2002
Training stage lasted 239 seconds
Final training MSE error is 3.905970
Destroying training set... OK
Destroying file table... OK
Using file '../data/speech_db/networks/trained/som16/alcaim2/som16.l11.net' to save trained network configuration... OK

Training SOM 16 CLASSES - Paulo Sergio da Silva Pfaff
Using file '../data/speech_db/mfccs/p201-210-mfccs.l12.ctl' as training files table... OK
Training set has 2000 elements
Randomizing training set... OK
SOM training started at Tue Dec  3 01:21:22 2002
Using file 'mse/som16_alcaim2.mse' as MSE error log
Neural network training finished at Tue Dec  3 01:25:58 2002
Training stage lasted 276 seconds
Final training MSE error is 3.803833
Destroying training set... OK
Destroying file table... OK
Using file '../data/speech_db/networks/trained/som16/alcaim2/som16.l12.net' to save trained network configuration... OK

Training SOM 16 CLASSES - Gabriela Sarti Ferreira
Using file '../data/speech_db/mfccs/p201-210-mfccs.l13.ctl' as training files table... OK
Training set has 1955 elements
Randomizing training set... OK
SOM training started at Tue Dec  3 01:25:59 2002
Using file 'mse/som16_alcaim2.mse' as MSE error log
Neural network training finished at Tue Dec  3 01:30:19 2002
Training stage lasted 260 seconds
Final training MSE error is 3.773800
Destroying training set... OK
Destroying file table... OK
Using file '../data/speech_db/networks/trained/som16/alcaim2/som16.l13.net' to save trained network configuration... OK

Training SOM 16 CLASSES - Fernanda Henriques
Using file '../data/speech_db/mfccs/p201-210-mfccs.l14.ctl' as training files table... OK
Training set has 1500 elements
Randomizing training set... OK
SOM training started at Tue Dec  3 01:30:20 2002
Using file 'mse/som16_alcaim2.mse' as MSE error log
Neural network training finished at Tue Dec  3 01:34:08 2002
Training stage lasted 228 seconds
Final training MSE error is 3.842279
Destroying training set... OK
Destroying file table... OK
Using file '../data/speech_db/networks/trained/som16/alcaim2/som16.l14.net' to save trained network configuration... OK
Test set correct rate is 0.00%
