SOM training started at Mon Dec  2 22:53:30 2002
Using file 'mse/som16_spoltech.mse' as MSE error log
Using file '../data/speech_db/speakers.ctl' as class table control file... OK
Using file '../data/speech_db/networks/spknet_som16_spoltech.ctl' as networks table...
Using file '../data/speech_db/networks/som16.net' as neural network configuration... OK
Using file '../data/speech_db/networks/som16.net' as neural network configuration... OK
Using file '../data/speech_db/networks/som16.net' as neural network configuration... OK
Using file '../data/speech_db/networks/som16.net' as neural network configuration... OK
Using file '../data/speech_db/networks/som16.net' as neural network configuration... OK
Using file '../data/speech_db/networks/som16.net' as neural network configuration... OK
Using file '../data/speech_db/networks/som16.net' as neural network configuration... OK
Using file '../data/speech_db/networks/som16.net' as neural network configuration... OK
Using file '../data/speech_db/networks/som16.net' as neural network configuration... OK
Using file '../data/speech_db/networks/som16.net' as neural network configuration... OK
Using file '../data/speech_db/networks/som16.net' as neural network configuration... OK
Using file '../data/speech_db/networks/som16.net' as neural network configuration... OK
Using file '../data/speech_db/networks/som16.net' as neural network configuration... OK
Using file '../data/speech_db/networks/som16.net' as neural network configuration... OK
OK

Training SOM 16 CLASSES - Alexandre Teixeira Mafra
Using file '../data/speech_db/mfccs/p001-006-mfccs.l01.ctl' as training files table... OK
Training set has 1130 elements
Randomizing training set... OK
SOM training started at Mon Dec  2 22:56:47 2002
Using file 'mse/som16_spoltech.mse' as MSE error log
Neural network training finished at Mon Dec  2 22:59:12 2002
Training stage lasted 145 seconds
Final training MSE error is 3.850350
Destroying training set... OK
Destroying file table... OK
Using file '../data/speech_db/networks/trained/som16/spoltech/som16.l01.net' to save trained network configuration... OK

Training SOM 16 CLASSES - Lúcia T. Guimarães de Castro
Using file '../data/speech_db/mfccs/p001-006-mfccs.l02.ctl' as training files table... OK
Training set has 1510 elements
Randomizing training set... OK
SOM training started at Mon Dec  2 22:59:13 2002
Using file 'mse/som16_spoltech.mse' as MSE error log
Neural network training finished at Mon Dec  2 23:02:25 2002
Training stage lasted 192 seconds
Final training MSE error is 3.756444
Destroying training set... OK
Destroying file table... OK
Using file '../data/speech_db/networks/trained/som16/spoltech/som16.l02.net' to save trained network configuration... OK

Training SOM 16 CLASSES - Renata Ramos Rodrigues
Using file '../data/speech_db/mfccs/p001-006-mfccs.l03.ctl' as training files table... OK
Training set has 1205 elements
Randomizing training set... OK
SOM training started at Mon Dec  2 23:02:26 2002
Using file 'mse/som16_spoltech.mse' as MSE error log
Neural network training finished at Mon Dec  2 23:05:04 2002
Training stage lasted 158 seconds
Final training MSE error is 3.737171
Destroying training set... OK
Destroying file table... OK
Using file '../data/speech_db/networks/trained/som16/spoltech/som16.l03.net' to save trained network configuration... OK

Training SOM 16 CLASSES - Mauro Armond DiGiorgi
Using file '../data/speech_db/mfccs/p001-006-mfccs.l04.ctl' as training files table... OK
Training set has 1440 elements
Randomizing training set... OK
SOM training started at Mon Dec  2 23:05:05 2002
Using file 'mse/som16_spoltech.mse' as MSE error log
Neural network training finished at Mon Dec  2 23:08:13 2002
Training stage lasted 188 seconds
Final training MSE error is 3.704218
Destroying training set... OK
Destroying file table... OK
Using file '../data/speech_db/networks/trained/som16/spoltech/som16.l04.net' to save trained network configuration... OK

Training SOM 16 CLASSES - Eduardo Alberto Corrêa Fullen
Using file '../data/speech_db/mfccs/p001-006-mfccs.l05.ctl' as training files table... OK
Training set has 1340 elements
Randomizing training set... OK
SOM training started at Mon Dec  2 23:08:14 2002
Using file 'mse/som16_spoltech.mse' as MSE error log
Neural network training finished at Mon Dec  2 23:11:02 2002
Training stage lasted 168 seconds
Final training MSE error is 3.711907
Destroying training set... OK
Destroying file table... OK
Using file '../data/speech_db/networks/trained/som16/spoltech/som16.l05.net' to save trained network configuration... OK

Training SOM 16 CLASSES - Alessandra Moura Velho
Using file '../data/speech_db/mfccs/p001-006-mfccs.l06.ctl' as training files table... OK
Training set has 1705 elements
Randomizing training set... OK
SOM training started at Mon Dec  2 23:11:03 2002
Using file 'mse/som16_spoltech.mse' as MSE error log
Neural network training finished at Mon Dec  2 23:14:38 2002
Training stage lasted 215 seconds
Final training MSE error is 3.724510
Destroying training set... OK
Destroying file table... OK
Using file '../data/speech_db/networks/trained/som16/spoltech/som16.l06.net' to save trained network configuration... OK

Training SOM 16 CLASSES - Andréia Aparecida Costa Martins
Using file '../data/speech_db/mfccs/p001-006-mfccs.l07.ctl' as training files table... OK
Training set has 1760 elements
Randomizing training set... OK
SOM training started at Mon Dec  2 23:14:39 2002
Using file 'mse/som16_spoltech.mse' as MSE error log
Neural network training finished at Mon Dec  2 23:18:15 2002
Training stage lasted 216 seconds
Final training MSE error is 3.705028
Destroying training set... OK
Destroying file table... OK
Using file '../data/speech_db/networks/trained/som16/spoltech/som16.l07.net' to save trained network configuration... OK

Training SOM 16 CLASSES - Claudia Maria Soncini Bernasconi
Using file '../data/speech_db/mfccs/p001-006-mfccs.l08.ctl' as training files table... OK
Training set has 1270 elements
Randomizing training set... OK
SOM training started at Mon Dec  2 23:18:15 2002
Using file 'mse/som16_spoltech.mse' as MSE error log
Neural network training finished at Mon Dec  2 23:20:59 2002
Training stage lasted 164 seconds
Final training MSE error is 3.710483
Destroying training set... OK
Destroying file table... OK
Using file '../data/speech_db/networks/trained/som16/spoltech/som16.l08.net' to save trained network configuration... OK

Training SOM 16 CLASSES - Maurício Bellissimo Falleiros
Using file '../data/speech_db/mfccs/p001-006-mfccs.l09.ctl' as training files table... OK
Training set has 1140 elements
Randomizing training set... OK
SOM training started at Mon Dec  2 23:21:00 2002
Using file 'mse/som16_spoltech.mse' as MSE error log
Neural network training finished at Mon Dec  2 23:23:36 2002
Training stage lasted 156 seconds
Final training MSE error is 3.821485
Destroying training set... OK
Destroying file table... OK
Using file '../data/speech_db/networks/trained/som16/spoltech/som16.l09.net' to save trained network configuration... OK

Training SOM 16 CLASSES - Ana Paula Henriques
Using file '../data/speech_db/mfccs/p001-006-mfccs.l10.ctl' as training files table... OK
Training set has 1155 elements
Randomizing training set... OK
SOM training started at Mon Dec  2 23:23:37 2002
Using file 'mse/som16_spoltech.mse' as MSE error log
Neural network training finished at Mon Dec  2 23:26:04 2002
Training stage lasted 147 seconds
Final training MSE error is 3.721538
Destroying training set... OK
Destroying file table... OK
Using file '../data/speech_db/networks/trained/som16/spoltech/som16.l10.net' to save trained network configuration... OK

Training SOM 16 CLASSES - Roberto Cremon Godoy
Using file '../data/speech_db/mfccs/p001-006-mfccs.l11.ctl' as training files table... OK
Training set has 1360 elements
Randomizing training set... OK
SOM training started at Mon Dec  2 23:26:05 2002
Using file 'mse/som16_spoltech.mse' as MSE error log
Neural network training finished at Mon Dec  2 23:28:56 2002
Training stage lasted 171 seconds
Final training MSE error is 3.809140
Destroying training set... OK
Destroying file table... OK
Using file '../data/speech_db/networks/trained/som16/spoltech/som16.l11.net' to save trained network configuration... OK

Training SOM 16 CLASSES - Paulo Sergio da Silva Pfaff
Using file '../data/speech_db/mfccs/p001-006-mfccs.l12.ctl' as training files table... OK
Training set has 1465 elements
Randomizing training set... OK
SOM training started at Mon Dec  2 23:28:57 2002
Using file 'mse/som16_spoltech.mse' as MSE error log
Neural network training finished at Mon Dec  2 23:32:13 2002
Training stage lasted 196 seconds
Final training MSE error is 3.780217
Destroying training set... OK
Destroying file table... OK
Using file '../data/speech_db/networks/trained/som16/spoltech/som16.l12.net' to save trained network configuration... OK

Training SOM 16 CLASSES - Gabriela Sarti Ferreira
Using file '../data/speech_db/mfccs/p001-006-mfccs.l13.ctl' as training files table... OK
Training set has 1405 elements
Randomizing training set... OK
SOM training started at Mon Dec  2 23:32:14 2002
Using file 'mse/som16_spoltech.mse' as MSE error log
Neural network training finished at Mon Dec  2 23:35:17 2002
Training stage lasted 183 seconds
Final training MSE error is 3.742413
Destroying training set... OK
Destroying file table... OK
Using file '../data/speech_db/networks/trained/som16/spoltech/som16.l13.net' to save trained network configuration... OK

Training SOM 16 CLASSES - Fernanda Henriques
Using file '../data/speech_db/mfccs/p001-006-mfccs.l14.ctl' as training files table... OK
Training set has 1345 elements
Randomizing training set... OK
SOM training started at Mon Dec  2 23:35:18 2002
Using file 'mse/som16_spoltech.mse' as MSE error log
Neural network training finished at Mon Dec  2 23:38:09 2002
Training stage lasted 171 seconds
Final training MSE error is 3.698333
Destroying training set... OK
Destroying file table... OK
Using file '../data/speech_db/networks/trained/som16/spoltech/som16.l14.net' to save trained network configuration... OK
Test set correct rate is 0.00%
