Using file '../data/speech_db/speakers.ctl' as class table control file... OK
Using file '../data/speech_db/networks/spknet_som16_alcaim3.ctl' as networks table...
Using file '../data/speech_db/networks/som16.net' as neural network configuration... OK
Using file '../data/speech_db/networks/som16.net' as neural network configuration... OK
Using file '../data/speech_db/networks/som16.net' as neural network configuration... OK
Using file '../data/speech_db/networks/som16.net' as neural network configuration... OK
Using file '../data/speech_db/networks/som16.net' as neural network configuration... OK
Using file '../data/speech_db/networks/som16.net' as neural network configuration... OK
Using file '../data/speech_db/networks/som16.net' as neural network configuration... OK
Using file '../data/speech_db/networks/som16.net' as neural network configuration... OK
Using file '../data/speech_db/networks/som16.net' as neural network configuration... OK
Using file '../data/speech_db/networks/som16.net' as neural network configuration... OK
Using file '../data/speech_db/networks/som16.net' as neural network configuration... OK
Using file '../data/speech_db/networks/som16.net' as neural network configuration... OK
Using file '../data/speech_db/networks/som16.net' as neural network configuration... OK
Using file '../data/speech_db/networks/som16.net' as neural network configuration... OK
OK

Training SOM 16 CLASSES - Alexandre Teixeira Mafra
Using file '../data/speech_db/mfccs/p301-310-mfccs.l01.ctl' as training files table... OK
Training set has 2170 elements
Randomizing training set... OK
SOM training started at Wed Dec  4 06:23:41 2002
Using file 'mse/som16_alcaim3.mse' as MSE error log
Neural network training finished at Wed Dec  4 06:23:43 2002
Training stage lasted 2 seconds
Final training MSE error is 4.653590
Destroying training set... OK
Destroying file table... OK
Using file '../data/speech_db/networks/trained/som16/alcaim3/som16.l01.net' to save trained network configuration... OK

Training SOM 16 CLASSES - Lúcia T. Guimarães de Castro
Using file '../data/speech_db/mfccs/p301-310-mfccs.l02.ctl' as training files table... OK
Training set has 3000 elements
Randomizing training set... OK
SOM training started at Wed Dec  4 06:23:44 2002
Using file 'mse/som16_alcaim3.mse' as MSE error log
Neural network training finished at Wed Dec  4 06:23:47 2002
Training stage lasted 3 seconds
Final training MSE error is 4.616935
Destroying training set... OK
Destroying file table... OK
Using file '../data/speech_db/networks/trained/som16/alcaim3/som16.l02.net' to save trained network configuration... OK

Training SOM 16 CLASSES - Renata Ramos Rodrigues
Using file '../data/speech_db/mfccs/p301-310-mfccs.l03.ctl' as training files table... OK
Training set has 2400 elements
Randomizing training set... OK
SOM training started at Wed Dec  4 06:23:48 2002
Using file 'mse/som16_alcaim3.mse' as MSE error log
Neural network training finished at Wed Dec  4 06:23:51 2002
Training stage lasted 3 seconds
Final training MSE error is 4.600228
Destroying training set... OK
Destroying file table... OK
Using file '../data/speech_db/networks/trained/som16/alcaim3/som16.l03.net' to save trained network configuration... OK

Training SOM 16 CLASSES - Mauro Armond DiGiorgi
Using file '../data/speech_db/mfccs/p301-310-mfccs.l04.ctl' as training files table... OK
Training set has 2690 elements
Randomizing training set... OK
SOM training started at Wed Dec  4 06:23:52 2002
Using file 'mse/som16_alcaim3.mse' as MSE error log
Neural network training finished at Wed Dec  4 06:23:55 2002
Training stage lasted 3 seconds
Final training MSE error is 4.594036
Destroying training set... OK
Destroying file table... OK
Using file '../data/speech_db/networks/trained/som16/alcaim3/som16.l04.net' to save trained network configuration... OK

Training SOM 16 CLASSES - Eduardo Alberto Corrêa Fullen
Using file '../data/speech_db/mfccs/p301-310-mfccs.l05.ctl' as training files table... OK
Training set has 2405 elements
Randomizing training set... OK
SOM training started at Wed Dec  4 06:23:56 2002
Using file 'mse/som16_alcaim3.mse' as MSE error log
Neural network training finished at Wed Dec  4 06:23:58 2002
Training stage lasted 2 seconds
Final training MSE error is 4.579820
Destroying training set... OK
Destroying file table... OK
Using file '../data/speech_db/networks/trained/som16/alcaim3/som16.l05.net' to save trained network configuration... OK

Training SOM 16 CLASSES - Alessandra Moura Velho
Using file '../data/speech_db/mfccs/p301-310-mfccs.l06.ctl' as training files table... OK
Training set has 3120 elements
Randomizing training set... OK
SOM training started at Wed Dec  4 06:24:00 2002
Using file 'mse/som16_alcaim3.mse' as MSE error log
Neural network training finished at Wed Dec  4 06:24:03 2002
Training stage lasted 3 seconds
Final training MSE error is 4.599248
Destroying training set... OK
Destroying file table... OK
Using file '../data/speech_db/networks/trained/som16/alcaim3/som16.l06.net' to save trained network configuration... OK

Training SOM 16 CLASSES - Andréia Aparecida Costa Martins
Using file '../data/speech_db/mfccs/p301-310-mfccs.l07.ctl' as training files table... OK
Training set has 2755 elements
Randomizing training set... OK
SOM training started at Wed Dec  4 06:24:04 2002
Using file 'mse/som16_alcaim3.mse' as MSE error log
Neural network training finished at Wed Dec  4 06:24:07 2002
Training stage lasted 3 seconds
Final training MSE error is 4.615091
Destroying training set... OK
Destroying file table... OK
Using file '../data/speech_db/networks/trained/som16/alcaim3/som16.l07.net' to save trained network configuration... OK

Training SOM 16 CLASSES - Claudia Maria Soncini Bernasconi
Using file '../data/speech_db/mfccs/p301-310-mfccs.l08.ctl' as training files table... OK
Training set has 2275 elements
Randomizing training set... OK
SOM training started at Wed Dec  4 06:24:08 2002
Using file 'mse/som16_alcaim3.mse' as MSE error log
Neural network training finished at Wed Dec  4 06:24:11 2002
Training stage lasted 3 seconds
Final training MSE error is 4.633646
Destroying training set... OK
Destroying file table... OK
Using file '../data/speech_db/networks/trained/som16/alcaim3/som16.l08.net' to save trained network configuration... OK

Training SOM 16 CLASSES - Maurício Bellissimo Falleiros
Using file '../data/speech_db/mfccs/p301-310-mfccs.l09.ctl' as training files table... OK
Training set has 2140 elements
Randomizing training set... OK
SOM training started at Wed Dec  4 06:24:13 2002
Using file 'mse/som16_alcaim3.mse' as MSE error log
Neural network training finished at Wed Dec  4 06:24:15 2002
Training stage lasted 2 seconds
Final training MSE error is 4.631310
Destroying training set... OK
Destroying file table... OK
Using file '../data/speech_db/networks/trained/som16/alcaim3/som16.l09.net' to save trained network configuration... OK

Training SOM 16 CLASSES - Ana Paula Henriques
Using file '../data/speech_db/mfccs/p301-310-mfccs.l10.ctl' as training files table... OK
Training set has 2315 elements
Randomizing training set... OK
SOM training started at Wed Dec  4 06:24:16 2002
Using file 'mse/som16_alcaim3.mse' as MSE error log
Neural network training finished at Wed Dec  4 06:24:18 2002
Training stage lasted 2 seconds
Final training MSE error is 4.603718
Destroying training set... OK
Destroying file table... OK
Using file '../data/speech_db/networks/trained/som16/alcaim3/som16.l10.net' to save trained network configuration... OK

Training SOM 16 CLASSES - Roberto Cremon Godoy
Using file '../data/speech_db/mfccs/p301-310-mfccs.l11.ctl' as training files table... OK
Training set has 2460 elements
Randomizing training set... OK
SOM training started at Wed Dec  4 06:24:20 2002
Using file 'mse/som16_alcaim3.mse' as MSE error log
Neural network training finished at Wed Dec  4 06:24:22 2002
Training stage lasted 2 seconds
Final training MSE error is 4.654938
Destroying training set... OK
Destroying file table... OK
Using file '../data/speech_db/networks/trained/som16/alcaim3/som16.l11.net' to save trained network configuration... OK

Training SOM 16 CLASSES - Paulo Sergio da Silva Pfaff
Using file '../data/speech_db/mfccs/p301-310-mfccs.l12.ctl' as training files table... OK
Training set has 3130 elements
Randomizing training set... OK
SOM training started at Wed Dec  4 06:24:24 2002
Using file 'mse/som16_alcaim3.mse' as MSE error log
Neural network training finished at Wed Dec  4 06:24:26 2002
Training stage lasted 2 seconds
Final training MSE error is 4.583324
Destroying training set... OK
Destroying file table... OK
Using file '../data/speech_db/networks/trained/som16/alcaim3/som16.l12.net' to save trained network configuration... OK

Training SOM 16 CLASSES - Gabriela Sarti Ferreira
Using file '../data/speech_db/mfccs/p301-310-mfccs.l13.ctl' as training files table... OK
Training set has 3025 elements
Randomizing training set... OK
SOM training started at Wed Dec  4 06:24:28 2002
Using file 'mse/som16_alcaim3.mse' as MSE error log
Neural network training finished at Wed Dec  4 06:24:31 2002
Training stage lasted 3 seconds
Final training MSE error is 4.596760
Destroying training set... OK
Destroying file table... OK
Using file '../data/speech_db/networks/trained/som16/alcaim3/som16.l13.net' to save trained network configuration... OK

Training SOM 16 CLASSES - Fernanda Henriques
Using file '../data/speech_db/mfccs/p301-310-mfccs.l14.ctl' as training files table... OK
Training set has 2255 elements
Randomizing training set... OK
SOM training started at Wed Dec  4 06:24:32 2002
Using file 'mse/som16_alcaim3.mse' as MSE error log
Neural network training finished at Wed Dec  4 06:24:34 2002
Training stage lasted 2 seconds
Final training MSE error is 4.620704
Destroying training set... OK
Destroying file table... OK
Using file '../data/speech_db/networks/trained/som16/alcaim3/som16.l14.net' to save trained network configuration... OK
Test set correct rate is 0.00%
