Using file '../data/speech_db/speakers.ctl' as class table control file... OK
Using file '../data/speech_db/networks/spknet_som16_alcaim1.ctl' as networks table...
Using file '../data/speech_db/networks/som16.net' as neural network configuration... OK
Using file '../data/speech_db/networks/som16.net' as neural network configuration... OK
Using file '../data/speech_db/networks/som16.net' as neural network configuration... OK
Using file '../data/speech_db/networks/som16.net' as neural network configuration... OK
Using file '../data/speech_db/networks/som16.net' as neural network configuration... OK
Using file '../data/speech_db/networks/som16.net' as neural network configuration... OK
Using file '../data/speech_db/networks/som16.net' as neural network configuration... OK
Using file '../data/speech_db/networks/som16.net' as neural network configuration... OK
Using file '../data/speech_db/networks/som16.net' as neural network configuration... OK
Using file '../data/speech_db/networks/som16.net' as neural network configuration... OK
Using file '../data/speech_db/networks/som16.net' as neural network configuration... OK
Using file '../data/speech_db/networks/som16.net' as neural network configuration... OK
Using file '../data/speech_db/networks/som16.net' as neural network configuration... OK
Using file '../data/speech_db/networks/som16.net' as neural network configuration... OK
OK

Training SOM 16 CLASSES - Alexandre Teixeira Mafra
Using file '../data/speech_db/mfccs/p101-106-mfccs.l01.ctl' as training files table... OK
Training set has 1275 elements
Randomizing training set... OK
SOM training started at Tue Dec  3 14:37:01 2002
Using file 'mse/som16_alcaim1.mse' as MSE error log
Neural network training finished at Tue Dec  3 14:39:41 2002
Training stage lasted 160 seconds
Final training MSE error is 3.930231
Destroying training set... OK
Destroying file table... OK
Using file '../data/speech_db/networks/trained/som16/alcaim1/som16.l01.net' to save trained network configuration... OK

Training SOM 16 CLASSES - Lúcia T. Guimarães de Castro
Using file '../data/speech_db/mfccs/p101-106-mfccs.l02.ctl' as training files table... OK
Training set has 1610 elements
Randomizing training set... OK
SOM training started at Tue Dec  3 14:39:42 2002
Using file 'mse/som16_alcaim1.mse' as MSE error log
Neural network training finished at Tue Dec  3 14:43:06 2002
Training stage lasted 204 seconds
Final training MSE error is 3.888117
Destroying training set... OK
Destroying file table... OK
Using file '../data/speech_db/networks/trained/som16/alcaim1/som16.l02.net' to save trained network configuration... OK

Training SOM 16 CLASSES - Renata Ramos Rodrigues
Using file '../data/speech_db/mfccs/p101-106-mfccs.l03.ctl' as training files table... OK
Training set has 1480 elements
Randomizing training set... OK
SOM training started at Tue Dec  3 14:43:07 2002
Using file 'mse/som16_alcaim1.mse' as MSE error log
Neural network training finished at Tue Dec  3 14:46:18 2002
Training stage lasted 191 seconds
Final training MSE error is 3.892291
Destroying training set... OK
Destroying file table... OK
Using file '../data/speech_db/networks/trained/som16/alcaim1/som16.l03.net' to save trained network configuration... OK

Training SOM 16 CLASSES - Mauro Armond DiGiorgi
Using file '../data/speech_db/mfccs/p101-106-mfccs.l04.ctl' as training files table... OK
Training set has 1545 elements
Randomizing training set... OK
SOM training started at Tue Dec  3 14:46:19 2002
Using file 'mse/som16_alcaim1.mse' as MSE error log
Neural network training finished at Tue Dec  3 14:49:39 2002
Training stage lasted 200 seconds
Final training MSE error is 3.776099
Destroying training set... OK
Destroying file table... OK
Using file '../data/speech_db/networks/trained/som16/alcaim1/som16.l04.net' to save trained network configuration... OK

Training SOM 16 CLASSES - Eduardo Alberto Corrêa Fullen
Using file '../data/speech_db/mfccs/p101-106-mfccs.l05.ctl' as training files table... OK
Training set has 1465 elements
Randomizing training set... OK
SOM training started at Tue Dec  3 14:49:40 2002
Using file 'mse/som16_alcaim1.mse' as MSE error log
Neural network training finished at Tue Dec  3 14:52:47 2002
Training stage lasted 187 seconds
Final training MSE error is 3.828838
Destroying training set... OK
Destroying file table... OK
Using file '../data/speech_db/networks/trained/som16/alcaim1/som16.l05.net' to save trained network configuration... OK

Training SOM 16 CLASSES - Alessandra Moura Velho
Using file '../data/speech_db/mfccs/p101-106-mfccs.l06.ctl' as training files table... OK
Training set has 1825 elements
Randomizing training set... OK
SOM training started at Tue Dec  3 14:52:49 2002
Using file 'mse/som16_alcaim1.mse' as MSE error log
Neural network training finished at Tue Dec  3 14:56:43 2002
Training stage lasted 234 seconds
Final training MSE error is 3.829321
Destroying training set... OK
Destroying file table... OK
Using file '../data/speech_db/networks/trained/som16/alcaim1/som16.l06.net' to save trained network configuration... OK

Training SOM 16 CLASSES - Andréia Aparecida Costa Martins
Using file '../data/speech_db/mfccs/p101-106-mfccs.l07.ctl' as training files table... OK
Training set has 1680 elements
Randomizing training set... OK
SOM training started at Tue Dec  3 14:56:44 2002
Using file 'mse/som16_alcaim1.mse' as MSE error log
Neural network training finished at Tue Dec  3 15:00:15 2002
Training stage lasted 211 seconds
Final training MSE error is 3.851719
Destroying training set... OK
Destroying file table... OK
Using file '../data/speech_db/networks/trained/som16/alcaim1/som16.l07.net' to save trained network configuration... OK

Training SOM 16 CLASSES - Claudia Maria Soncini Bernasconi
Using file '../data/speech_db/mfccs/p101-106-mfccs.l08.ctl' as training files table... OK
Training set has 1270 elements
Randomizing training set... OK
SOM training started at Tue Dec  3 15:00:16 2002
Using file 'mse/som16_alcaim1.mse' as MSE error log
Neural network training finished at Tue Dec  3 15:02:58 2002
Training stage lasted 162 seconds
Final training MSE error is 3.842659
Destroying training set... OK
Destroying file table... OK
Using file '../data/speech_db/networks/trained/som16/alcaim1/som16.l08.net' to save trained network configuration... OK

Training SOM 16 CLASSES - Maurício Bellissimo Falleiros
Using file '../data/speech_db/mfccs/p101-106-mfccs.l09.ctl' as training files table... OK
Training set has 1215 elements
Randomizing training set... OK
SOM training started at Tue Dec  3 15:02:59 2002
Using file 'mse/som16_alcaim1.mse' as MSE error log
Neural network training finished at Tue Dec  3 15:05:39 2002
Training stage lasted 160 seconds
Final training MSE error is 3.926001
Destroying training set... OK
Destroying file table... OK
Using file '../data/speech_db/networks/trained/som16/alcaim1/som16.l09.net' to save trained network configuration... OK

Training SOM 16 CLASSES - Ana Paula Henriques
Using file '../data/speech_db/mfccs/p101-106-mfccs.l10.ctl' as training files table... OK
Training set has 1300 elements
Randomizing training set... OK
SOM training started at Tue Dec  3 15:05:40 2002
Using file 'mse/som16_alcaim1.mse' as MSE error log
Neural network training finished at Tue Dec  3 15:08:34 2002
Training stage lasted 174 seconds
Final training MSE error is 3.877294
Destroying training set... OK
Destroying file table... OK
Using file '../data/speech_db/networks/trained/som16/alcaim1/som16.l10.net' to save trained network configuration... OK

Training SOM 16 CLASSES - Roberto Cremon Godoy
Using file '../data/speech_db/mfccs/p101-106-mfccs.l11.ctl' as training files table... OK
Training set has 1600 elements
Randomizing training set... OK
SOM training started at Tue Dec  3 15:08:35 2002
Using file 'mse/som16_alcaim1.mse' as MSE error log
Neural network training finished at Tue Dec  3 15:12:08 2002
Training stage lasted 213 seconds
Final training MSE error is 3.896933
Destroying training set... OK
Destroying file table... OK
Using file '../data/speech_db/networks/trained/som16/alcaim1/som16.l11.net' to save trained network configuration... OK

Training SOM 16 CLASSES - Paulo Sergio da Silva Pfaff
Using file '../data/speech_db/mfccs/p101-106-mfccs.l12.ctl' as training files table... OK
Training set has 1705 elements
Randomizing training set... OK
SOM training started at Tue Dec  3 15:12:09 2002
Using file 'mse/som16_alcaim1.mse' as MSE error log
Neural network training finished at Tue Dec  3 15:15:48 2002
Training stage lasted 219 seconds
Final training MSE error is 3.880631
Destroying training set... OK
Destroying file table... OK
Using file '../data/speech_db/networks/trained/som16/alcaim1/som16.l12.net' to save trained network configuration... OK

Training SOM 16 CLASSES - Gabriela Sarti Ferreira
Using file '../data/speech_db/mfccs/p101-106-mfccs.l13.ctl' as training files table... OK
Training set has 1570 elements
Randomizing training set... OK
SOM training started at Tue Dec  3 15:15:49 2002
Using file 'mse/som16_alcaim1.mse' as MSE error log
Neural network training finished at Tue Dec  3 15:19:10 2002
Training stage lasted 201 seconds
Final training MSE error is 3.853733
Destroying training set... OK
Destroying file table... OK
Using file '../data/speech_db/networks/trained/som16/alcaim1/som16.l13.net' to save trained network configuration... OK

Training SOM 16 CLASSES - Fernanda Henriques
Using file '../data/speech_db/mfccs/p101-106-mfccs.l14.ctl' as training files table... OK
Training set has 1480 elements
Randomizing training set... OK
SOM training started at Tue Dec  3 15:19:10 2002
Using file 'mse/som16_alcaim1.mse' as MSE error log
Neural network training finished at Tue Dec  3 15:22:23 2002
Training stage lasted 193 seconds
Final training MSE error is 3.852578
Destroying training set... OK
Destroying file table... OK
Using file '../data/speech_db/networks/trained/som16/alcaim1/som16.l14.net' to save trained network configuration... OK
Test set correct rate is 0.00%
