Using file '../data/speech_db/speakers.ctl' as class table control file... OK
Using file '../data/speech_db/networks/spknet_som25_alcaim1.ctl' as networks table...
Using file '../data/speech_db/networks/som25.net' as neural network configuration... OK
Using file '../data/speech_db/networks/som25.net' as neural network configuration... OK
Using file '../data/speech_db/networks/som25.net' as neural network configuration... OK
Using file '../data/speech_db/networks/som25.net' as neural network configuration... OK
Using file '../data/speech_db/networks/som25.net' as neural network configuration... OK
Using file '../data/speech_db/networks/som25.net' as neural network configuration... OK
Using file '../data/speech_db/networks/som25.net' as neural network configuration... OK
Using file '../data/speech_db/networks/som25.net' as neural network configuration... OK
Using file '../data/speech_db/networks/som25.net' as neural network configuration... OK
Using file '../data/speech_db/networks/som25.net' as neural network configuration... OK
Using file '../data/speech_db/networks/som25.net' as neural network configuration... OK
Using file '../data/speech_db/networks/som25.net' as neural network configuration... OK
Using file '../data/speech_db/networks/som25.net' as neural network configuration... OK
Using file '../data/speech_db/networks/som25.net' as neural network configuration... OK
OK

Training SOM 25 CLASSES - Alexandre Teixeira Mafra
Using file '../data/speech_db/mfccs/p101-106-mfccs.l01.ctl' as training files table... OK
Training set has 1275 elements
Randomizing training set... OK
SOM training started at Tue Dec  3 15:22:24 2002
Using file 'mse/som25_alcaim1.mse' as MSE error log
Neural network training finished at Tue Dec  3 15:26:39 2002
Training stage lasted 255 seconds
Final training MSE error is 3.733778
Destroying training set... OK
Destroying file table... OK
Using file '../data/speech_db/networks/trained/som25/alcaim1/som25.l01.net' to save trained network configuration... OK

Training SOM 25 CLASSES - Lúcia T. Guimarães de Castro
Using file '../data/speech_db/mfccs/p101-106-mfccs.l02.ctl' as training files table... OK
Training set has 1610 elements
Randomizing training set... OK
SOM training started at Tue Dec  3 15:26:40 2002
Using file 'mse/som25_alcaim1.mse' as MSE error log
Neural network training finished at Tue Dec  3 15:32:23 2002
Training stage lasted 343 seconds
Final training MSE error is 3.692731
Destroying training set... OK
Destroying file table... OK
Using file '../data/speech_db/networks/trained/som25/alcaim1/som25.l02.net' to save trained network configuration... OK

Training SOM 25 CLASSES - Renata Ramos Rodrigues
Using file '../data/speech_db/mfccs/p101-106-mfccs.l03.ctl' as training files table... OK
Training set has 1480 elements
Randomizing training set... OK
SOM training started at Tue Dec  3 15:32:24 2002
Using file 'mse/som25_alcaim1.mse' as MSE error log
Neural network training finished at Tue Dec  3 15:37:36 2002
Training stage lasted 312 seconds
Final training MSE error is 3.694164
Destroying training set... OK
Destroying file table... OK
Using file '../data/speech_db/networks/trained/som25/alcaim1/som25.l03.net' to save trained network configuration... OK

Training SOM 25 CLASSES - Mauro Armond DiGiorgi
Using file '../data/speech_db/mfccs/p101-106-mfccs.l04.ctl' as training files table... OK
Training set has 1545 elements
Randomizing training set... OK
SOM training started at Tue Dec  3 15:37:37 2002
Using file 'mse/som25_alcaim1.mse' as MSE error log
Neural network training finished at Tue Dec  3 15:42:29 2002
Training stage lasted 292 seconds
Final training MSE error is 3.577963
Destroying training set... OK
Destroying file table... OK
Using file '../data/speech_db/networks/trained/som25/alcaim1/som25.l04.net' to save trained network configuration... OK

Training SOM 25 CLASSES - Eduardo Alberto Corrêa Fullen
Using file '../data/speech_db/mfccs/p101-106-mfccs.l05.ctl' as training files table... OK
Training set has 1465 elements
Randomizing training set... OK
SOM training started at Tue Dec  3 15:42:30 2002
Using file 'mse/som25_alcaim1.mse' as MSE error log
Neural network training finished at Tue Dec  3 15:47:17 2002
Training stage lasted 287 seconds
Final training MSE error is 3.621988
Destroying training set... OK
Destroying file table... OK
Using file '../data/speech_db/networks/trained/som25/alcaim1/som25.l05.net' to save trained network configuration... OK

Training SOM 25 CLASSES - Alessandra Moura Velho
Using file '../data/speech_db/mfccs/p101-106-mfccs.l06.ctl' as training files table... OK
Training set has 1825 elements
Randomizing training set... OK
SOM training started at Tue Dec  3 15:47:18 2002
Using file 'mse/som25_alcaim1.mse' as MSE error log
Neural network training finished at Tue Dec  3 15:52:59 2002
Training stage lasted 341 seconds
Final training MSE error is 3.620634
Destroying training set... OK
Destroying file table... OK
Using file '../data/speech_db/networks/trained/som25/alcaim1/som25.l06.net' to save trained network configuration... OK

Training SOM 25 CLASSES - Andréia Aparecida Costa Martins
Using file '../data/speech_db/mfccs/p101-106-mfccs.l07.ctl' as training files table... OK
Training set has 1680 elements
Randomizing training set... OK
SOM training started at Tue Dec  3 15:53:00 2002
Using file 'mse/som25_alcaim1.mse' as MSE error log
Neural network training finished at Tue Dec  3 15:58:29 2002
Training stage lasted 329 seconds
Final training MSE error is 3.643409
Destroying training set... OK
Destroying file table... OK
Using file '../data/speech_db/networks/trained/som25/alcaim1/som25.l07.net' to save trained network configuration... OK

Training SOM 25 CLASSES - Claudia Maria Soncini Bernasconi
Using file '../data/speech_db/mfccs/p101-106-mfccs.l08.ctl' as training files table... OK
Training set has 1270 elements
Randomizing training set... OK
SOM training started at Tue Dec  3 15:58:29 2002
Using file 'mse/som25_alcaim1.mse' as MSE error log
Neural network training finished at Tue Dec  3 16:02:32 2002
Training stage lasted 243 seconds
Final training MSE error is 3.625308
Destroying training set... OK
Destroying file table... OK
Using file '../data/speech_db/networks/trained/som25/alcaim1/som25.l08.net' to save trained network configuration... OK

Training SOM 25 CLASSES - Maurício Bellissimo Falleiros
Using file '../data/speech_db/mfccs/p101-106-mfccs.l09.ctl' as training files table... OK
Training set has 1215 elements
Randomizing training set... OK
SOM training started at Tue Dec  3 16:02:33 2002
Using file 'mse/som25_alcaim1.mse' as MSE error log
Neural network training finished at Tue Dec  3 16:06:35 2002
Training stage lasted 242 seconds
Final training MSE error is 3.711298
Destroying training set... OK
Destroying file table... OK
Using file '../data/speech_db/networks/trained/som25/alcaim1/som25.l09.net' to save trained network configuration... OK

Training SOM 25 CLASSES - Ana Paula Henriques
Using file '../data/speech_db/mfccs/p101-106-mfccs.l10.ctl' as training files table... OK
Training set has 1300 elements
Randomizing training set... OK
SOM training started at Tue Dec  3 16:06:36 2002
Using file 'mse/som25_alcaim1.mse' as MSE error log
Neural network training finished at Tue Dec  3 16:10:45 2002
Training stage lasted 249 seconds
Final training MSE error is 3.652692
Destroying training set... OK
Destroying file table... OK
Using file '../data/speech_db/networks/trained/som25/alcaim1/som25.l10.net' to save trained network configuration... OK

Training SOM 25 CLASSES - Roberto Cremon Godoy
Using file '../data/speech_db/mfccs/p101-106-mfccs.l11.ctl' as training files table... OK
Training set has 1600 elements
Randomizing training set... OK
SOM training started at Tue Dec  3 16:10:46 2002
Using file 'mse/som25_alcaim1.mse' as MSE error log
Neural network training finished at Tue Dec  3 16:15:58 2002
Training stage lasted 312 seconds
Final training MSE error is 3.698144
Destroying training set... OK
Destroying file table... OK
Using file '../data/speech_db/networks/trained/som25/alcaim1/som25.l11.net' to save trained network configuration... OK

Training SOM 25 CLASSES - Paulo Sergio da Silva Pfaff
Using file '../data/speech_db/mfccs/p101-106-mfccs.l12.ctl' as training files table... OK
Training set has 1705 elements
Randomizing training set... OK
SOM training started at Tue Dec  3 16:15:59 2002
Using file 'mse/som25_alcaim1.mse' as MSE error log
Neural network training finished at Tue Dec  3 16:21:27 2002
Training stage lasted 328 seconds
Final training MSE error is 3.676520
Destroying training set... OK
Destroying file table... OK
Using file '../data/speech_db/networks/trained/som25/alcaim1/som25.l12.net' to save trained network configuration... OK

Training SOM 25 CLASSES - Gabriela Sarti Ferreira
Using file '../data/speech_db/mfccs/p101-106-mfccs.l13.ctl' as training files table... OK
Training set has 1570 elements
Randomizing training set... OK
SOM training started at Tue Dec  3 16:21:28 2002
Using file 'mse/som25_alcaim1.mse' as MSE error log
Neural network training finished at Tue Dec  3 16:26:37 2002
Training stage lasted 309 seconds
Final training MSE error is 3.657584
Destroying training set... OK
Destroying file table... OK
Using file '../data/speech_db/networks/trained/som25/alcaim1/som25.l13.net' to save trained network configuration... OK

Training SOM 25 CLASSES - Fernanda Henriques
Using file '../data/speech_db/mfccs/p101-106-mfccs.l14.ctl' as training files table... OK
Training set has 1480 elements
Randomizing training set... OK
SOM training started at Tue Dec  3 16:26:38 2002
Using file 'mse/som25_alcaim1.mse' as MSE error log
Neural network training finished at Tue Dec  3 16:31:28 2002
Training stage lasted 290 seconds
Final training MSE error is 3.638358
Destroying training set... OK
Destroying file table... OK
Using file '../data/speech_db/networks/trained/som25/alcaim1/som25.l14.net' to save trained network configuration... OK
Test set correct rate is 0.00%
