Using file '../data/speech_db/speakers.ctl' as class table control file... OK
Using file '../data/speech_db/networks/spknet_som25_spoltech.ctl' as networks table...
Using file '../data/speech_db/networks/som25.net' as neural network configuration... OK
Using file '../data/speech_db/networks/som25.net' as neural network configuration... OK
Using file '../data/speech_db/networks/som25.net' as neural network configuration... OK
Using file '../data/speech_db/networks/som25.net' as neural network configuration... OK
Using file '../data/speech_db/networks/som25.net' as neural network configuration... OK
Using file '../data/speech_db/networks/som25.net' as neural network configuration... OK
Using file '../data/speech_db/networks/som25.net' as neural network configuration... OK
Using file '../data/speech_db/networks/som25.net' as neural network configuration... OK
Using file '../data/speech_db/networks/som25.net' as neural network configuration... OK
Using file '../data/speech_db/networks/som25.net' as neural network configuration... OK
Using file '../data/speech_db/networks/som25.net' as neural network configuration... OK
Using file '../data/speech_db/networks/som25.net' as neural network configuration... OK
Using file '../data/speech_db/networks/som25.net' as neural network configuration... OK
Using file '../data/speech_db/networks/som25.net' as neural network configuration... OK
OK

Training SOM 25 CLASSES - Alexandre Teixeira Mafra
Using file '../data/speech_db/mfccs/p001-006-mfccs.l01.ctl' as training files table... OK
Training set has 1130 elements
Randomizing training set... OK
SOM training started at Tue Dec  3 01:34:09 2002
Using file 'mse/som25_spoltech.mse' as MSE error log
Neural network training finished at Tue Dec  3 01:37:58 2002
Training stage lasted 229 seconds
Final training MSE error is 3.638926
Destroying training set... OK
Destroying file table... OK
Using file '../data/speech_db/networks/trained/som25/spoltech/som25.l01.net' to save trained network configuration... OK

Training SOM 25 CLASSES - Lúcia T. Guimarães de Castro
Using file '../data/speech_db/mfccs/p001-006-mfccs.l02.ctl' as training files table... OK
Training set has 1510 elements
Randomizing training set... OK
SOM training started at Tue Dec  3 01:37:59 2002
Using file 'mse/som25_spoltech.mse' as MSE error log
Neural network training finished at Tue Dec  3 01:43:15 2002
Training stage lasted 316 seconds
Final training MSE error is 3.555541
Destroying training set... OK
Destroying file table... OK
Using file '../data/speech_db/networks/trained/som25/spoltech/som25.l02.net' to save trained network configuration... OK

Training SOM 25 CLASSES - Renata Ramos Rodrigues
Using file '../data/speech_db/mfccs/p001-006-mfccs.l03.ctl' as training files table... OK
Training set has 1205 elements
Randomizing training set... OK
SOM training started at Tue Dec  3 01:43:16 2002
Using file 'mse/som25_spoltech.mse' as MSE error log
Neural network training finished at Tue Dec  3 01:47:32 2002
Training stage lasted 256 seconds
Final training MSE error is 3.517757
Destroying training set... OK
Destroying file table... OK
Using file '../data/speech_db/networks/trained/som25/spoltech/som25.l03.net' to save trained network configuration... OK

Training SOM 25 CLASSES - Mauro Armond DiGiorgi
Using file '../data/speech_db/mfccs/p001-006-mfccs.l04.ctl' as training files table... OK
Training set has 1440 elements
Randomizing training set... OK
SOM training started at Tue Dec  3 01:47:33 2002
Using file 'mse/som25_spoltech.mse' as MSE error log
Neural network training finished at Tue Dec  3 01:52:04 2002
Training stage lasted 271 seconds
Final training MSE error is 3.496305
Destroying training set... OK
Destroying file table... OK
Using file '../data/speech_db/networks/trained/som25/spoltech/som25.l04.net' to save trained network configuration... OK

Training SOM 25 CLASSES - Eduardo Alberto Corrêa Fullen
Using file '../data/speech_db/mfccs/p001-006-mfccs.l05.ctl' as training files table... OK
Training set has 1340 elements
Randomizing training set... OK
SOM training started at Tue Dec  3 01:52:05 2002
Using file 'mse/som25_spoltech.mse' as MSE error log
Neural network training finished at Tue Dec  3 01:56:25 2002
Training stage lasted 260 seconds
Final training MSE error is 3.483513
Destroying training set... OK
Destroying file table... OK
Using file '../data/speech_db/networks/trained/som25/spoltech/som25.l05.net' to save trained network configuration... OK

Training SOM 25 CLASSES - Alessandra Moura Velho
Using file '../data/speech_db/mfccs/p001-006-mfccs.l06.ctl' as training files table... OK
Training set has 1705 elements
Randomizing training set... OK
SOM training started at Tue Dec  3 01:56:26 2002
Using file 'mse/som25_spoltech.mse' as MSE error log
Neural network training finished at Tue Dec  3 02:02:01 2002
Training stage lasted 335 seconds
Final training MSE error is 3.510487
Destroying training set... OK
Destroying file table... OK
Using file '../data/speech_db/networks/trained/som25/spoltech/som25.l06.net' to save trained network configuration... OK

Training SOM 25 CLASSES - Andréia Aparecida Costa Martins
Using file '../data/speech_db/mfccs/p001-006-mfccs.l07.ctl' as training files table... OK
Training set has 1760 elements
Randomizing training set... OK
SOM training started at Tue Dec  3 02:02:02 2002
Using file 'mse/som25_spoltech.mse' as MSE error log
Neural network training finished at Tue Dec  3 02:08:09 2002
Training stage lasted 367 seconds
Final training MSE error is 3.507588
Destroying training set... OK
Destroying file table... OK
Using file '../data/speech_db/networks/trained/som25/spoltech/som25.l07.net' to save trained network configuration... OK

Training SOM 25 CLASSES - Claudia Maria Soncini Bernasconi
Using file '../data/speech_db/mfccs/p001-006-mfccs.l08.ctl' as training files table... OK
Training set has 1270 elements
Randomizing training set... OK
SOM training started at Tue Dec  3 02:08:10 2002
Using file 'mse/som25_spoltech.mse' as MSE error log
Neural network training finished at Tue Dec  3 02:12:28 2002
Training stage lasted 258 seconds
Final training MSE error is 3.492126
Destroying training set... OK
Destroying file table... OK
Using file '../data/speech_db/networks/trained/som25/spoltech/som25.l08.net' to save trained network configuration... OK

Training SOM 25 CLASSES - Maurício Bellissimo Falleiros
Using file '../data/speech_db/mfccs/p001-006-mfccs.l09.ctl' as training files table... OK
Training set has 1140 elements
Randomizing training set... OK
SOM training started at Tue Dec  3 02:12:29 2002
Using file 'mse/som25_spoltech.mse' as MSE error log
Neural network training finished at Tue Dec  3 02:16:28 2002
Training stage lasted 239 seconds
Final training MSE error is 3.606436
Destroying training set... OK
Destroying file table... OK
Using file '../data/speech_db/networks/trained/som25/spoltech/som25.l09.net' to save trained network configuration... OK

Training SOM 25 CLASSES - Ana Paula Henriques
Using file '../data/speech_db/mfccs/p001-006-mfccs.l10.ctl' as training files table... OK
Training set has 1155 elements
Randomizing training set... OK
SOM training started at Tue Dec  3 02:16:28 2002
Using file 'mse/som25_spoltech.mse' as MSE error log
Neural network training finished at Tue Dec  3 02:20:41 2002
Training stage lasted 253 seconds
Final training MSE error is 3.496430
Destroying training set... OK
Destroying file table... OK
Using file '../data/speech_db/networks/trained/som25/spoltech/som25.l10.net' to save trained network configuration... OK

Training SOM 25 CLASSES - Roberto Cremon Godoy
Using file '../data/speech_db/mfccs/p001-006-mfccs.l11.ctl' as training files table... OK
Training set has 1360 elements
Randomizing training set... OK
SOM training started at Tue Dec  3 02:20:42 2002
Using file 'mse/som25_spoltech.mse' as MSE error log
Neural network training finished at Tue Dec  3 02:25:24 2002
Training stage lasted 282 seconds
Final training MSE error is 3.603729
Destroying training set... OK
Destroying file table... OK
Using file '../data/speech_db/networks/trained/som25/spoltech/som25.l11.net' to save trained network configuration... OK

Training SOM 25 CLASSES - Paulo Sergio da Silva Pfaff
Using file '../data/speech_db/mfccs/p001-006-mfccs.l12.ctl' as training files table... OK
Training set has 1465 elements
Randomizing training set... OK
SOM training started at Tue Dec  3 02:25:24 2002
Using file 'mse/som25_spoltech.mse' as MSE error log
Neural network training finished at Tue Dec  3 02:30:32 2002
Training stage lasted 308 seconds
Final training MSE error is 3.553793
Destroying training set... OK
Destroying file table... OK
Using file '../data/speech_db/networks/trained/som25/spoltech/som25.l12.net' to save trained network configuration... OK

Training SOM 25 CLASSES - Gabriela Sarti Ferreira
Using file '../data/speech_db/mfccs/p001-006-mfccs.l13.ctl' as training files table... OK
Training set has 1405 elements
Randomizing training set... OK
SOM training started at Tue Dec  3 02:30:33 2002
Using file 'mse/som25_spoltech.mse' as MSE error log
Neural network training finished at Tue Dec  3 02:35:12 2002
Training stage lasted 279 seconds
Final training MSE error is 3.530000
Destroying training set... OK
Destroying file table... OK
Using file '../data/speech_db/networks/trained/som25/spoltech/som25.l13.net' to save trained network configuration... OK

Training SOM 25 CLASSES - Fernanda Henriques
Using file '../data/speech_db/mfccs/p001-006-mfccs.l14.ctl' as training files table... OK
Training set has 1345 elements
Randomizing training set... OK
SOM training started at Tue Dec  3 02:35:13 2002
Using file 'mse/som25_spoltech.mse' as MSE error log
Neural network training finished at Tue Dec  3 02:40:05 2002
Training stage lasted 292 seconds
Final training MSE error is 3.482920
Destroying training set... OK
Destroying file table... OK
Using file '../data/speech_db/networks/trained/som25/spoltech/som25.l14.net' to save trained network configuration... OK
Test set correct rate is 0.00%
