Using file '../data/speech_db/speakers.ctl' as class table control file... OK
Using file '../data/speech_db/networks/spknet_som25_alcaim2.ctl' as networks table...
Using file '../data/speech_db/networks/som25.net' as neural network configuration... OK
Using file '../data/speech_db/networks/som25.net' as neural network configuration... OK
Using file '../data/speech_db/networks/som25.net' as neural network configuration... OK
Using file '../data/speech_db/networks/som25.net' as neural network configuration... OK
Using file '../data/speech_db/networks/som25.net' as neural network configuration... OK
Using file '../data/speech_db/networks/som25.net' as neural network configuration... OK
Using file '../data/speech_db/networks/som25.net' as neural network configuration... OK
Using file '../data/speech_db/networks/som25.net' as neural network configuration... OK
Using file '../data/speech_db/networks/som25.net' as neural network configuration... OK
Using file '../data/speech_db/networks/som25.net' as neural network configuration... OK
Using file '../data/speech_db/networks/som25.net' as neural network configuration... OK
Using file '../data/speech_db/networks/som25.net' as neural network configuration... OK
Using file '../data/speech_db/networks/som25.net' as neural network configuration... OK
Using file '../data/speech_db/networks/som25.net' as neural network configuration... OK
OK

Training SOM 25 CLASSES - Alexandre Teixeira Mafra
Using file '../data/speech_db/mfccs/p201-210-mfccs.l01.ctl' as training files table... OK
Training set has 1425 elements
Randomizing training set... OK
SOM training started at Tue Dec  3 03:47:54 2002
Using file 'mse/som25_alcaim2.mse' as MSE error log
Neural network training finished at Tue Dec  3 03:52:28 2002
Training stage lasted 274 seconds
Final training MSE error is 3.708895
Destroying training set... OK
Destroying file table... OK
Using file '../data/speech_db/networks/trained/som25/alcaim2/som25.l01.net' to save trained network configuration... OK

Training SOM 25 CLASSES - Lúcia T. Guimarães de Castro
Using file '../data/speech_db/mfccs/p201-210-mfccs.l02.ctl' as training files table... OK
Training set has 2065 elements
Randomizing training set... OK
SOM training started at Tue Dec  3 03:52:29 2002
Using file 'mse/som25_alcaim2.mse' as MSE error log
Neural network training finished at Tue Dec  3 03:58:52 2002
Training stage lasted 383 seconds
Final training MSE error is 3.651145
Destroying training set... OK
Destroying file table... OK
Using file '../data/speech_db/networks/trained/som25/alcaim2/som25.l02.net' to save trained network configuration... OK

Training SOM 25 CLASSES - Renata Ramos Rodrigues
Using file '../data/speech_db/mfccs/p201-210-mfccs.l03.ctl' as training files table... OK
Training set has 1660 elements
Randomizing training set... OK
SOM training started at Tue Dec  3 03:58:54 2002
Using file 'mse/som25_alcaim2.mse' as MSE error log
Neural network training finished at Tue Dec  3 04:04:11 2002
Training stage lasted 317 seconds
Final training MSE error is 3.650260
Destroying training set... OK
Destroying file table... OK
Using file '../data/speech_db/networks/trained/som25/alcaim2/som25.l03.net' to save trained network configuration... OK

Training SOM 25 CLASSES - Mauro Armond DiGiorgi
Using file '../data/speech_db/mfccs/p201-210-mfccs.l04.ctl' as training files table... OK
Training set has 1755 elements
Randomizing training set... OK
SOM training started at Tue Dec  3 04:04:12 2002
Using file 'mse/som25_alcaim2.mse' as MSE error log
Neural network training finished at Tue Dec  3 04:09:46 2002
Training stage lasted 334 seconds
Final training MSE error is 3.542798
Destroying training set... OK
Destroying file table... OK
Using file '../data/speech_db/networks/trained/som25/alcaim2/som25.l04.net' to save trained network configuration... OK

Training SOM 25 CLASSES - Eduardo Alberto Corrêa Fullen
Using file '../data/speech_db/mfccs/p201-210-mfccs.l05.ctl' as training files table... OK
Training set has 1615 elements
Randomizing training set... OK
SOM training started at Tue Dec  3 04:09:47 2002
Using file 'mse/som25_alcaim2.mse' as MSE error log
Neural network training finished at Tue Dec  3 04:14:54 2002
Training stage lasted 307 seconds
Final training MSE error is 3.574476
Destroying training set... OK
Destroying file table... OK
Using file '../data/speech_db/networks/trained/som25/alcaim2/som25.l05.net' to save trained network configuration... OK

Training SOM 25 CLASSES - Alessandra Moura Velho
Using file '../data/speech_db/mfccs/p201-210-mfccs.l06.ctl' as training files table... OK
Training set has 2240 elements
Randomizing training set... OK
SOM training started at Tue Dec  3 04:14:56 2002
Using file 'mse/som25_alcaim2.mse' as MSE error log
Neural network training finished at Tue Dec  3 04:21:59 2002
Training stage lasted 423 seconds
Final training MSE error is 3.632639
Destroying training set... OK
Destroying file table... OK
Using file '../data/speech_db/networks/trained/som25/alcaim2/som25.l06.net' to save trained network configuration... OK

Training SOM 25 CLASSES - Andréia Aparecida Costa Martins
Using file '../data/speech_db/mfccs/p201-210-mfccs.l07.ctl' as training files table... OK
Training set has 2055 elements
Randomizing training set... OK
SOM training started at Tue Dec  3 04:22:01 2002
Using file 'mse/som25_alcaim2.mse' as MSE error log
Neural network training finished at Tue Dec  3 04:28:29 2002
Training stage lasted 388 seconds
Final training MSE error is 3.586185
Destroying training set... OK
Destroying file table... OK
Using file '../data/speech_db/networks/trained/som25/alcaim2/som25.l07.net' to save trained network configuration... OK

Training SOM 25 CLASSES - Claudia Maria Soncini Bernasconi
Using file '../data/speech_db/mfccs/p201-210-mfccs.l08.ctl' as training files table... OK
Training set has 1490 elements
Randomizing training set... OK
SOM training started at Tue Dec  3 04:28:30 2002
Using file 'mse/som25_alcaim2.mse' as MSE error log
Neural network training finished at Tue Dec  3 04:33:08 2002
Training stage lasted 278 seconds
Final training MSE error is 3.578020
Destroying training set... OK
Destroying file table... OK
Using file '../data/speech_db/networks/trained/som25/alcaim2/som25.l08.net' to save trained network configuration... OK

Training SOM 25 CLASSES - Maurício Bellissimo Falleiros
Using file '../data/speech_db/mfccs/p201-210-mfccs.l09.ctl' as training files table... OK
Training set has 1250 elements
Randomizing training set... OK
SOM training started at Tue Dec  3 04:33:09 2002
Using file 'mse/som25_alcaim2.mse' as MSE error log
Neural network training finished at Tue Dec  3 04:36:55 2002
Training stage lasted 226 seconds
Final training MSE error is 3.709633
Destroying training set... OK
Destroying file table... OK
Using file '../data/speech_db/networks/trained/som25/alcaim2/som25.l09.net' to save trained network configuration... OK

Training SOM 25 CLASSES - Ana Paula Henriques
Using file '../data/speech_db/mfccs/p201-210-mfccs.l10.ctl' as training files table... OK
Training set has 1560 elements
Randomizing training set... OK
SOM training started at Tue Dec  3 04:36:56 2002
Using file 'mse/som25_alcaim2.mse' as MSE error log
Neural network training finished at Tue Dec  3 04:41:36 2002
Training stage lasted 280 seconds
Final training MSE error is 3.571513
Destroying training set... OK
Destroying file table... OK
Using file '../data/speech_db/networks/trained/som25/alcaim2/som25.l10.net' to save trained network configuration... OK

Training SOM 25 CLASSES - Roberto Cremon Godoy
Using file '../data/speech_db/mfccs/p201-210-mfccs.l11.ctl' as training files table... OK
Training set has 1710 elements
Randomizing training set... OK
SOM training started at Tue Dec  3 04:41:37 2002
Using file 'mse/som25_alcaim2.mse' as MSE error log
Neural network training finished at Tue Dec  3 04:46:49 2002
Training stage lasted 312 seconds
Final training MSE error is 3.708936
Destroying training set... OK
Destroying file table... OK
Using file '../data/speech_db/networks/trained/som25/alcaim2/som25.l11.net' to save trained network configuration... OK

Training SOM 25 CLASSES - Paulo Sergio da Silva Pfaff
Using file '../data/speech_db/mfccs/p201-210-mfccs.l12.ctl' as training files table... OK
Training set has 2000 elements
Randomizing training set... OK
SOM training started at Tue Dec  3 04:46:50 2002
Using file 'mse/som25_alcaim2.mse' as MSE error log
Neural network training finished at Tue Dec  3 04:52:56 2002
Training stage lasted 366 seconds
Final training MSE error is 3.608054
Destroying training set... OK
Destroying file table... OK
Using file '../data/speech_db/networks/trained/som25/alcaim2/som25.l12.net' to save trained network configuration... OK

Training SOM 25 CLASSES - Gabriela Sarti Ferreira
Using file '../data/speech_db/mfccs/p201-210-mfccs.l13.ctl' as training files table... OK
Training set has 1955 elements
Randomizing training set... OK
SOM training started at Tue Dec  3 04:52:57 2002
Using file 'mse/som25_alcaim2.mse' as MSE error log
Neural network training finished at Tue Dec  3 04:58:54 2002
Training stage lasted 357 seconds
Final training MSE error is 3.588535
Destroying training set... OK
Destroying file table... OK
Using file '../data/speech_db/networks/trained/som25/alcaim2/som25.l13.net' to save trained network configuration... OK

Training SOM 25 CLASSES - Fernanda Henriques
Using file '../data/speech_db/mfccs/p201-210-mfccs.l14.ctl' as training files table... OK
Training set has 1500 elements
Randomizing training set... OK
SOM training started at Tue Dec  3 04:58:55 2002
Using file 'mse/som25_alcaim2.mse' as MSE error log
Neural network training finished at Tue Dec  3 05:03:29 2002
Training stage lasted 274 seconds
Final training MSE error is 3.634082
Destroying training set... OK
Destroying file table... OK
Using file '../data/speech_db/networks/trained/som25/alcaim2/som25.l14.net' to save trained network configuration... OK
Test set correct rate is 0.00%
