Using file '../data/speech_db/speakers.ctl' as class table control file... OK
Using file '../data/speech_db/networks/spknet_som36_spoltech.ctl' as networks table...
Using file '../data/speech_db/networks/som36.net' as neural network configuration... OK
Using file '../data/speech_db/networks/som36.net' as neural network configuration... OK
Using file '../data/speech_db/networks/som36.net' as neural network configuration... OK
Using file '../data/speech_db/networks/som36.net' as neural network configuration... OK
Using file '../data/speech_db/networks/som36.net' as neural network configuration... OK
Using file '../data/speech_db/networks/som36.net' as neural network configuration... OK
Using file '../data/speech_db/networks/som36.net' as neural network configuration... OK
Using file '../data/speech_db/networks/som36.net' as neural network configuration... OK
Using file '../data/speech_db/networks/som36.net' as neural network configuration... OK
Using file '../data/speech_db/networks/som36.net' as neural network configuration... OK
Using file '../data/speech_db/networks/som36.net' as neural network configuration... OK
Using file '../data/speech_db/networks/som36.net' as neural network configuration... OK
Using file '../data/speech_db/networks/som36.net' as neural network configuration... OK
Using file '../data/speech_db/networks/som36.net' as neural network configuration... OK
OK

Training SOM 36 CLASSES - Alexandre Teixeira Mafra
Using file '../data/speech_db/mfccs/p001-006-mfccs.l01.ctl' as training files table... OK
Training set has 1130 elements
Randomizing training set... OK
SOM training started at Tue Dec  3 05:03:30 2002
Using file 'mse/som36_spoltech.mse' as MSE error log
Neural network training finished at Tue Dec  3 05:06:53 2002
Training stage lasted 203 seconds
Final training MSE error is 3.492952
Destroying training set... OK
Destroying file table... OK
Using file '../data/speech_db/networks/trained/som36/spoltech/som36.l01.net' to save trained network configuration... OK

Training SOM 36 CLASSES - Lúcia T. Guimarães de Castro
Using file '../data/speech_db/mfccs/p001-006-mfccs.l02.ctl' as training files table... OK
Training set has 1510 elements
Randomizing training set... OK
SOM training started at Tue Dec  3 05:06:54 2002
Using file 'mse/som36_spoltech.mse' as MSE error log
Neural network training finished at Tue Dec  3 05:11:25 2002
Training stage lasted 271 seconds
Final training MSE error is 3.404846
Destroying training set... OK
Destroying file table... OK
Using file '../data/speech_db/networks/trained/som36/spoltech/som36.l02.net' to save trained network configuration... OK

Training SOM 36 CLASSES - Renata Ramos Rodrigues
Using file '../data/speech_db/mfccs/p001-006-mfccs.l03.ctl' as training files table... OK
Training set has 1205 elements
Randomizing training set... OK
SOM training started at Tue Dec  3 05:11:26 2002
Using file 'mse/som36_spoltech.mse' as MSE error log
Neural network training finished at Tue Dec  3 05:15:04 2002
Training stage lasted 218 seconds
Final training MSE error is 3.367438
Destroying training set... OK
Destroying file table... OK
Using file '../data/speech_db/networks/trained/som36/spoltech/som36.l03.net' to save trained network configuration... OK

Training SOM 36 CLASSES - Mauro Armond DiGiorgi
Using file '../data/speech_db/mfccs/p001-006-mfccs.l04.ctl' as training files table... OK
Training set has 1440 elements
Randomizing training set... OK
SOM training started at Tue Dec  3 05:15:04 2002
Using file 'mse/som36_spoltech.mse' as MSE error log
Neural network training finished at Tue Dec  3 05:19:21 2002
Training stage lasted 257 seconds
Final training MSE error is 3.369601
Destroying training set... OK
Destroying file table... OK
Using file '../data/speech_db/networks/trained/som36/spoltech/som36.l04.net' to save trained network configuration... OK

Training SOM 36 CLASSES - Eduardo Alberto Corrêa Fullen
Using file '../data/speech_db/mfccs/p001-006-mfccs.l05.ctl' as training files table... OK
Training set has 1340 elements
Randomizing training set... OK
SOM training started at Tue Dec  3 05:19:22 2002
Using file 'mse/som36_spoltech.mse' as MSE error log
Neural network training finished at Tue Dec  3 05:23:21 2002
Training stage lasted 239 seconds
Final training MSE error is 3.342476
Destroying training set... OK
Destroying file table... OK
Using file '../data/speech_db/networks/trained/som36/spoltech/som36.l05.net' to save trained network configuration... OK

Training SOM 36 CLASSES - Alessandra Moura Velho
Using file '../data/speech_db/mfccs/p001-006-mfccs.l06.ctl' as training files table... OK
Training set has 1705 elements
Randomizing training set... OK
SOM training started at Tue Dec  3 05:23:22 2002
Using file 'mse/som36_spoltech.mse' as MSE error log
Neural network training finished at Tue Dec  3 05:28:29 2002
Training stage lasted 307 seconds
Final training MSE error is 3.353831
Destroying training set... OK
Destroying file table... OK
Using file '../data/speech_db/networks/trained/som36/spoltech/som36.l06.net' to save trained network configuration... OK

Training SOM 36 CLASSES - Andréia Aparecida Costa Martins
Using file '../data/speech_db/mfccs/p001-006-mfccs.l07.ctl' as training files table... OK
Training set has 1760 elements
Randomizing training set... OK
SOM training started at Tue Dec  3 05:28:30 2002
Using file 'mse/som36_spoltech.mse' as MSE error log
Neural network training finished at Tue Dec  3 05:33:47 2002
Training stage lasted 317 seconds
Final training MSE error is 3.355704
Destroying training set... OK
Destroying file table... OK
Using file '../data/speech_db/networks/trained/som36/spoltech/som36.l07.net' to save trained network configuration... OK

Training SOM 36 CLASSES - Claudia Maria Soncini Bernasconi
Using file '../data/speech_db/mfccs/p001-006-mfccs.l08.ctl' as training files table... OK
Training set has 1270 elements
Randomizing training set... OK
SOM training started at Tue Dec  3 05:33:48 2002
Using file 'mse/som36_spoltech.mse' as MSE error log
Neural network training finished at Tue Dec  3 05:37:35 2002
Training stage lasted 227 seconds
Final training MSE error is 3.344298
Destroying training set... OK
Destroying file table... OK
Using file '../data/speech_db/networks/trained/som36/spoltech/som36.l08.net' to save trained network configuration... OK

Training SOM 36 CLASSES - Maurício Bellissimo Falleiros
Using file '../data/speech_db/mfccs/p001-006-mfccs.l09.ctl' as training files table... OK
Training set has 1140 elements
Randomizing training set... OK
SOM training started at Tue Dec  3 05:37:36 2002
Using file 'mse/som36_spoltech.mse' as MSE error log
Neural network training finished at Tue Dec  3 05:41:01 2002
Training stage lasted 205 seconds
Final training MSE error is 3.458565
Destroying training set... OK
Destroying file table... OK
Using file '../data/speech_db/networks/trained/som36/spoltech/som36.l09.net' to save trained network configuration... OK

Training SOM 36 CLASSES - Ana Paula Henriques
Using file '../data/speech_db/mfccs/p001-006-mfccs.l10.ctl' as training files table... OK
Training set has 1155 elements
Randomizing training set... OK
SOM training started at Tue Dec  3 05:41:02 2002
Using file 'mse/som36_spoltech.mse' as MSE error log
Neural network training finished at Tue Dec  3 05:44:30 2002
Training stage lasted 208 seconds
Final training MSE error is 3.365070
Destroying training set... OK
Destroying file table... OK
Using file '../data/speech_db/networks/trained/som36/spoltech/som36.l10.net' to save trained network configuration... OK

Training SOM 36 CLASSES - Roberto Cremon Godoy
Using file '../data/speech_db/mfccs/p001-006-mfccs.l11.ctl' as training files table... OK
Training set has 1360 elements
Randomizing training set... OK
SOM training started at Tue Dec  3 05:44:31 2002
Using file 'mse/som36_spoltech.mse' as MSE error log
Neural network training finished at Tue Dec  3 05:48:37 2002
Training stage lasted 246 seconds
Final training MSE error is 3.460631
Destroying training set... OK
Destroying file table... OK
Using file '../data/speech_db/networks/trained/som36/spoltech/som36.l11.net' to save trained network configuration... OK

Training SOM 36 CLASSES - Paulo Sergio da Silva Pfaff
Using file '../data/speech_db/mfccs/p001-006-mfccs.l12.ctl' as training files table... OK
Training set has 1465 elements
Randomizing training set... OK
SOM training started at Tue Dec  3 05:48:38 2002
Using file 'mse/som36_spoltech.mse' as MSE error log
Neural network training finished at Tue Dec  3 05:53:03 2002
Training stage lasted 265 seconds
Final training MSE error is 3.413179
Destroying training set... OK
Destroying file table... OK
Using file '../data/speech_db/networks/trained/som36/spoltech/som36.l12.net' to save trained network configuration... OK

Training SOM 36 CLASSES - Gabriela Sarti Ferreira
Using file '../data/speech_db/mfccs/p001-006-mfccs.l13.ctl' as training files table... OK
Training set has 1405 elements
Randomizing training set... OK
SOM training started at Tue Dec  3 05:53:04 2002
Using file 'mse/som36_spoltech.mse' as MSE error log
Neural network training finished at Tue Dec  3 05:57:19 2002
Training stage lasted 255 seconds
Final training MSE error is 3.379473
Destroying training set... OK
Destroying file table... OK
Using file '../data/speech_db/networks/trained/som36/spoltech/som36.l13.net' to save trained network configuration... OK

Training SOM 36 CLASSES - Fernanda Henriques
Using file '../data/speech_db/mfccs/p001-006-mfccs.l14.ctl' as training files table... OK
Training set has 1345 elements
Randomizing training set... OK
SOM training started at Tue Dec  3 05:57:19 2002
Using file 'mse/som36_spoltech.mse' as MSE error log
Neural network training finished at Tue Dec  3 06:01:22 2002
Training stage lasted 243 seconds
Final training MSE error is 3.350826
Destroying training set... OK
Destroying file table... OK
Using file '../data/speech_db/networks/trained/som36/spoltech/som36.l14.net' to save trained network configuration... OK
Test set correct rate is 0.00%
