Using file '../data/speech_db/speakers.ctl' as class table control file... OK
Using file '../data/speech_db/networks/spknet_som36_alcaim2.ctl' as networks table...
Using file '../data/speech_db/networks/som36.net' as neural network configuration... OK
Using file '../data/speech_db/networks/som36.net' as neural network configuration... OK
Using file '../data/speech_db/networks/som36.net' as neural network configuration... OK
Using file '../data/speech_db/networks/som36.net' as neural network configuration... OK
Using file '../data/speech_db/networks/som36.net' as neural network configuration... OK
Using file '../data/speech_db/networks/som36.net' as neural network configuration... OK
Using file '../data/speech_db/networks/som36.net' as neural network configuration... OK
Using file '../data/speech_db/networks/som36.net' as neural network configuration... OK
Using file '../data/speech_db/networks/som36.net' as neural network configuration... OK
Using file '../data/speech_db/networks/som36.net' as neural network configuration... OK
Using file '../data/speech_db/networks/som36.net' as neural network configuration... OK
Using file '../data/speech_db/networks/som36.net' as neural network configuration... OK
Using file '../data/speech_db/networks/som36.net' as neural network configuration... OK
Using file '../data/speech_db/networks/som36.net' as neural network configuration... OK
OK

Training SOM 36 CLASSES - Alexandre Teixeira Mafra
Using file '../data/speech_db/mfccs/p201-210-mfccs.l01.ctl' as training files table... OK
Training set has 1425 elements
Randomizing training set... OK
SOM training started at Tue Dec  3 06:59:43 2002
Using file 'mse/som36_alcaim2.mse' as MSE error log
Neural network training finished at Tue Dec  3 07:04:01 2002
Training stage lasted 258 seconds
Final training MSE error is 3.565388
Destroying training set... OK
Destroying file table... OK
Using file '../data/speech_db/networks/trained/som36/alcaim2/som36.l01.net' to save trained network configuration... OK

Training SOM 36 CLASSES - Lúcia T. Guimarães de Castro
Using file '../data/speech_db/mfccs/p201-210-mfccs.l02.ctl' as training files table... OK
Training set has 2065 elements
Randomizing training set... OK
SOM training started at Tue Dec  3 07:04:02 2002
Using file 'mse/som36_alcaim2.mse' as MSE error log
Neural network training finished at Tue Dec  3 07:10:18 2002
Training stage lasted 376 seconds
Final training MSE error is 3.524513
Destroying training set... OK
Destroying file table... OK
Using file '../data/speech_db/networks/trained/som36/alcaim2/som36.l02.net' to save trained network configuration... OK

Training SOM 36 CLASSES - Renata Ramos Rodrigues
Using file '../data/speech_db/mfccs/p201-210-mfccs.l03.ctl' as training files table... OK
Training set has 1660 elements
Randomizing training set... OK
SOM training started at Tue Dec  3 07:10:19 2002
Using file 'mse/som36_alcaim2.mse' as MSE error log
Neural network training finished at Tue Dec  3 07:15:21 2002
Training stage lasted 302 seconds
Final training MSE error is 3.513186
Destroying training set... OK
Destroying file table... OK
Using file '../data/speech_db/networks/trained/som36/alcaim2/som36.l03.net' to save trained network configuration... OK

Training SOM 36 CLASSES - Mauro Armond DiGiorgi
Using file '../data/speech_db/mfccs/p201-210-mfccs.l04.ctl' as training files table... OK
Training set has 1755 elements
Randomizing training set... OK
SOM training started at Tue Dec  3 07:15:22 2002
Using file 'mse/som36_alcaim2.mse' as MSE error log
Neural network training finished at Tue Dec  3 07:20:42 2002
Training stage lasted 320 seconds
Final training MSE error is 3.393654
Destroying training set... OK
Destroying file table... OK
Using file '../data/speech_db/networks/trained/som36/alcaim2/som36.l04.net' to save trained network configuration... OK

Training SOM 36 CLASSES - Eduardo Alberto Corrêa Fullen
Using file '../data/speech_db/mfccs/p201-210-mfccs.l05.ctl' as training files table... OK
Training set has 1615 elements
Randomizing training set... OK
SOM training started at Tue Dec  3 07:20:43 2002
Using file 'mse/som36_alcaim2.mse' as MSE error log
Neural network training finished at Tue Dec  3 07:25:38 2002
Training stage lasted 295 seconds
Final training MSE error is 3.435144
Destroying training set... OK
Destroying file table... OK
Using file '../data/speech_db/networks/trained/som36/alcaim2/som36.l05.net' to save trained network configuration... OK

Training SOM 36 CLASSES - Alessandra Moura Velho
Using file '../data/speech_db/mfccs/p201-210-mfccs.l06.ctl' as training files table... OK
Training set has 2240 elements
Randomizing training set... OK
SOM training started at Tue Dec  3 07:25:40 2002
Using file 'mse/som36_alcaim2.mse' as MSE error log
Neural network training finished at Tue Dec  3 07:32:28 2002
Training stage lasted 408 seconds
Final training MSE error is 3.490784
Destroying training set... OK
Destroying file table... OK
Using file '../data/speech_db/networks/trained/som36/alcaim2/som36.l06.net' to save trained network configuration... OK

Training SOM 36 CLASSES - Andréia Aparecida Costa Martins
Using file '../data/speech_db/mfccs/p201-210-mfccs.l07.ctl' as training files table... OK
Training set has 2055 elements
Randomizing training set... OK
SOM training started at Tue Dec  3 07:32:29 2002
Using file 'mse/som36_alcaim2.mse' as MSE error log
Neural network training finished at Tue Dec  3 07:38:43 2002
Training stage lasted 374 seconds
Final training MSE error is 3.460366
Destroying training set... OK
Destroying file table... OK
Using file '../data/speech_db/networks/trained/som36/alcaim2/som36.l07.net' to save trained network configuration... OK

Training SOM 36 CLASSES - Claudia Maria Soncini Bernasconi
Using file '../data/speech_db/mfccs/p201-210-mfccs.l08.ctl' as training files table... OK
Training set has 1490 elements
Randomizing training set... OK
SOM training started at Tue Dec  3 07:38:44 2002
Using file 'mse/som36_alcaim2.mse' as MSE error log
Neural network training finished at Tue Dec  3 07:43:15 2002
Training stage lasted 271 seconds
Final training MSE error is 3.433771
Destroying training set... OK
Destroying file table... OK
Using file '../data/speech_db/networks/trained/som36/alcaim2/som36.l08.net' to save trained network configuration... OK

Training SOM 36 CLASSES - Maurício Bellissimo Falleiros
Using file '../data/speech_db/mfccs/p201-210-mfccs.l09.ctl' as training files table... OK
Training set has 1250 elements
Randomizing training set... OK
SOM training started at Tue Dec  3 07:43:16 2002
Using file 'mse/som36_alcaim2.mse' as MSE error log
Neural network training finished at Tue Dec  3 07:47:04 2002
Training stage lasted 228 seconds
Final training MSE error is 3.577610
Destroying training set... OK
Destroying file table... OK
Using file '../data/speech_db/networks/trained/som36/alcaim2/som36.l09.net' to save trained network configuration... OK

Training SOM 36 CLASSES - Ana Paula Henriques
Using file '../data/speech_db/mfccs/p201-210-mfccs.l10.ctl' as training files table... OK
Training set has 1560 elements
Randomizing training set... OK
SOM training started at Tue Dec  3 07:47:05 2002
Using file 'mse/som36_alcaim2.mse' as MSE error log
Neural network training finished at Tue Dec  3 07:51:50 2002
Training stage lasted 285 seconds
Final training MSE error is 3.432277
Destroying training set... OK
Destroying file table... OK
Using file '../data/speech_db/networks/trained/som36/alcaim2/som36.l10.net' to save trained network configuration... OK

Training SOM 36 CLASSES - Roberto Cremon Godoy
Using file '../data/speech_db/mfccs/p201-210-mfccs.l11.ctl' as training files table... OK
Training set has 1710 elements
Randomizing training set... OK
SOM training started at Tue Dec  3 07:51:51 2002
Using file 'mse/som36_alcaim2.mse' as MSE error log
Neural network training finished at Tue Dec  3 07:57:04 2002
Training stage lasted 313 seconds
Final training MSE error is 3.571059
Destroying training set... OK
Destroying file table... OK
Using file '../data/speech_db/networks/trained/som36/alcaim2/som36.l11.net' to save trained network configuration... OK

Training SOM 36 CLASSES - Paulo Sergio da Silva Pfaff
Using file '../data/speech_db/mfccs/p201-210-mfccs.l12.ctl' as training files table... OK
Training set has 2000 elements
Randomizing training set... OK
SOM training started at Tue Dec  3 07:57:05 2002
Using file 'mse/som36_alcaim2.mse' as MSE error log
Neural network training finished at Tue Dec  3 08:03:13 2002
Training stage lasted 368 seconds
Final training MSE error is 3.466402
Destroying training set... OK
Destroying file table... OK
Using file '../data/speech_db/networks/trained/som36/alcaim2/som36.l12.net' to save trained network configuration... OK

Training SOM 36 CLASSES - Gabriela Sarti Ferreira
Using file '../data/speech_db/mfccs/p201-210-mfccs.l13.ctl' as training files table... OK
Training set has 1955 elements
Randomizing training set... OK
SOM training started at Tue Dec  3 08:03:14 2002
Using file 'mse/som36_alcaim2.mse' as MSE error log
Neural network training finished at Tue Dec  3 08:09:12 2002
Training stage lasted 358 seconds
Final training MSE error is 3.474470
Destroying training set... OK
Destroying file table... OK
Using file '../data/speech_db/networks/trained/som36/alcaim2/som36.l13.net' to save trained network configuration... OK

Training SOM 36 CLASSES - Fernanda Henriques
Using file '../data/speech_db/mfccs/p201-210-mfccs.l14.ctl' as training files table... OK
Training set has 1500 elements
Randomizing training set... OK
SOM training started at Tue Dec  3 08:09:13 2002
Using file 'mse/som36_alcaim2.mse' as MSE error log
Neural network training finished at Tue Dec  3 08:13:48 2002
Training stage lasted 275 seconds
Final training MSE error is 3.508964
Destroying training set... OK
Destroying file table... OK
Using file '../data/speech_db/networks/trained/som36/alcaim2/som36.l14.net' to save trained network configuration... OK
Test set correct rate is 0.00%
