Using file '../data/speech_db/speakers.ctl' as class table control file... OK
Using file '../data/speech_db/networks/spknet_som36_alcaim1.ctl' as networks table...
Using file '../data/speech_db/networks/som36.net' as neural network configuration... OK
Using file '../data/speech_db/networks/som36.net' as neural network configuration... OK
Using file '../data/speech_db/networks/som36.net' as neural network configuration... OK
Using file '../data/speech_db/networks/som36.net' as neural network configuration... OK
Using file '../data/speech_db/networks/som36.net' as neural network configuration... OK
Using file '../data/speech_db/networks/som36.net' as neural network configuration... OK
Using file '../data/speech_db/networks/som36.net' as neural network configuration... OK
Using file '../data/speech_db/networks/som36.net' as neural network configuration... OK
Using file '../data/speech_db/networks/som36.net' as neural network configuration... OK
Using file '../data/speech_db/networks/som36.net' as neural network configuration... OK
Using file '../data/speech_db/networks/som36.net' as neural network configuration... OK
Using file '../data/speech_db/networks/som36.net' as neural network configuration... OK
Using file '../data/speech_db/networks/som36.net' as neural network configuration... OK
Using file '../data/speech_db/networks/som36.net' as neural network configuration... OK
OK

Training SOM 36 CLASSES - Alexandre Teixeira Mafra
Using file '../data/speech_db/mfccs/p101-106-mfccs.l01.ctl' as training files table... OK
Training set has 1275 elements
Randomizing training set... OK
SOM training started at Tue Dec  3 16:31:29 2002
Using file 'mse/som36_alcaim1.mse' as MSE error log
Neural network training finished at Tue Dec  3 16:35:32 2002
Training stage lasted 243 seconds
Final training MSE error is 3.589477
Destroying training set... OK
Destroying file table... OK
Using file '../data/speech_db/networks/trained/som36/alcaim1/som36.l01.net' to save trained network configuration... OK

Training SOM 36 CLASSES - Lúcia T. Guimarães de Castro
Using file '../data/speech_db/mfccs/p101-106-mfccs.l02.ctl' as training files table... OK
Training set has 1610 elements
Randomizing training set... OK
SOM training started at Tue Dec  3 16:35:33 2002
Using file 'mse/som36_alcaim1.mse' as MSE error log
Neural network training finished at Tue Dec  3 16:40:48 2002
Training stage lasted 315 seconds
Final training MSE error is 3.560843
Destroying training set... OK
Destroying file table... OK
Using file '../data/speech_db/networks/trained/som36/alcaim1/som36.l02.net' to save trained network configuration... OK

Training SOM 36 CLASSES - Renata Ramos Rodrigues
Using file '../data/speech_db/mfccs/p101-106-mfccs.l03.ctl' as training files table... OK
Training set has 1480 elements
Randomizing training set... OK
SOM training started at Tue Dec  3 16:40:49 2002
Using file 'mse/som36_alcaim1.mse' as MSE error log
Neural network training finished at Tue Dec  3 16:45:46 2002
Training stage lasted 297 seconds
Final training MSE error is 3.560192
Destroying training set... OK
Destroying file table... OK
Using file '../data/speech_db/networks/trained/som36/alcaim1/som36.l03.net' to save trained network configuration... OK

Training SOM 36 CLASSES - Mauro Armond DiGiorgi
Using file '../data/speech_db/mfccs/p101-106-mfccs.l04.ctl' as training files table... OK
Training set has 1545 elements
Randomizing training set... OK
SOM training started at Tue Dec  3 16:45:47 2002
Using file 'mse/som36_alcaim1.mse' as MSE error log
Neural network training finished at Tue Dec  3 16:51:02 2002
Training stage lasted 315 seconds
Final training MSE error is 3.427927
Destroying training set... OK
Destroying file table... OK
Using file '../data/speech_db/networks/trained/som36/alcaim1/som36.l04.net' to save trained network configuration... OK

Training SOM 36 CLASSES - Eduardo Alberto Corrêa Fullen
Using file '../data/speech_db/mfccs/p101-106-mfccs.l05.ctl' as training files table... OK
Training set has 1465 elements
Randomizing training set... OK
SOM training started at Tue Dec  3 16:51:02 2002
Using file 'mse/som36_alcaim1.mse' as MSE error log
Neural network training finished at Tue Dec  3 16:55:32 2002
Training stage lasted 270 seconds
Final training MSE error is 3.489934
Destroying training set... OK
Destroying file table... OK
Using file '../data/speech_db/networks/trained/som36/alcaim1/som36.l05.net' to save trained network configuration... OK

Training SOM 36 CLASSES - Alessandra Moura Velho
Using file '../data/speech_db/mfccs/p101-106-mfccs.l06.ctl' as training files table... OK
Training set has 1825 elements
Randomizing training set... OK
SOM training started at Tue Dec  3 16:55:33 2002
Using file 'mse/som36_alcaim1.mse' as MSE error log
Neural network training finished at Tue Dec  3 17:01:46 2002
Training stage lasted 373 seconds
Final training MSE error is 3.487980
Destroying training set... OK
Destroying file table... OK
Using file '../data/speech_db/networks/trained/som36/alcaim1/som36.l06.net' to save trained network configuration... OK

Training SOM 36 CLASSES - Andréia Aparecida Costa Martins
Using file '../data/speech_db/mfccs/p101-106-mfccs.l07.ctl' as training files table... OK
Training set has 1680 elements
Randomizing training set... OK
SOM training started at Tue Dec  3 17:01:47 2002
Using file 'mse/som36_alcaim1.mse' as MSE error log
Neural network training finished at Tue Dec  3 17:07:09 2002
Training stage lasted 322 seconds
Final training MSE error is 3.499603
Destroying training set... OK
Destroying file table... OK
Using file '../data/speech_db/networks/trained/som36/alcaim1/som36.l07.net' to save trained network configuration... OK

Training SOM 36 CLASSES - Claudia Maria Soncini Bernasconi
Using file '../data/speech_db/mfccs/p101-106-mfccs.l08.ctl' as training files table... OK
Training set has 1270 elements
Randomizing training set... OK
SOM training started at Tue Dec  3 17:07:10 2002
Using file 'mse/som36_alcaim1.mse' as MSE error log
Neural network training finished at Tue Dec  3 17:11:43 2002
Training stage lasted 273 seconds
Final training MSE error is 3.474160
Destroying training set... OK
Destroying file table... OK
Using file '../data/speech_db/networks/trained/som36/alcaim1/som36.l08.net' to save trained network configuration... OK

Training SOM 36 CLASSES - Maurício Bellissimo Falleiros
Using file '../data/speech_db/mfccs/p101-106-mfccs.l09.ctl' as training files table... OK
Training set has 1215 elements
Randomizing training set... OK
SOM training started at Tue Dec  3 17:11:44 2002
Using file 'mse/som36_alcaim1.mse' as MSE error log
Neural network training finished at Tue Dec  3 17:15:38 2002
Training stage lasted 234 seconds
Final training MSE error is 3.550769
Destroying training set... OK
Destroying file table... OK
Using file '../data/speech_db/networks/trained/som36/alcaim1/som36.l09.net' to save trained network configuration... OK

Training SOM 36 CLASSES - Ana Paula Henriques
Using file '../data/speech_db/mfccs/p101-106-mfccs.l10.ctl' as training files table... OK
Training set has 1300 elements
Randomizing training set... OK
SOM training started at Tue Dec  3 17:15:39 2002
Using file 'mse/som36_alcaim1.mse' as MSE error log
Neural network training finished at Tue Dec  3 17:19:25 2002
Training stage lasted 226 seconds
Final training MSE error is 3.511152
Destroying training set... OK
Destroying file table... OK
Using file '../data/speech_db/networks/trained/som36/alcaim1/som36.l10.net' to save trained network configuration... OK

Training SOM 36 CLASSES - Roberto Cremon Godoy
Using file '../data/speech_db/mfccs/p101-106-mfccs.l11.ctl' as training files table... OK
Training set has 1600 elements
Randomizing training set... OK
SOM training started at Tue Dec  3 17:19:26 2002
Using file 'mse/som36_alcaim1.mse' as MSE error log
Neural network training finished at Tue Dec  3 17:24:07 2002
Training stage lasted 281 seconds
Final training MSE error is 3.564048
Destroying training set... OK
Destroying file table... OK
Using file '../data/speech_db/networks/trained/som36/alcaim1/som36.l11.net' to save trained network configuration... OK

Training SOM 36 CLASSES - Paulo Sergio da Silva Pfaff
Using file '../data/speech_db/mfccs/p101-106-mfccs.l12.ctl' as training files table... OK
Training set has 1705 elements
Randomizing training set... OK
SOM training started at Tue Dec  3 17:24:08 2002
Using file 'mse/som36_alcaim1.mse' as MSE error log
Neural network training finished at Tue Dec  3 17:29:09 2002
Training stage lasted 301 seconds
Final training MSE error is 3.538540
Destroying training set... OK
Destroying file table... OK
Using file '../data/speech_db/networks/trained/som36/alcaim1/som36.l12.net' to save trained network configuration... OK

Training SOM 36 CLASSES - Gabriela Sarti Ferreira
Using file '../data/speech_db/mfccs/p101-106-mfccs.l13.ctl' as training files table... OK
Training set has 1570 elements
Randomizing training set... OK
SOM training started at Tue Dec  3 17:29:10 2002
Using file 'mse/som36_alcaim1.mse' as MSE error log
Neural network training finished at Tue Dec  3 17:33:48 2002
Training stage lasted 278 seconds
Final training MSE error is 3.518382
Destroying training set... OK
Destroying file table... OK
Using file '../data/speech_db/networks/trained/som36/alcaim1/som36.l13.net' to save trained network configuration... OK

Training SOM 36 CLASSES - Fernanda Henriques
Using file '../data/speech_db/mfccs/p101-106-mfccs.l14.ctl' as training files table... OK
Training set has 1480 elements
Randomizing training set... OK
SOM training started at Tue Dec  3 17:33:49 2002
Using file 'mse/som36_alcaim1.mse' as MSE error log
Neural network training finished at Tue Dec  3 17:38:16 2002
Training stage lasted 267 seconds
Final training MSE error is 3.503370
Destroying training set... OK
Destroying file table... OK
Using file '../data/speech_db/networks/trained/som36/alcaim1/som36.l14.net' to save trained network configuration... OK
Test set correct rate is 0.00%
