Using file '../data/speech_db/speakers.ctl' as class table control file... OK
Using file '../data/speech_db/networks/spknet_som64_alcaim2.ctl' as networks table...
Using file '../data/speech_db/networks/som64.net' as neural network configuration... OK
Using file '../data/speech_db/networks/som64.net' as neural network configuration... OK
Using file '../data/speech_db/networks/som64.net' as neural network configuration... OK
Using file '../data/speech_db/networks/som64.net' as neural network configuration... OK
Using file '../data/speech_db/networks/som64.net' as neural network configuration... OK
Using file '../data/speech_db/networks/som64.net' as neural network configuration... OK
Using file '../data/speech_db/networks/som64.net' as neural network configuration... OK
Using file '../data/speech_db/networks/som64.net' as neural network configuration... OK
Using file '../data/speech_db/networks/som64.net' as neural network configuration... OK
Using file '../data/speech_db/networks/som64.net' as neural network configuration... OK
Using file '../data/speech_db/networks/som64.net' as neural network configuration... OK
Using file '../data/speech_db/networks/som64.net' as neural network configuration... OK
Using file '../data/speech_db/networks/som64.net' as neural network configuration... OK
Using file '../data/speech_db/networks/som64.net' as neural network configuration... OK
OK

Training SOM 64 CLASSES - Alexandre Teixeira Mafra
Using file '../data/speech_db/mfccs/p201-210-mfccs.l01.ctl' as training files table... OK
Training set has 1425 elements
Randomizing training set... OK
SOM training started at Tue Dec  3 12:11:55 2002
Using file 'mse/som64_alcaim2.mse' as MSE error log
Neural network training finished at Tue Dec  3 12:20:10 2002
Training stage lasted 495 seconds
Final training MSE error is 3.354250
Destroying training set... OK
Destroying file table... OK
Using file '../data/speech_db/networks/trained/som64/alcaim2/som64.l01.net' to save trained network configuration... OK

Training SOM 64 CLASSES - Lúcia T. Guimarães de Castro
Using file '../data/speech_db/mfccs/p201-210-mfccs.l02.ctl' as training files table... OK
Training set has 2065 elements
Randomizing training set... OK
SOM training started at Tue Dec  3 12:20:12 2002
Using file 'mse/som64_alcaim2.mse' as MSE error log
Neural network training finished at Tue Dec  3 12:31:55 2002
Training stage lasted 703 seconds
Final training MSE error is 3.325137
Destroying training set... OK
Destroying file table... OK
Using file '../data/speech_db/networks/trained/som64/alcaim2/som64.l02.net' to save trained network configuration... OK

Training SOM 64 CLASSES - Renata Ramos Rodrigues
Using file '../data/speech_db/mfccs/p201-210-mfccs.l03.ctl' as training files table... OK
Training set has 1660 elements
Randomizing training set... OK
SOM training started at Tue Dec  3 12:31:56 2002
Using file 'mse/som64_alcaim2.mse' as MSE error log
Neural network training finished at Tue Dec  3 12:41:13 2002
Training stage lasted 557 seconds
Final training MSE error is 3.321978
Destroying training set... OK
Destroying file table... OK
Using file '../data/speech_db/networks/trained/som64/alcaim2/som64.l03.net' to save trained network configuration... OK

Training SOM 64 CLASSES - Mauro Armond DiGiorgi
Using file '../data/speech_db/mfccs/p201-210-mfccs.l04.ctl' as training files table... OK
Training set has 1755 elements
Randomizing training set... OK
SOM training started at Tue Dec  3 12:41:14 2002
Using file 'mse/som64_alcaim2.mse' as MSE error log
Neural network training finished at Tue Dec  3 12:51:16 2002
Training stage lasted 602 seconds
Final training MSE error is 3.188100
Destroying training set... OK
Destroying file table... OK
Using file '../data/speech_db/networks/trained/som64/alcaim2/som64.l04.net' to save trained network configuration... OK

Training SOM 64 CLASSES - Eduardo Alberto Corrêa Fullen
Using file '../data/speech_db/mfccs/p201-210-mfccs.l05.ctl' as training files table... OK
Training set has 1615 elements
Randomizing training set... OK
SOM training started at Tue Dec  3 12:51:17 2002
Using file 'mse/som64_alcaim2.mse' as MSE error log
Neural network training finished at Tue Dec  3 13:00:55 2002
Training stage lasted 578 seconds
Final training MSE error is 3.231621
Destroying training set... OK
Destroying file table... OK
Using file '../data/speech_db/networks/trained/som64/alcaim2/som64.l05.net' to save trained network configuration... OK

Training SOM 64 CLASSES - Alessandra Moura Velho
Using file '../data/speech_db/mfccs/p201-210-mfccs.l06.ctl' as training files table... OK
Training set has 2240 elements
Randomizing training set... OK
SOM training started at Tue Dec  3 13:00:57 2002
Using file 'mse/som64_alcaim2.mse' as MSE error log
Neural network training finished at Tue Dec  3 13:14:34 2002
Training stage lasted 817 seconds
Final training MSE error is 3.292596
Destroying training set... OK
Destroying file table... OK
Using file '../data/speech_db/networks/trained/som64/alcaim2/som64.l06.net' to save trained network configuration... OK

Training SOM 64 CLASSES - Andréia Aparecida Costa Martins
Using file '../data/speech_db/mfccs/p201-210-mfccs.l07.ctl' as training files table... OK
Training set has 2055 elements
Randomizing training set... OK
SOM training started at Tue Dec  3 13:14:35 2002
Using file 'mse/som64_alcaim2.mse' as MSE error log
Neural network training finished at Tue Dec  3 13:26:45 2002
Training stage lasted 730 seconds
Final training MSE error is 3.259534
Destroying training set... OK
Destroying file table... OK
Using file '../data/speech_db/networks/trained/som64/alcaim2/som64.l07.net' to save trained network configuration... OK

Training SOM 64 CLASSES - Claudia Maria Soncini Bernasconi
Using file '../data/speech_db/mfccs/p201-210-mfccs.l08.ctl' as training files table... OK
Training set has 1490 elements
Randomizing training set... OK
SOM training started at Tue Dec  3 13:26:46 2002
Using file 'mse/som64_alcaim2.mse' as MSE error log
Neural network training finished at Tue Dec  3 13:35:31 2002
Training stage lasted 525 seconds
Final training MSE error is 3.209353
Destroying training set... OK
Destroying file table... OK
Using file '../data/speech_db/networks/trained/som64/alcaim2/som64.l08.net' to save trained network configuration... OK

Training SOM 64 CLASSES - Maurício Bellissimo Falleiros
Using file '../data/speech_db/mfccs/p201-210-mfccs.l09.ctl' as training files table... OK
Training set has 1250 elements
Randomizing training set... OK
SOM training started at Tue Dec  3 13:35:32 2002
Using file 'mse/som64_alcaim2.mse' as MSE error log
Neural network training finished at Tue Dec  3 13:42:57 2002
Training stage lasted 445 seconds
Final training MSE error is 3.349652
Destroying training set... OK
Destroying file table... OK
Using file '../data/speech_db/networks/trained/som64/alcaim2/som64.l09.net' to save trained network configuration... OK

Training SOM 64 CLASSES - Ana Paula Henriques
Using file '../data/speech_db/mfccs/p201-210-mfccs.l10.ctl' as training files table... OK
Training set has 1560 elements
Randomizing training set... OK
SOM training started at Tue Dec  3 13:42:59 2002
Using file 'mse/som64_alcaim2.mse' as MSE error log
Neural network training finished at Tue Dec  3 13:52:06 2002
Training stage lasted 547 seconds
Final training MSE error is 3.233023
Destroying training set... OK
Destroying file table... OK
Using file '../data/speech_db/networks/trained/som64/alcaim2/som64.l10.net' to save trained network configuration... OK

Training SOM 64 CLASSES - Roberto Cremon Godoy
Using file '../data/speech_db/mfccs/p201-210-mfccs.l11.ctl' as training files table... OK
Training set has 1710 elements
Randomizing training set... OK
SOM training started at Tue Dec  3 13:52:07 2002
Using file 'mse/som64_alcaim2.mse' as MSE error log
Neural network training finished at Tue Dec  3 14:01:45 2002
Training stage lasted 578 seconds
Final training MSE error is 3.350150
Destroying training set... OK
Destroying file table... OK
Using file '../data/speech_db/networks/trained/som64/alcaim2/som64.l11.net' to save trained network configuration... OK

Training SOM 64 CLASSES - Paulo Sergio da Silva Pfaff
Using file '../data/speech_db/mfccs/p201-210-mfccs.l12.ctl' as training files table... OK
Training set has 2000 elements
Randomizing training set... OK
SOM training started at Tue Dec  3 14:01:46 2002
Using file 'mse/som64_alcaim2.mse' as MSE error log
Neural network training finished at Tue Dec  3 14:13:02 2002
Training stage lasted 676 seconds
Final training MSE error is 3.282925
Destroying training set... OK
Destroying file table... OK
Using file '../data/speech_db/networks/trained/som64/alcaim2/som64.l12.net' to save trained network configuration... OK

Training SOM 64 CLASSES - Gabriela Sarti Ferreira
Using file '../data/speech_db/mfccs/p201-210-mfccs.l13.ctl' as training files table... OK
Training set has 1955 elements
Randomizing training set... OK
SOM training started at Tue Dec  3 14:13:03 2002
Using file 'mse/som64_alcaim2.mse' as MSE error log
Neural network training finished at Tue Dec  3 14:24:03 2002
Training stage lasted 660 seconds
Final training MSE error is 3.258399
Destroying training set... OK
Destroying file table... OK
Using file '../data/speech_db/networks/trained/som64/alcaim2/som64.l13.net' to save trained network configuration... OK

Training SOM 64 CLASSES - Fernanda Henriques
Using file '../data/speech_db/mfccs/p201-210-mfccs.l14.ctl' as training files table... OK
Training set has 1500 elements
Randomizing training set... OK
SOM training started at Tue Dec  3 14:24:04 2002
Using file 'mse/som64_alcaim2.mse' as MSE error log
Neural network training finished at Tue Dec  3 14:32:27 2002
Training stage lasted 503 seconds
Final training MSE error is 3.305747
Destroying training set... OK
Destroying file table... OK
Using file '../data/speech_db/networks/trained/som64/alcaim2/som64.l14.net' to save trained network configuration... OK
Test set correct rate is 0.00%
