Using file '../data/speech_db/speakers.ctl' as class table control file... OK
Using file '../data/speech_db/networks/spknet_som64_spoltech.ctl' as networks table...
Using file '../data/speech_db/networks/som64.net' as neural network configuration... OK
Using file '../data/speech_db/networks/som64.net' as neural network configuration... OK
Using file '../data/speech_db/networks/som64.net' as neural network configuration... OK
Using file '../data/speech_db/networks/som64.net' as neural network configuration... OK
Using file '../data/speech_db/networks/som64.net' as neural network configuration... OK
Using file '../data/speech_db/networks/som64.net' as neural network configuration... OK
Using file '../data/speech_db/networks/som64.net' as neural network configuration... OK
Using file '../data/speech_db/networks/som64.net' as neural network configuration... OK
Using file '../data/speech_db/networks/som64.net' as neural network configuration... OK
Using file '../data/speech_db/networks/som64.net' as neural network configuration... OK
Using file '../data/speech_db/networks/som64.net' as neural network configuration... OK
Using file '../data/speech_db/networks/som64.net' as neural network configuration... OK
Using file '../data/speech_db/networks/som64.net' as neural network configuration... OK
Using file '../data/speech_db/networks/som64.net' as neural network configuration... OK
OK

Training SOM 64 CLASSES - Alexandre Teixeira Mafra
Using file '../data/speech_db/mfccs/p001-006-mfccs.l01.ctl' as training files table... OK
Training set has 1130 elements
Randomizing training set... OK
SOM training started at Tue Dec  3 08:13:49 2002
Using file 'mse/som64_spoltech.mse' as MSE error log
Neural network training finished at Tue Dec  3 08:20:15 2002
Training stage lasted 386 seconds
Final training MSE error is 3.257061
Destroying training set... OK
Destroying file table... OK
Using file '../data/speech_db/networks/trained/som64/spoltech/som64.l01.net' to save trained network configuration... OK

Training SOM 64 CLASSES - Lúcia T. Guimarães de Castro
Using file '../data/speech_db/mfccs/p001-006-mfccs.l02.ctl' as training files table... OK
Training set has 1510 elements
Randomizing training set... OK
SOM training started at Tue Dec  3 08:20:16 2002
Using file 'mse/som64_spoltech.mse' as MSE error log
Neural network training finished at Tue Dec  3 08:28:49 2002
Training stage lasted 513 seconds
Final training MSE error is 3.196165
Destroying training set... OK
Destroying file table... OK
Using file '../data/speech_db/networks/trained/som64/spoltech/som64.l02.net' to save trained network configuration... OK

Training SOM 64 CLASSES - Renata Ramos Rodrigues
Using file '../data/speech_db/mfccs/p001-006-mfccs.l03.ctl' as training files table... OK
Training set has 1205 elements
Randomizing training set... OK
SOM training started at Tue Dec  3 08:28:49 2002
Using file 'mse/som64_spoltech.mse' as MSE error log
Neural network training finished at Tue Dec  3 08:35:41 2002
Training stage lasted 412 seconds
Final training MSE error is 3.173336
Destroying training set... OK
Destroying file table... OK
Using file '../data/speech_db/networks/trained/som64/spoltech/som64.l03.net' to save trained network configuration... OK

Training SOM 64 CLASSES - Mauro Armond DiGiorgi
Using file '../data/speech_db/mfccs/p001-006-mfccs.l04.ctl' as training files table... OK
Training set has 1440 elements
Randomizing training set... OK
SOM training started at Tue Dec  3 08:35:42 2002
Using file 'mse/som64_spoltech.mse' as MSE error log
Neural network training finished at Tue Dec  3 08:43:55 2002
Training stage lasted 493 seconds
Final training MSE error is 3.163855
Destroying training set... OK
Destroying file table... OK
Using file '../data/speech_db/networks/trained/som64/spoltech/som64.l04.net' to save trained network configuration... OK

Training SOM 64 CLASSES - Eduardo Alberto Corrêa Fullen
Using file '../data/speech_db/mfccs/p001-006-mfccs.l05.ctl' as training files table... OK
Training set has 1340 elements
Randomizing training set... OK
SOM training started at Tue Dec  3 08:43:56 2002
Using file 'mse/som64_spoltech.mse' as MSE error log
Neural network training finished at Tue Dec  3 08:51:37 2002
Training stage lasted 461 seconds
Final training MSE error is 3.132561
Destroying training set... OK
Destroying file table... OK
Using file '../data/speech_db/networks/trained/som64/spoltech/som64.l05.net' to save trained network configuration... OK

Training SOM 64 CLASSES - Alessandra Moura Velho
Using file '../data/speech_db/mfccs/p001-006-mfccs.l06.ctl' as training files table... OK
Training set has 1705 elements
Randomizing training set... OK
SOM training started at Tue Dec  3 08:51:38 2002
Using file 'mse/som64_spoltech.mse' as MSE error log
Neural network training finished at Tue Dec  3 09:01:21 2002
Training stage lasted 583 seconds
Final training MSE error is 3.163045
Destroying training set... OK
Destroying file table... OK
Using file '../data/speech_db/networks/trained/som64/spoltech/som64.l06.net' to save trained network configuration... OK

Training SOM 64 CLASSES - Andréia Aparecida Costa Martins
Using file '../data/speech_db/mfccs/p001-006-mfccs.l07.ctl' as training files table... OK
Training set has 1760 elements
Randomizing training set... OK
SOM training started at Tue Dec  3 09:01:22 2002
Using file 'mse/som64_spoltech.mse' as MSE error log
Neural network training finished at Tue Dec  3 09:12:03 2002
Training stage lasted 641 seconds
Final training MSE error is 3.154074
Destroying training set... OK
Destroying file table... OK
Using file '../data/speech_db/networks/trained/som64/spoltech/som64.l07.net' to save trained network configuration... OK

Training SOM 64 CLASSES - Claudia Maria Soncini Bernasconi
Using file '../data/speech_db/mfccs/p001-006-mfccs.l08.ctl' as training files table... OK
Training set has 1270 elements
Randomizing training set... OK
SOM training started at Tue Dec  3 09:12:04 2002
Using file 'mse/som64_spoltech.mse' as MSE error log
Neural network training finished at Tue Dec  3 09:19:06 2002
Training stage lasted 422 seconds
Final training MSE error is 3.110839
Destroying training set... OK
Destroying file table... OK
Using file '../data/speech_db/networks/trained/som64/spoltech/som64.l08.net' to save trained network configuration... OK

Training SOM 64 CLASSES - Maurício Bellissimo Falleiros
Using file '../data/speech_db/mfccs/p001-006-mfccs.l09.ctl' as training files table... OK
Training set has 1140 elements
Randomizing training set... OK
SOM training started at Tue Dec  3 09:19:07 2002
Using file 'mse/som64_spoltech.mse' as MSE error log
Neural network training finished at Tue Dec  3 09:25:32 2002
Training stage lasted 385 seconds
Final training MSE error is 3.228385
Destroying training set... OK
Destroying file table... OK
Using file '../data/speech_db/networks/trained/som64/spoltech/som64.l09.net' to save trained network configuration... OK

Training SOM 64 CLASSES - Ana Paula Henriques
Using file '../data/speech_db/mfccs/p001-006-mfccs.l10.ctl' as training files table... OK
Training set has 1155 elements
Randomizing training set... OK
SOM training started at Tue Dec  3 09:25:32 2002
Using file 'mse/som64_spoltech.mse' as MSE error log
Neural network training finished at Tue Dec  3 09:34:32 2002
Training stage lasted 540 seconds
Final training MSE error is 3.128878
Destroying training set... OK
Destroying file table... OK
Using file '../data/speech_db/networks/trained/som64/spoltech/som64.l10.net' to save trained network configuration... OK

Training SOM 64 CLASSES - Roberto Cremon Godoy
Using file '../data/speech_db/mfccs/p001-006-mfccs.l11.ctl' as training files table... OK
Training set has 1360 elements
Randomizing training set... OK
SOM training started at Tue Dec  3 09:34:33 2002
Using file 'mse/som64_spoltech.mse' as MSE error log
Neural network training finished at Tue Dec  3 09:46:01 2002
Training stage lasted 688 seconds
Final training MSE error is 3.235732
Destroying training set... OK
Destroying file table... OK
Using file '../data/speech_db/networks/trained/som64/spoltech/som64.l11.net' to save trained network configuration... OK

Training SOM 64 CLASSES - Paulo Sergio da Silva Pfaff
Using file '../data/speech_db/mfccs/p001-006-mfccs.l12.ctl' as training files table... OK
Training set has 1465 elements
Randomizing training set... OK
SOM training started at Tue Dec  3 09:46:02 2002
Using file 'mse/som64_spoltech.mse' as MSE error log
Neural network training finished at Tue Dec  3 09:58:20 2002
Training stage lasted 738 seconds
Final training MSE error is 3.198592
Destroying training set... OK
Destroying file table... OK
Using file '../data/speech_db/networks/trained/som64/spoltech/som64.l12.net' to save trained network configuration... OK

Training SOM 64 CLASSES - Gabriela Sarti Ferreira
Using file '../data/speech_db/mfccs/p001-006-mfccs.l13.ctl' as training files table... OK
Training set has 1405 elements
Randomizing training set... OK
SOM training started at Tue Dec  3 09:58:21 2002
Using file 'mse/som64_spoltech.mse' as MSE error log
Neural network training finished at Tue Dec  3 10:09:08 2002
Training stage lasted 647 seconds
Final training MSE error is 3.183600
Destroying training set... OK
Destroying file table... OK
Using file '../data/speech_db/networks/trained/som64/spoltech/som64.l13.net' to save trained network configuration... OK

Training SOM 64 CLASSES - Fernanda Henriques
Using file '../data/speech_db/mfccs/p001-006-mfccs.l14.ctl' as training files table... OK
Training set has 1345 elements
Randomizing training set... OK
SOM training started at Tue Dec  3 10:09:09 2002
Using file 'mse/som64_spoltech.mse' as MSE error log
Neural network training finished at Tue Dec  3 10:17:29 2002
Training stage lasted 500 seconds
Final training MSE error is 3.126672
Destroying training set... OK
Destroying file table... OK
Using file '../data/speech_db/networks/trained/som64/spoltech/som64.l14.net' to save trained network configuration... OK
Test set correct rate is 0.00%
