Using file '../data/speech_db/speakers.ctl' as class table control file... OK
Using file '../data/speech_db/networks/spknet_som64_alcaim1.ctl' as networks table...
Using file '../data/speech_db/networks/som64.net' as neural network configuration... OK
Using file '../data/speech_db/networks/som64.net' as neural network configuration... OK
Using file '../data/speech_db/networks/som64.net' as neural network configuration... OK
Using file '../data/speech_db/networks/som64.net' as neural network configuration... OK
Using file '../data/speech_db/networks/som64.net' as neural network configuration... OK
Using file '../data/speech_db/networks/som64.net' as neural network configuration... OK
Using file '../data/speech_db/networks/som64.net' as neural network configuration... OK
Using file '../data/speech_db/networks/som64.net' as neural network configuration... OK
Using file '../data/speech_db/networks/som64.net' as neural network configuration... OK
Using file '../data/speech_db/networks/som64.net' as neural network configuration... OK
Using file '../data/speech_db/networks/som64.net' as neural network configuration... OK
Using file '../data/speech_db/networks/som64.net' as neural network configuration... OK
Using file '../data/speech_db/networks/som64.net' as neural network configuration... OK
Using file '../data/speech_db/networks/som64.net' as neural network configuration... OK
OK

Training SOM 64 CLASSES - Alexandre Teixeira Mafra
Using file '../data/speech_db/mfccs/p101-106-mfccs.l01.ctl' as training files table... OK
Training set has 1275 elements
Randomizing training set... OK
SOM training started at Tue Dec  3 17:38:17 2002
Using file 'mse/som64_alcaim1.mse' as MSE error log
Neural network training finished at Tue Dec  3 17:45:50 2002
Training stage lasted 453 seconds
Final training MSE error is 3.369882
Destroying training set... OK
Destroying file table... OK
Using file '../data/speech_db/networks/trained/som64/alcaim1/som64.l01.net' to save trained network configuration... OK

Training SOM 64 CLASSES - Lúcia T. Guimarães de Castro
Using file '../data/speech_db/mfccs/p101-106-mfccs.l02.ctl' as training files table... OK
Training set has 1610 elements
Randomizing training set... OK
SOM training started at Tue Dec  3 17:45:51 2002
Using file 'mse/som64_alcaim1.mse' as MSE error log
Neural network training finished at Tue Dec  3 17:55:04 2002
Training stage lasted 553 seconds
Final training MSE error is 3.338552
Destroying training set... OK
Destroying file table... OK
Using file '../data/speech_db/networks/trained/som64/alcaim1/som64.l02.net' to save trained network configuration... OK

Training SOM 64 CLASSES - Renata Ramos Rodrigues
Using file '../data/speech_db/mfccs/p101-106-mfccs.l03.ctl' as training files table... OK
Training set has 1480 elements
Randomizing training set... OK
SOM training started at Tue Dec  3 17:55:04 2002
Using file 'mse/som64_alcaim1.mse' as MSE error log
Neural network training finished at Tue Dec  3 18:03:09 2002
Training stage lasted 485 seconds
Final training MSE error is 3.324057
Destroying training set... OK
Destroying file table... OK
Using file '../data/speech_db/networks/trained/som64/alcaim1/som64.l03.net' to save trained network configuration... OK

Training SOM 64 CLASSES - Mauro Armond DiGiorgi
Using file '../data/speech_db/mfccs/p101-106-mfccs.l04.ctl' as training files table... OK
Training set has 1545 elements
Randomizing training set... OK
SOM training started at Tue Dec  3 18:03:10 2002
Using file 'mse/som64_alcaim1.mse' as MSE error log
Neural network training finished at Tue Dec  3 18:11:35 2002
Training stage lasted 505 seconds
Final training MSE error is 3.206206
Destroying training set... OK
Destroying file table... OK
Using file '../data/speech_db/networks/trained/som64/alcaim1/som64.l04.net' to save trained network configuration... OK

Training SOM 64 CLASSES - Eduardo Alberto Corrêa Fullen
Using file '../data/speech_db/mfccs/p101-106-mfccs.l05.ctl' as training files table... OK
Training set has 1465 elements
Randomizing training set... OK
SOM training started at Tue Dec  3 18:11:36 2002
Using file 'mse/som64_alcaim1.mse' as MSE error log
Neural network training finished at Tue Dec  3 18:19:39 2002
Training stage lasted 483 seconds
Final training MSE error is 3.252636
Destroying training set... OK
Destroying file table... OK
Using file '../data/speech_db/networks/trained/som64/alcaim1/som64.l05.net' to save trained network configuration... OK

Training SOM 64 CLASSES - Alessandra Moura Velho
Using file '../data/speech_db/mfccs/p101-106-mfccs.l06.ctl' as training files table... OK
Training set has 1825 elements
Randomizing training set... OK
SOM training started at Tue Dec  3 18:19:40 2002
Using file 'mse/som64_alcaim1.mse' as MSE error log
Neural network training finished at Tue Dec  3 18:29:54 2002
Training stage lasted 614 seconds
Final training MSE error is 3.274538
Destroying training set... OK
Destroying file table... OK
Using file '../data/speech_db/networks/trained/som64/alcaim1/som64.l06.net' to save trained network configuration... OK

Training SOM 64 CLASSES - Andréia Aparecida Costa Martins
Using file '../data/speech_db/mfccs/p101-106-mfccs.l07.ctl' as training files table... OK
Training set has 1680 elements
Randomizing training set... OK
SOM training started at Tue Dec  3 18:29:55 2002
Using file 'mse/som64_alcaim1.mse' as MSE error log
Neural network training finished at Tue Dec  3 18:39:22 2002
Training stage lasted 567 seconds
Final training MSE error is 3.288615
Destroying training set... OK
Destroying file table... OK
Using file '../data/speech_db/networks/trained/som64/alcaim1/som64.l07.net' to save trained network configuration... OK

Training SOM 64 CLASSES - Claudia Maria Soncini Bernasconi
Using file '../data/speech_db/mfccs/p101-106-mfccs.l08.ctl' as training files table... OK
Training set has 1270 elements
Randomizing training set... OK
SOM training started at Tue Dec  3 18:39:23 2002
Using file 'mse/som64_alcaim1.mse' as MSE error log
Neural network training finished at Tue Dec  3 18:46:41 2002
Training stage lasted 438 seconds
Final training MSE error is 3.231460
Destroying training set... OK
Destroying file table... OK
Using file '../data/speech_db/networks/trained/som64/alcaim1/som64.l08.net' to save trained network configuration... OK

Training SOM 64 CLASSES - Maurício Bellissimo Falleiros
Using file '../data/speech_db/mfccs/p101-106-mfccs.l09.ctl' as training files table... OK
Training set has 1215 elements
Randomizing training set... OK
SOM training started at Tue Dec  3 18:46:42 2002
Using file 'mse/som64_alcaim1.mse' as MSE error log
Neural network training finished at Tue Dec  3 18:54:11 2002
Training stage lasted 449 seconds
Final training MSE error is 3.318852
Destroying training set... OK
Destroying file table... OK
Using file '../data/speech_db/networks/trained/som64/alcaim1/som64.l09.net' to save trained network configuration... OK

Training SOM 64 CLASSES - Ana Paula Henriques
Using file '../data/speech_db/mfccs/p101-106-mfccs.l10.ctl' as training files table... OK
Training set has 1300 elements
Randomizing training set... OK
SOM training started at Tue Dec  3 18:54:12 2002
Using file 'mse/som64_alcaim1.mse' as MSE error log
Neural network training finished at Tue Dec  3 19:01:52 2002
Training stage lasted 460 seconds
Final training MSE error is 3.290218
Destroying training set... OK
Destroying file table... OK
Using file '../data/speech_db/networks/trained/som64/alcaim1/som64.l10.net' to save trained network configuration... OK

Training SOM 64 CLASSES - Roberto Cremon Godoy
Using file '../data/speech_db/mfccs/p101-106-mfccs.l11.ctl' as training files table... OK
Training set has 1600 elements
Randomizing training set... OK
SOM training started at Tue Dec  3 19:01:53 2002
Using file 'mse/som64_alcaim1.mse' as MSE error log
Neural network training finished at Tue Dec  3 19:11:36 2002
Training stage lasted 583 seconds
Final training MSE error is 3.346527
Destroying training set... OK
Destroying file table... OK
Using file '../data/speech_db/networks/trained/som64/alcaim1/som64.l11.net' to save trained network configuration... OK

Training SOM 64 CLASSES - Paulo Sergio da Silva Pfaff
Using file '../data/speech_db/mfccs/p101-106-mfccs.l12.ctl' as training files table... OK
Training set has 1705 elements
Randomizing training set... OK
SOM training started at Tue Dec  3 19:11:37 2002
Using file 'mse/som64_alcaim1.mse' as MSE error log
Neural network training finished at Tue Dec  3 19:22:15 2002
Training stage lasted 638 seconds
Final training MSE error is 3.328344
Destroying training set... OK
Destroying file table... OK
Using file '../data/speech_db/networks/trained/som64/alcaim1/som64.l12.net' to save trained network configuration... OK

Training SOM 64 CLASSES - Gabriela Sarti Ferreira
Using file '../data/speech_db/mfccs/p101-106-mfccs.l13.ctl' as training files table... OK
Training set has 1570 elements
Randomizing training set... OK
SOM training started at Tue Dec  3 19:22:16 2002
Using file 'mse/som64_alcaim1.mse' as MSE error log
Neural network training finished at Tue Dec  3 19:31:46 2002
Training stage lasted 570 seconds
Final training MSE error is 3.323647
Destroying training set... OK
Destroying file table... OK
Using file '../data/speech_db/networks/trained/som64/alcaim1/som64.l13.net' to save trained network configuration... OK

Training SOM 64 CLASSES - Fernanda Henriques
Using file '../data/speech_db/mfccs/p101-106-mfccs.l14.ctl' as training files table... OK
Training set has 1480 elements
Randomizing training set... OK
SOM training started at Tue Dec  3 19:31:47 2002
Using file 'mse/som64_alcaim1.mse' as MSE error log
Neural network training finished at Tue Dec  3 19:40:09 2002
Training stage lasted 502 seconds
Final training MSE error is 3.303251
Destroying training set... OK
Destroying file table... OK
Using file '../data/speech_db/networks/trained/som64/alcaim1/som64.l14.net' to save trained network configuration... OK
Test set correct rate is 0.00%
